torch.Size([10, 9])
Experiment dir : IN-train-model-SSTN-arch-AEAE-20230219-172004-lr0.002
02/19 05:20:14 PM [1,     4] loss: 2.7595
02/19 05:20:14 PM [1,     8] loss: 2.4771
02/19 05:20:16 PM Accuracy of the network on the validation set: 8.84256 %
02/19 05:20:16 PM new_pred 0.088426
02/19 05:20:16 PM best_pred 0.000000
02/19 05:20:16 PM [2,     4] loss: 2.2440
02/19 05:20:16 PM [2,     8] loss: 2.2703
02/19 05:20:18 PM Accuracy of the network on the validation set: 6.61395 %
02/19 05:20:18 PM [3,     4] loss: 2.1003
02/19 05:20:18 PM [3,     8] loss: 1.9721
02/19 05:20:20 PM Accuracy of the network on the validation set: 13.63870 %
02/19 05:20:20 PM new_pred 0.136387
02/19 05:20:20 PM best_pred 0.088426
02/19 05:20:20 PM [4,     4] loss: 1.9073
02/19 05:20:20 PM [4,     8] loss: 1.7570
02/19 05:20:21 PM Accuracy of the network on the validation set: 28.01684 %
02/19 05:20:21 PM new_pred 0.280168
02/19 05:20:21 PM best_pred 0.136387
02/19 05:20:22 PM [5,     4] loss: 1.6568
02/19 05:20:22 PM [5,     8] loss: 1.5973
02/19 05:20:23 PM Accuracy of the network on the validation set: 44.00739 %
02/19 05:20:23 PM new_pred 0.440074
02/19 05:20:23 PM best_pred 0.280168
02/19 05:20:24 PM [6,     4] loss: 1.5433
02/19 05:20:24 PM [6,     8] loss: 1.4137
02/19 05:20:25 PM Accuracy of the network on the validation set: 65.73893 %
02/19 05:20:25 PM new_pred 0.657389
02/19 05:20:25 PM best_pred 0.440074
02/19 05:20:26 PM [7,     4] loss: 1.3450
02/19 05:20:26 PM [7,     8] loss: 1.3434
02/19 05:20:27 PM Accuracy of the network on the validation set: 66.62216 %
02/19 05:20:27 PM new_pred 0.666222
02/19 05:20:27 PM best_pred 0.657389
02/19 05:20:28 PM [8,     4] loss: 1.2416
02/19 05:20:28 PM [8,     8] loss: 1.2481
02/19 05:20:29 PM Accuracy of the network on the validation set: 64.40382 %
02/19 05:20:30 PM [9,     4] loss: 1.2409
02/19 05:20:30 PM [9,     8] loss: 1.1270
02/19 05:20:31 PM Accuracy of the network on the validation set: 60.99415 %
02/19 05:20:32 PM [10,     4] loss: 1.0756
02/19 05:20:32 PM [10,     8] loss: 1.1230
02/19 05:20:33 PM Accuracy of the network on the validation set: 64.34220 %
02/19 05:20:34 PM [11,     4] loss: 1.0691
02/19 05:20:34 PM [11,     8] loss: 1.0362
02/19 05:20:35 PM Accuracy of the network on the validation set: 66.44757 %
02/19 05:20:36 PM [12,     4] loss: 0.9528
02/19 05:20:36 PM [12,     8] loss: 0.9581
02/19 05:20:37 PM Accuracy of the network on the validation set: 62.07251 %
02/19 05:20:38 PM [13,     4] loss: 0.9590
02/19 05:20:38 PM [13,     8] loss: 0.9402
02/19 05:20:39 PM Accuracy of the network on the validation set: 73.54421 %
02/19 05:20:39 PM new_pred 0.735442
02/19 05:20:39 PM best_pred 0.666222
02/19 05:20:39 PM [14,     4] loss: 0.8844
02/19 05:20:40 PM [14,     8] loss: 0.8671
02/19 05:20:41 PM Accuracy of the network on the validation set: 65.11246 %
02/19 05:20:41 PM [15,     4] loss: 0.8477
02/19 05:20:42 PM [15,     8] loss: 0.8790
02/19 05:20:43 PM Accuracy of the network on the validation set: 75.88580 %
02/19 05:20:43 PM new_pred 0.758858
02/19 05:20:43 PM best_pred 0.735442
02/19 05:20:43 PM [16,     4] loss: 0.7647
02/19 05:20:44 PM [16,     8] loss: 0.7494
02/19 05:20:45 PM Accuracy of the network on the validation set: 78.06306 %
02/19 05:20:45 PM new_pred 0.780631
02/19 05:20:45 PM best_pred 0.758858
02/19 05:20:45 PM [17,     4] loss: 0.7761
02/19 05:20:46 PM [17,     8] loss: 0.7362
02/19 05:20:47 PM Accuracy of the network on the validation set: 78.68953 %
02/19 05:20:47 PM new_pred 0.786895
02/19 05:20:47 PM best_pred 0.780631
02/19 05:20:47 PM [18,     4] loss: 0.7870
02/19 05:20:48 PM [18,     8] loss: 0.6803
02/19 05:20:49 PM Accuracy of the network on the validation set: 70.27832 %
02/19 05:20:49 PM [19,     4] loss: 0.6986
02/19 05:20:50 PM [19,     8] loss: 0.7315
02/19 05:20:51 PM Accuracy of the network on the validation set: 58.07744 %
02/19 05:20:51 PM [20,     4] loss: 0.6959
02/19 05:20:51 PM [20,     8] loss: 0.6304
02/19 05:20:53 PM Accuracy of the network on the validation set: 76.14255 %
02/19 05:20:53 PM [21,     4] loss: 0.5510
02/19 05:20:53 PM [21,     8] loss: 0.6731
02/19 05:20:55 PM Accuracy of the network on the validation set: 78.50467 %
02/19 05:20:55 PM [22,     4] loss: 0.6093
02/19 05:20:55 PM [22,     8] loss: 0.6456
02/19 05:20:57 PM Accuracy of the network on the validation set: 80.68193 %
02/19 05:20:57 PM new_pred 0.806819
02/19 05:20:57 PM best_pred 0.786895
02/19 05:20:57 PM [23,     4] loss: 0.5985
02/19 05:20:57 PM [23,     8] loss: 0.4966
02/19 05:20:59 PM Accuracy of the network on the validation set: 81.38030 %
02/19 05:20:59 PM new_pred 0.813803
02/19 05:20:59 PM best_pred 0.806819
02/19 05:20:59 PM [24,     4] loss: 0.5355
02/19 05:20:59 PM [24,     8] loss: 0.5368
02/19 05:21:01 PM Accuracy of the network on the validation set: 80.69220 %
02/19 05:21:01 PM [25,     4] loss: 0.3984
02/19 05:21:01 PM [25,     8] loss: 0.5174
02/19 05:21:03 PM Accuracy of the network on the validation set: 81.94516 %
02/19 05:21:03 PM new_pred 0.819452
02/19 05:21:03 PM best_pred 0.813803
02/19 05:21:03 PM [26,     4] loss: 0.4247
02/19 05:21:03 PM [26,     8] loss: 0.4597
02/19 05:21:05 PM Accuracy of the network on the validation set: 84.23539 %
02/19 05:21:05 PM new_pred 0.842354
02/19 05:21:05 PM best_pred 0.819452
02/19 05:21:05 PM [27,     4] loss: 0.4323
02/19 05:21:05 PM [27,     8] loss: 0.5477
02/19 05:21:07 PM Accuracy of the network on the validation set: 81.27760 %
02/19 05:21:07 PM [28,     4] loss: 0.5117
02/19 05:21:07 PM [28,     8] loss: 0.4210
02/19 05:21:09 PM Accuracy of the network on the validation set: 77.70360 %
02/19 05:21:09 PM [29,     4] loss: 0.4258
02/19 05:21:09 PM [29,     8] loss: 0.4842
02/19 05:21:11 PM Accuracy of the network on the validation set: 72.56855 %
02/19 05:21:11 PM [30,     4] loss: 0.4107
02/19 05:21:11 PM [30,     8] loss: 0.4191
02/19 05:21:13 PM Accuracy of the network on the validation set: 77.09767 %
02/19 05:21:13 PM [31,     4] loss: 0.3759
02/19 05:21:13 PM [31,     8] loss: 0.4576
02/19 05:21:15 PM Accuracy of the network on the validation set: 83.10568 %
02/19 05:21:15 PM [32,     4] loss: 0.3568
02/19 05:21:15 PM [32,     8] loss: 0.3495
02/19 05:21:17 PM Accuracy of the network on the validation set: 89.78125 %
02/19 05:21:17 PM new_pred 0.897812
02/19 05:21:17 PM best_pred 0.842354
02/19 05:21:17 PM [33,     4] loss: 0.3732
02/19 05:21:17 PM [33,     8] loss: 0.4655
02/19 05:21:19 PM Accuracy of the network on the validation set: 68.42970 %
02/19 05:21:19 PM [34,     4] loss: 0.4536
02/19 05:21:19 PM [34,     8] loss: 0.4720
02/19 05:21:21 PM Accuracy of the network on the validation set: 69.60049 %
02/19 05:21:21 PM [35,     4] loss: 0.4662
02/19 05:21:21 PM [35,     8] loss: 0.3788
02/19 05:21:23 PM Accuracy of the network on the validation set: 77.38523 %
02/19 05:21:23 PM [36,     4] loss: 0.3474
02/19 05:21:23 PM [36,     8] loss: 0.3716
02/19 05:21:25 PM Accuracy of the network on the validation set: 88.28181 %
02/19 05:21:25 PM [37,     4] loss: 0.3668
02/19 05:21:25 PM [37,     8] loss: 0.3208
02/19 05:21:27 PM Accuracy of the network on the validation set: 81.95543 %
02/19 05:21:27 PM [38,     4] loss: 0.3317
02/19 05:21:27 PM [38,     8] loss: 0.2789
02/19 05:21:29 PM Accuracy of the network on the validation set: 84.49214 %
02/19 05:21:29 PM [39,     4] loss: 0.2619
02/19 05:21:29 PM [39,     8] loss: 0.3157
02/19 05:21:31 PM Accuracy of the network on the validation set: 90.24340 %
02/19 05:21:31 PM new_pred 0.902434
02/19 05:21:31 PM best_pred 0.897812
02/19 05:21:31 PM [40,     4] loss: 0.2840
02/19 05:21:31 PM [40,     8] loss: 0.3187
02/19 05:21:33 PM Accuracy of the network on the validation set: 73.50313 %
02/19 05:21:33 PM [41,     4] loss: 0.3201
02/19 05:21:33 PM [41,     8] loss: 0.3073
02/19 05:21:35 PM Accuracy of the network on the validation set: 87.06994 %
02/19 05:21:35 PM [42,     4] loss: 0.3036
02/19 05:21:35 PM [42,     8] loss: 0.3262
02/19 05:21:37 PM Accuracy of the network on the validation set: 77.22091 %
02/19 05:21:37 PM [43,     4] loss: 0.2902
02/19 05:21:37 PM [43,     8] loss: 0.2641
02/19 05:21:39 PM Accuracy of the network on the validation set: 87.52182 %
02/19 05:21:39 PM [44,     4] loss: 0.3001
02/19 05:21:39 PM [44,     8] loss: 0.2650
02/19 05:21:41 PM Accuracy of the network on the validation set: 90.88015 %
02/19 05:21:41 PM new_pred 0.908801
02/19 05:21:41 PM best_pred 0.902434
02/19 05:21:41 PM [45,     4] loss: 0.3256
02/19 05:21:41 PM [45,     8] loss: 0.2345
02/19 05:21:43 PM Accuracy of the network on the validation set: 81.10301 %
02/19 05:21:43 PM [46,     4] loss: 0.3937
02/19 05:21:43 PM [46,     8] loss: 0.2583
02/19 05:21:45 PM Accuracy of the network on the validation set: 90.29475 %
02/19 05:21:45 PM [47,     4] loss: 0.2695
02/19 05:21:45 PM [47,     8] loss: 0.2890
02/19 05:21:47 PM Accuracy of the network on the validation set: 66.09839 %
02/19 05:21:47 PM [48,     4] loss: 0.2760
02/19 05:21:47 PM [48,     8] loss: 0.2176
02/19 05:21:49 PM Accuracy of the network on the validation set: 91.56824 %
02/19 05:21:49 PM new_pred 0.915682
02/19 05:21:49 PM best_pred 0.908801
02/19 05:21:49 PM [49,     4] loss: 0.2417
02/19 05:21:49 PM [49,     8] loss: 0.2436
02/19 05:21:51 PM Accuracy of the network on the validation set: 88.65154 %
02/19 05:21:51 PM [50,     4] loss: 0.2071
02/19 05:21:51 PM [50,     8] loss: 0.2931
02/19 05:21:53 PM Accuracy of the network on the validation set: 90.40772 %
02/19 05:21:53 PM [51,     4] loss: 0.2392
02/19 05:21:53 PM [51,     8] loss: 0.2018
02/19 05:21:55 PM Accuracy of the network on the validation set: 80.93869 %
02/19 05:21:55 PM [52,     4] loss: 0.2193
02/19 05:21:55 PM [52,     8] loss: 0.2024
02/19 05:21:57 PM Accuracy of the network on the validation set: 91.35257 %
02/19 05:21:57 PM [53,     4] loss: 0.1597
02/19 05:21:57 PM [53,     8] loss: 0.2334
02/19 05:21:59 PM Accuracy of the network on the validation set: 91.41419 %
02/19 05:21:59 PM [54,     4] loss: 0.2194
02/19 05:21:59 PM [54,     8] loss: 0.1793
02/19 05:22:01 PM Accuracy of the network on the validation set: 86.75157 %
02/19 05:22:01 PM [55,     4] loss: 0.2280
02/19 05:22:01 PM [55,     8] loss: 0.2425
02/19 05:22:03 PM Accuracy of the network on the validation set: 88.98018 %
02/19 05:22:03 PM [56,     4] loss: 0.2115
02/19 05:22:03 PM [56,     8] loss: 0.2119
02/19 05:22:05 PM Accuracy of the network on the validation set: 85.97104 %
02/19 05:22:05 PM [57,     4] loss: 0.1788
02/19 05:22:05 PM [57,     8] loss: 0.2373
02/19 05:22:07 PM Accuracy of the network on the validation set: 81.81165 %
02/19 05:22:07 PM [58,     4] loss: 0.1848
02/19 05:22:07 PM [58,     8] loss: 0.1799
02/19 05:22:09 PM Accuracy of the network on the validation set: 93.27308 %
02/19 05:22:09 PM new_pred 0.932731
02/19 05:22:09 PM best_pred 0.915682
02/19 05:22:09 PM [59,     4] loss: 0.2119
02/19 05:22:09 PM [59,     8] loss: 0.1633
02/19 05:22:11 PM Accuracy of the network on the validation set: 93.57092 %
02/19 05:22:11 PM new_pred 0.935709
02/19 05:22:11 PM best_pred 0.932731
02/19 05:22:11 PM [60,     4] loss: 0.1634
02/19 05:22:11 PM [60,     8] loss: 0.2119
02/19 05:22:13 PM Accuracy of the network on the validation set: 87.85047 %
02/19 05:22:13 PM [61,     4] loss: 0.2029
02/19 05:22:13 PM [61,     8] loss: 0.1759
02/19 05:22:15 PM Accuracy of the network on the validation set: 95.26548 %
02/19 05:22:15 PM new_pred 0.952655
02/19 05:22:15 PM best_pred 0.935709
02/19 05:22:15 PM [62,     4] loss: 0.1743
02/19 05:22:15 PM [62,     8] loss: 0.1458
02/19 05:22:17 PM Accuracy of the network on the validation set: 90.02773 %
02/19 05:22:17 PM [63,     4] loss: 0.1924
02/19 05:22:17 PM [63,     8] loss: 0.2267
02/19 05:22:18 PM Accuracy of the network on the validation set: 65.88272 %
02/19 05:22:19 PM [64,     4] loss: 0.1715
02/19 05:22:19 PM [64,     8] loss: 0.1482
02/19 05:22:20 PM Accuracy of the network on the validation set: 92.87255 %
02/19 05:22:21 PM [65,     4] loss: 0.1499
02/19 05:22:21 PM [65,     8] loss: 0.1174
02/19 05:22:22 PM Accuracy of the network on the validation set: 72.83558 %
02/19 05:22:23 PM [66,     4] loss: 0.2078
02/19 05:22:23 PM [66,     8] loss: 0.1890
02/19 05:22:24 PM Accuracy of the network on the validation set: 86.06347 %
02/19 05:22:25 PM [67,     4] loss: 0.1890
02/19 05:22:25 PM [67,     8] loss: 0.1612
02/19 05:22:26 PM Accuracy of the network on the validation set: 77.20037 %
02/19 05:22:27 PM [68,     4] loss: 0.2255
02/19 05:22:27 PM [68,     8] loss: 0.2643
02/19 05:22:28 PM Accuracy of the network on the validation set: 77.69333 %
02/19 05:22:29 PM [69,     4] loss: 0.1683
02/19 05:22:29 PM [69,     8] loss: 0.1609
02/19 05:22:30 PM Accuracy of the network on the validation set: 90.94177 %
02/19 05:22:31 PM [70,     4] loss: 0.1399
02/19 05:22:31 PM [70,     8] loss: 0.1357
02/19 05:22:32 PM Accuracy of the network on the validation set: 93.84821 %
02/19 05:22:33 PM [71,     4] loss: 0.1383
02/19 05:22:33 PM [71,     8] loss: 0.1208
02/19 05:22:34 PM Accuracy of the network on the validation set: 91.13690 %
02/19 05:22:35 PM [72,     4] loss: 0.1690
02/19 05:22:35 PM [72,     8] loss: 0.1277
02/19 05:22:36 PM Accuracy of the network on the validation set: 89.08288 %
02/19 05:22:37 PM [73,     4] loss: 0.1204
02/19 05:22:37 PM [73,     8] loss: 0.1527
02/19 05:22:38 PM Accuracy of the network on the validation set: 88.66181 %
02/19 05:22:39 PM [74,     4] loss: 0.1922
02/19 05:22:39 PM [74,     8] loss: 0.1422
02/19 05:22:40 PM Accuracy of the network on the validation set: 86.57697 %
02/19 05:22:41 PM [75,     4] loss: 0.1656
02/19 05:22:41 PM [75,     8] loss: 0.1368
02/19 05:22:42 PM Accuracy of the network on the validation set: 91.11636 %
02/19 05:22:43 PM [76,     4] loss: 0.1486
02/19 05:22:43 PM [76,     8] loss: 0.1678
02/19 05:22:44 PM Accuracy of the network on the validation set: 90.16124 %
02/19 05:22:45 PM [77,     4] loss: 0.1246
02/19 05:22:45 PM [77,     8] loss: 0.1373
02/19 05:22:46 PM Accuracy of the network on the validation set: 92.53363 %
02/19 05:22:47 PM [78,     4] loss: 0.1171
02/19 05:22:47 PM [78,     8] loss: 0.1390
02/19 05:22:48 PM Accuracy of the network on the validation set: 87.97371 %
02/19 05:22:49 PM [79,     4] loss: 0.1948
02/19 05:22:49 PM [79,     8] loss: 0.1531
02/19 05:22:50 PM Accuracy of the network on the validation set: 93.42713 %
02/19 05:22:51 PM [80,     4] loss: 0.1633
02/19 05:22:51 PM [80,     8] loss: 0.1508
02/19 05:22:52 PM Accuracy of the network on the validation set: 84.88241 %
02/19 05:22:53 PM [81,     4] loss: 0.1162
02/19 05:22:53 PM [81,     8] loss: 0.1374
02/19 05:22:54 PM Accuracy of the network on the validation set: 92.37958 %
02/19 05:22:55 PM [82,     4] loss: 0.0687
02/19 05:22:55 PM [82,     8] loss: 0.1084
02/19 05:22:56 PM Accuracy of the network on the validation set: 88.71316 %
02/19 05:22:57 PM [83,     4] loss: 0.1169
02/19 05:22:57 PM [83,     8] loss: 0.1216
02/19 05:22:58 PM Accuracy of the network on the validation set: 90.33583 %
02/19 05:22:59 PM [84,     4] loss: 0.1052
02/19 05:22:59 PM [84,     8] loss: 0.1024
02/19 05:23:00 PM Accuracy of the network on the validation set: 85.18024 %
02/19 05:23:01 PM [85,     4] loss: 0.2088
02/19 05:23:01 PM [85,     8] loss: 0.2885
02/19 05:23:02 PM Accuracy of the network on the validation set: 74.94095 %
02/19 05:23:03 PM [86,     4] loss: 0.1591
02/19 05:23:03 PM [86,     8] loss: 0.1886
02/19 05:23:04 PM Accuracy of the network on the validation set: 85.37537 %
02/19 05:23:05 PM [87,     4] loss: 0.1153
02/19 05:23:05 PM [87,     8] loss: 0.1556
02/19 05:23:06 PM Accuracy of the network on the validation set: 90.80826 %
02/19 05:23:07 PM [88,     4] loss: 0.1116
02/19 05:23:07 PM [88,     8] loss: 0.1486
02/19 05:23:08 PM Accuracy of the network on the validation set: 84.67701 %
02/19 05:23:09 PM [89,     4] loss: 0.1346
02/19 05:23:09 PM [89,     8] loss: 0.1311
02/19 05:23:10 PM Accuracy of the network on the validation set: 91.17798 %
02/19 05:23:11 PM [90,     4] loss: 0.1147
02/19 05:23:11 PM [90,     8] loss: 0.1266
02/19 05:23:12 PM Accuracy of the network on the validation set: 90.50015 %
02/19 05:23:13 PM [91,     4] loss: 0.0916
02/19 05:23:13 PM [91,     8] loss: 0.1059
02/19 05:23:14 PM Accuracy of the network on the validation set: 89.95584 %
02/19 05:23:15 PM [92,     4] loss: 0.1047
02/19 05:23:15 PM [92,     8] loss: 0.1309
02/19 05:23:16 PM Accuracy of the network on the validation set: 92.55417 %
02/19 05:23:17 PM [93,     4] loss: 0.1040
02/19 05:23:17 PM [93,     8] loss: 0.0717
02/19 05:23:18 PM Accuracy of the network on the validation set: 91.32176 %
02/19 05:23:19 PM [94,     4] loss: 0.1544
02/19 05:23:19 PM [94,     8] loss: 0.1276
02/19 05:23:20 PM Accuracy of the network on the validation set: 77.93982 %
02/19 05:23:21 PM [95,     4] loss: 0.0886
02/19 05:23:21 PM [95,     8] loss: 0.1522
02/19 05:23:22 PM Accuracy of the network on the validation set: 89.07261 %
02/19 05:23:23 PM [96,     4] loss: 0.1064
02/19 05:23:23 PM [96,     8] loss: 0.0816
02/19 05:23:24 PM Accuracy of the network on the validation set: 91.16771 %
02/19 05:23:25 PM [97,     4] loss: 0.0868
02/19 05:23:25 PM [97,     8] loss: 0.1631
02/19 05:23:26 PM Accuracy of the network on the validation set: 71.29506 %
02/19 05:23:27 PM [98,     4] loss: 0.0710
02/19 05:23:27 PM [98,     8] loss: 0.1407
02/19 05:23:28 PM Accuracy of the network on the validation set: 85.82726 %
02/19 05:23:29 PM [99,     4] loss: 0.0422
02/19 05:23:29 PM [99,     8] loss: 0.1620
02/19 05:23:30 PM Accuracy of the network on the validation set: 93.70443 %
02/19 05:23:31 PM [100,     4] loss: 0.1363
02/19 05:23:31 PM [100,     8] loss: 0.0641
02/19 05:23:32 PM Accuracy of the network on the validation set: 67.82377 %
02/19 05:23:33 PM [101,     4] loss: 0.1509
02/19 05:23:33 PM [101,     8] loss: 0.0948
02/19 05:23:34 PM Accuracy of the network on the validation set: 91.05474 %
02/19 05:23:35 PM [102,     4] loss: 0.1260
02/19 05:23:35 PM [102,     8] loss: 0.2190
02/19 05:23:36 PM Accuracy of the network on the validation set: 84.26620 %
02/19 05:23:37 PM [103,     4] loss: 0.1355
02/19 05:23:37 PM [103,     8] loss: 0.1264
02/19 05:23:38 PM Accuracy of the network on the validation set: 92.37958 %
02/19 05:23:39 PM [104,     4] loss: 0.1028
02/19 05:23:39 PM [104,     8] loss: 0.0816
02/19 05:23:40 PM Accuracy of the network on the validation set: 94.07415 %
02/19 05:23:41 PM [105,     4] loss: 0.0928
02/19 05:23:41 PM [105,     8] loss: 0.1392
02/19 05:23:42 PM Accuracy of the network on the validation set: 89.02126 %
02/19 05:23:43 PM [106,     4] loss: 0.1082
02/19 05:23:43 PM [106,     8] loss: 0.1066
02/19 05:23:44 PM Accuracy of the network on the validation set: 78.94629 %
02/19 05:23:45 PM [107,     4] loss: 0.1367
02/19 05:23:45 PM [107,     8] loss: 0.0535
02/19 05:23:46 PM Accuracy of the network on the validation set: 81.80138 %
02/19 05:23:46 PM [108,     4] loss: 0.0897
02/19 05:23:47 PM [108,     8] loss: 0.1294
02/19 05:23:48 PM Accuracy of the network on the validation set: 82.74623 %
02/19 05:23:48 PM [109,     4] loss: 0.0866
02/19 05:23:48 PM [109,     8] loss: 0.1129
02/19 05:23:50 PM Accuracy of the network on the validation set: 78.69980 %
02/19 05:23:50 PM [110,     4] loss: 0.1307
02/19 05:23:50 PM [110,     8] loss: 0.1575
02/19 05:23:52 PM Accuracy of the network on the validation set: 68.67618 %
02/19 05:23:52 PM [111,     4] loss: 0.1598
02/19 05:23:53 PM [111,     8] loss: 0.1160
02/19 05:23:54 PM Accuracy of the network on the validation set: 90.79799 %
02/19 05:23:54 PM [112,     4] loss: 0.1101
02/19 05:23:55 PM [112,     8] loss: 0.1189
02/19 05:23:56 PM Accuracy of the network on the validation set: 81.70895 %
02/19 05:23:56 PM [113,     4] loss: 0.0917
02/19 05:23:56 PM [113,     8] loss: 0.0945
02/19 05:23:58 PM Accuracy of the network on the validation set: 92.51309 %
02/19 05:23:58 PM [114,     4] loss: 0.0928
02/19 05:23:58 PM [114,     8] loss: 0.1077
02/19 05:24:00 PM Accuracy of the network on the validation set: 81.59597 %
02/19 05:24:00 PM [115,     4] loss: 0.0800
02/19 05:24:00 PM [115,     8] loss: 0.1152
02/19 05:24:02 PM Accuracy of the network on the validation set: 75.19770 %
02/19 05:24:02 PM [116,     4] loss: 0.1815
02/19 05:24:02 PM [116,     8] loss: 0.1961
02/19 05:24:04 PM Accuracy of the network on the validation set: 94.03307 %
02/19 05:24:04 PM [117,     4] loss: 0.0765
02/19 05:24:04 PM [117,     8] loss: 0.1020
02/19 05:24:06 PM Accuracy of the network on the validation set: 91.48608 %
02/19 05:24:06 PM [118,     4] loss: 0.0955
02/19 05:24:06 PM [118,     8] loss: 0.1074
02/19 05:24:08 PM Accuracy of the network on the validation set: 94.58766 %
02/19 05:24:08 PM [119,     4] loss: 0.0912
02/19 05:24:08 PM [119,     8] loss: 0.0817
02/19 05:24:10 PM Accuracy of the network on the validation set: 81.80138 %
02/19 05:24:10 PM [120,     4] loss: 0.0985
02/19 05:24:10 PM [120,     8] loss: 0.0751
02/19 05:24:12 PM Accuracy of the network on the validation set: 90.85961 %
02/19 05:24:12 PM [121,     4] loss: 0.0541
02/19 05:24:12 PM [121,     8] loss: 0.0656
02/19 05:24:14 PM Accuracy of the network on the validation set: 94.76225 %
02/19 05:24:14 PM [122,     4] loss: 0.0673
02/19 05:24:14 PM [122,     8] loss: 0.0719
02/19 05:24:16 PM Accuracy of the network on the validation set: 94.85468 %
02/19 05:24:16 PM [123,     4] loss: 0.0641
02/19 05:24:16 PM [123,     8] loss: 0.0923
02/19 05:24:18 PM Accuracy of the network on the validation set: 88.99045 %
02/19 05:24:18 PM [124,     4] loss: 0.1083
02/19 05:24:18 PM [124,     8] loss: 0.0910
02/19 05:24:20 PM Accuracy of the network on the validation set: 94.89576 %
02/19 05:24:20 PM [125,     4] loss: 0.1075
02/19 05:24:20 PM [125,     8] loss: 0.1104
02/19 05:24:22 PM Accuracy of the network on the validation set: 95.69683 %
02/19 05:24:22 PM new_pred 0.956968
02/19 05:24:22 PM best_pred 0.952655
02/19 05:24:22 PM [126,     4] loss: 0.0955
02/19 05:24:22 PM [126,     8] loss: 0.0679
02/19 05:24:24 PM Accuracy of the network on the validation set: 94.91630 %
02/19 05:24:24 PM [127,     4] loss: 0.1261
02/19 05:24:24 PM [127,     8] loss: 0.1155
02/19 05:24:26 PM Accuracy of the network on the validation set: 86.90562 %
02/19 05:24:26 PM [128,     4] loss: 0.0922
02/19 05:24:26 PM [128,     8] loss: 0.1191
02/19 05:24:28 PM Accuracy of the network on the validation set: 92.04067 %
02/19 05:24:28 PM [129,     4] loss: 0.0633
02/19 05:24:28 PM [129,     8] loss: 0.1067
02/19 05:24:30 PM Accuracy of the network on the validation set: 85.50888 %
02/19 05:24:30 PM [130,     4] loss: 0.0875
02/19 05:24:30 PM [130,     8] loss: 0.1752
02/19 05:24:32 PM Accuracy of the network on the validation set: 86.79265 %
02/19 05:24:32 PM [131,     4] loss: 0.1125
02/19 05:24:32 PM [131,     8] loss: 0.1574
02/19 05:24:34 PM Accuracy of the network on the validation set: 79.76790 %
02/19 05:24:34 PM [132,     4] loss: 0.0878
02/19 05:24:34 PM [132,     8] loss: 0.0756
02/19 05:24:36 PM Accuracy of the network on the validation set: 88.10722 %
02/19 05:24:36 PM [133,     4] loss: 0.0830
02/19 05:24:36 PM [133,     8] loss: 0.1148
02/19 05:24:38 PM Accuracy of the network on the validation set: 86.62832 %
02/19 05:24:38 PM [134,     4] loss: 0.0913
02/19 05:24:38 PM [134,     8] loss: 0.0715
02/19 05:24:40 PM Accuracy of the network on the validation set: 91.41419 %
02/19 05:24:40 PM [135,     4] loss: 0.0634
02/19 05:24:40 PM [135,     8] loss: 0.1701
02/19 05:24:42 PM Accuracy of the network on the validation set: 82.70515 %
02/19 05:24:42 PM [136,     4] loss: 0.1016
02/19 05:24:42 PM [136,     8] loss: 0.1296
02/19 05:24:44 PM Accuracy of the network on the validation set: 91.52716 %
02/19 05:24:44 PM [137,     4] loss: 0.0585
02/19 05:24:44 PM [137,     8] loss: 0.1128
02/19 05:24:46 PM Accuracy of the network on the validation set: 89.95584 %
02/19 05:24:46 PM [138,     4] loss: 0.0448
02/19 05:24:46 PM [138,     8] loss: 0.0915
02/19 05:24:48 PM Accuracy of the network on the validation set: 96.15898 %
02/19 05:24:48 PM new_pred 0.961590
02/19 05:24:48 PM best_pred 0.956968
02/19 05:24:48 PM [139,     4] loss: 0.0418
02/19 05:24:48 PM [139,     8] loss: 0.1244
02/19 05:24:50 PM Accuracy of the network on the validation set: 78.97710 %
02/19 05:24:50 PM [140,     4] loss: 0.0515
02/19 05:24:50 PM [140,     8] loss: 0.0856
02/19 05:24:52 PM Accuracy of the network on the validation set: 89.67855 %
02/19 05:24:52 PM [141,     4] loss: 0.0747
02/19 05:24:52 PM [141,     8] loss: 0.0929
02/19 05:24:54 PM Accuracy of the network on the validation set: 90.13043 %
02/19 05:24:54 PM [142,     4] loss: 0.0833
02/19 05:24:54 PM [142,     8] loss: 0.0502
02/19 05:24:56 PM Accuracy of the network on the validation set: 96.17952 %
02/19 05:24:56 PM new_pred 0.961795
02/19 05:24:56 PM best_pred 0.961590
02/19 05:24:56 PM [143,     4] loss: 0.0407
02/19 05:24:56 PM [143,     8] loss: 0.0387
02/19 05:24:58 PM Accuracy of the network on the validation set: 95.61467 %
02/19 05:24:58 PM [144,     4] loss: 0.0593
02/19 05:24:58 PM [144,     8] loss: 0.0409
02/19 05:25:00 PM Accuracy of the network on the validation set: 90.05854 %
02/19 05:25:00 PM [145,     4] loss: 0.0728
02/19 05:25:00 PM [145,     8] loss: 0.0629
02/19 05:25:02 PM Accuracy of the network on the validation set: 94.76225 %
02/19 05:25:02 PM [146,     4] loss: 0.0726
02/19 05:25:02 PM [146,     8] loss: 0.0332
02/19 05:25:04 PM Accuracy of the network on the validation set: 95.70710 %
02/19 05:25:04 PM [147,     4] loss: 0.0424
02/19 05:25:04 PM [147,     8] loss: 0.0754
02/19 05:25:06 PM Accuracy of the network on the validation set: 95.02927 %
02/19 05:25:06 PM [148,     4] loss: 0.0374
02/19 05:25:06 PM [148,     8] loss: 0.1942
02/19 05:25:08 PM Accuracy of the network on the validation set: 87.70669 %
02/19 05:25:08 PM [149,     4] loss: 0.1004
02/19 05:25:08 PM [149,     8] loss: 0.1001
02/19 05:25:09 PM Accuracy of the network on the validation set: 93.82767 %
02/19 05:25:10 PM [150,     4] loss: 0.1012
02/19 05:25:10 PM [150,     8] loss: 0.0875
02/19 05:25:11 PM Accuracy of the network on the validation set: 95.95358 %
02/19 05:25:12 PM [151,     4] loss: 0.0517
02/19 05:25:12 PM [151,     8] loss: 0.0512
02/19 05:25:13 PM Accuracy of the network on the validation set: 91.22933 %
02/19 05:25:14 PM [152,     4] loss: 0.0597
02/19 05:25:14 PM [152,     8] loss: 0.0588
02/19 05:25:15 PM Accuracy of the network on the validation set: 95.73791 %
02/19 05:25:16 PM [153,     4] loss: 0.0598
02/19 05:25:16 PM [153,     8] loss: 0.0658
02/19 05:25:17 PM Accuracy of the network on the validation set: 89.43206 %
02/19 05:25:18 PM [154,     4] loss: 0.0424
02/19 05:25:18 PM [154,     8] loss: 0.0563
02/19 05:25:19 PM Accuracy of the network on the validation set: 93.99199 %
02/19 05:25:20 PM [155,     4] loss: 0.0772
02/19 05:25:20 PM [155,     8] loss: 0.1201
02/19 05:25:21 PM Accuracy of the network on the validation set: 94.76225 %
02/19 05:25:22 PM [156,     4] loss: 0.0816
02/19 05:25:22 PM [156,     8] loss: 0.0704
02/19 05:25:23 PM Accuracy of the network on the validation set: 87.25480 %
02/19 05:25:24 PM [157,     4] loss: 0.1034
02/19 05:25:24 PM [157,     8] loss: 0.0661
02/19 05:25:25 PM Accuracy of the network on the validation set: 95.62494 %
02/19 05:25:26 PM [158,     4] loss: 0.0540
02/19 05:25:26 PM [158,     8] loss: 0.1106
02/19 05:25:27 PM Accuracy of the network on the validation set: 95.34764 %
02/19 05:25:28 PM [159,     4] loss: 0.0727
02/19 05:25:28 PM [159,     8] loss: 0.1835
02/19 05:25:29 PM Accuracy of the network on the validation set: 84.89268 %
02/19 05:25:30 PM [160,     4] loss: 0.0707
02/19 05:25:30 PM [160,     8] loss: 0.0623
02/19 05:25:31 PM Accuracy of the network on the validation set: 88.58991 %
02/19 05:25:32 PM [161,     4] loss: 0.1228
02/19 05:25:32 PM [161,     8] loss: 0.1245
02/19 05:25:33 PM Accuracy of the network on the validation set: 91.29095 %
02/19 05:25:34 PM [162,     4] loss: 0.1759
02/19 05:25:34 PM [162,     8] loss: 0.0743
02/19 05:25:35 PM Accuracy of the network on the validation set: 90.71583 %
02/19 05:25:36 PM [163,     4] loss: 0.0669
02/19 05:25:36 PM [163,     8] loss: 0.0982
02/19 05:25:37 PM Accuracy of the network on the validation set: 94.63901 %
02/19 05:25:38 PM [164,     4] loss: 0.0873
02/19 05:25:38 PM [164,     8] loss: 0.0560
02/19 05:25:39 PM Accuracy of the network on the validation set: 94.05361 %
02/19 05:25:40 PM [165,     4] loss: 0.0463
02/19 05:25:40 PM [165,     8] loss: 0.0474
02/19 05:25:41 PM Accuracy of the network on the validation set: 94.76225 %
02/19 05:25:42 PM [166,     4] loss: 0.0490
02/19 05:25:42 PM [166,     8] loss: 0.0372
02/19 05:25:43 PM Accuracy of the network on the validation set: 94.39252 %
02/19 05:25:44 PM [167,     4] loss: 0.0297
02/19 05:25:44 PM [167,     8] loss: 0.0384
02/19 05:25:45 PM Accuracy of the network on the validation set: 96.61087 %
02/19 05:25:45 PM new_pred 0.966109
02/19 05:25:45 PM best_pred 0.961795
02/19 05:25:46 PM [168,     4] loss: 0.0360
02/19 05:25:46 PM [168,     8] loss: 0.0386
02/19 05:25:47 PM Accuracy of the network on the validation set: 95.60440 %
02/19 05:25:48 PM [169,     4] loss: 0.0331
02/19 05:25:48 PM [169,     8] loss: 0.0479
02/19 05:25:49 PM Accuracy of the network on the validation set: 96.86762 %
02/19 05:25:49 PM new_pred 0.968676
02/19 05:25:49 PM best_pred 0.966109
02/19 05:25:50 PM [170,     4] loss: 0.0389
02/19 05:25:50 PM [170,     8] loss: 0.0608
02/19 05:25:51 PM Accuracy of the network on the validation set: 92.79039 %
02/19 05:25:52 PM [171,     4] loss: 0.0609
02/19 05:25:52 PM [171,     8] loss: 0.0616
02/19 05:25:53 PM Accuracy of the network on the validation set: 79.91168 %
02/19 05:25:54 PM [172,     4] loss: 0.0596
02/19 05:25:54 PM [172,     8] loss: 0.0365
02/19 05:25:55 PM Accuracy of the network on the validation set: 95.84061 %
02/19 05:25:56 PM [173,     4] loss: 0.0288
02/19 05:25:56 PM [173,     8] loss: 0.0411
02/19 05:25:57 PM Accuracy of the network on the validation set: 96.56979 %
02/19 05:25:58 PM [174,     4] loss: 0.0337
02/19 05:25:58 PM [174,     8] loss: 0.0467
02/19 05:25:59 PM Accuracy of the network on the validation set: 96.99086 %
02/19 05:25:59 PM new_pred 0.969909
02/19 05:25:59 PM best_pred 0.968676
02/19 05:26:00 PM [175,     4] loss: 0.0562
02/19 05:26:00 PM [175,     8] loss: 0.0247
02/19 05:26:01 PM Accuracy of the network on the validation set: 92.60553 %
02/19 05:26:02 PM [176,     4] loss: 0.0518
02/19 05:26:02 PM [176,     8] loss: 0.0287
02/19 05:26:03 PM Accuracy of the network on the validation set: 94.63901 %
02/19 05:26:04 PM [177,     4] loss: 0.0657
02/19 05:26:04 PM [177,     8] loss: 0.0825
02/19 05:26:05 PM Accuracy of the network on the validation set: 86.76184 %
02/19 05:26:06 PM [178,     4] loss: 0.1013
02/19 05:26:06 PM [178,     8] loss: 0.0900
02/19 05:26:07 PM Accuracy of the network on the validation set: 84.66674 %
02/19 05:26:08 PM [179,     4] loss: 0.0722
02/19 05:26:08 PM [179,     8] loss: 0.0634
02/19 05:26:09 PM Accuracy of the network on the validation set: 95.50169 %
02/19 05:26:10 PM [180,     4] loss: 0.0528
02/19 05:26:10 PM [180,     8] loss: 0.0677
02/19 05:26:11 PM Accuracy of the network on the validation set: 77.92955 %
02/19 05:26:12 PM [181,     4] loss: 0.0556
02/19 05:26:12 PM [181,     8] loss: 0.0362
02/19 05:26:13 PM Accuracy of the network on the validation set: 89.41152 %
02/19 05:26:14 PM [182,     4] loss: 0.0889
02/19 05:26:14 PM [182,     8] loss: 0.1599
02/19 05:26:15 PM Accuracy of the network on the validation set: 90.77745 %
02/19 05:26:16 PM [183,     4] loss: 0.0669
02/19 05:26:16 PM [183,     8] loss: 0.0825
02/19 05:26:18 PM Accuracy of the network on the validation set: 64.65030 %
02/19 05:26:18 PM [184,     4] loss: 0.0595
02/19 05:26:18 PM [184,     8] loss: 0.0468
02/19 05:26:20 PM Accuracy of the network on the validation set: 95.30656 %
02/19 05:26:20 PM [185,     4] loss: 0.0505
02/19 05:26:20 PM [185,     8] loss: 0.0493
02/19 05:26:22 PM Accuracy of the network on the validation set: 95.28602 %
02/19 05:26:22 PM [186,     4] loss: 0.0542
02/19 05:26:22 PM [186,     8] loss: 0.0790
02/19 05:26:23 PM Accuracy of the network on the validation set: 91.48608 %
02/19 05:26:24 PM [187,     4] loss: 0.1695
02/19 05:26:24 PM [187,     8] loss: 0.1459
02/19 05:26:25 PM Accuracy of the network on the validation set: 83.03379 %
02/19 05:26:26 PM [188,     4] loss: 0.0929
02/19 05:26:26 PM [188,     8] loss: 0.1312
02/19 05:26:27 PM Accuracy of the network on the validation set: 90.97258 %
02/19 05:26:28 PM [189,     4] loss: 0.0506
02/19 05:26:28 PM [189,     8] loss: 0.0861
02/19 05:26:29 PM Accuracy of the network on the validation set: 87.57317 %
02/19 05:26:30 PM [190,     4] loss: 0.1399
02/19 05:26:30 PM [190,     8] loss: 0.1521
02/19 05:26:31 PM Accuracy of the network on the validation set: 86.20725 %
02/19 05:26:32 PM [191,     4] loss: 0.0505
02/19 05:26:32 PM [191,     8] loss: 0.2052
02/19 05:26:33 PM Accuracy of the network on the validation set: 86.29968 %
02/19 05:26:34 PM [192,     4] loss: 0.1180
02/19 05:26:34 PM [192,     8] loss: 0.0877
02/19 05:26:35 PM Accuracy of the network on the validation set: 62.27791 %
02/19 05:26:36 PM [193,     4] loss: 0.0959
02/19 05:26:36 PM [193,     8] loss: 0.1047
02/19 05:26:37 PM Accuracy of the network on the validation set: 94.07415 %
02/19 05:26:38 PM [194,     4] loss: 0.0940
02/19 05:26:38 PM [194,     8] loss: 0.0734
02/19 05:26:39 PM Accuracy of the network on the validation set: 74.28366 %
02/19 05:26:40 PM [195,     4] loss: 0.0748
02/19 05:26:40 PM [195,     8] loss: 0.0293
02/19 05:26:41 PM Accuracy of the network on the validation set: 93.68389 %
02/19 05:26:42 PM [196,     4] loss: 0.0463
02/19 05:26:42 PM [196,     8] loss: 0.0858
02/19 05:26:43 PM Accuracy of the network on the validation set: 92.91363 %
02/19 05:26:44 PM [197,     4] loss: 0.0490
02/19 05:26:44 PM [197,     8] loss: 0.1005
02/19 05:26:45 PM Accuracy of the network on the validation set: 94.05361 %
02/19 05:26:46 PM [198,     4] loss: 0.0836
02/19 05:26:46 PM [198,     8] loss: 0.0832
02/19 05:26:47 PM Accuracy of the network on the validation set: 94.89576 %
02/19 05:26:48 PM [199,     4] loss: 0.0409
02/19 05:26:48 PM [199,     8] loss: 0.0368
02/19 05:26:49 PM Accuracy of the network on the validation set: 95.79953 %
02/19 05:26:50 PM [200,     4] loss: 0.0409
02/19 05:26:50 PM [200,     8] loss: 0.0367
02/19 05:26:51 PM Accuracy of the network on the validation set: 95.46061 %
02/19 05:26:51 PM Finished Training
02/19 05:26:53 PM OA, AA_Mean, Kappa: 0.969909, 0.948235, 0.965643, 
02/19 05:26:53 PM ('AA for each class: ', array([0.79545455, 0.95578482, 0.96827411, 0.90222222, 0.90196078,
       0.96541787, 1.        , 1.        , 0.89473684, 0.94582882,
       0.99271012, 0.98401421, 1.        , 0.99667221, 0.94822888,
       0.92045455]))
time: 408.4308431148529
