torch.Size([10, 9])
Experiment dir : IN-train-model-SSTN-arch-AEAE-20230219-181906-lr0.002-seed4
02/19 06:19:16 PM [1,     4] loss: 2.7787
02/19 06:19:16 PM [1,     8] loss: 2.4551
02/19 06:19:17 PM Accuracy of the network on the validation set: 13.11492 %
02/19 06:19:17 PM new_pred 0.131149
02/19 06:19:17 PM best_pred 0.000000
02/19 06:19:18 PM [2,     4] loss: 2.2907
02/19 06:19:18 PM [2,     8] loss: 2.1495
02/19 06:19:19 PM Accuracy of the network on the validation set: 35.89401 %
02/19 06:19:19 PM new_pred 0.358940
02/19 06:19:19 PM best_pred 0.131149
02/19 06:19:20 PM [3,     4] loss: 2.0316
02/19 06:19:20 PM [3,     8] loss: 1.9272
02/19 06:19:21 PM Accuracy of the network on the validation set: 45.66088 %
02/19 06:19:21 PM new_pred 0.456609
02/19 06:19:21 PM best_pred 0.358940
02/19 06:19:22 PM [4,     4] loss: 1.8259
02/19 06:19:22 PM [4,     8] loss: 1.8065
02/19 06:19:23 PM Accuracy of the network on the validation set: 50.31324 %
02/19 06:19:23 PM new_pred 0.503132
02/19 06:19:23 PM best_pred 0.456609
02/19 06:19:24 PM [5,     4] loss: 1.6955
02/19 06:19:24 PM [5,     8] loss: 1.6238
02/19 06:19:25 PM Accuracy of the network on the validation set: 52.77806 %
02/19 06:19:25 PM new_pred 0.527781
02/19 06:19:25 PM best_pred 0.503132
02/19 06:19:26 PM [6,     4] loss: 1.4822
02/19 06:19:26 PM [6,     8] loss: 1.6758
02/19 06:19:27 PM Accuracy of the network on the validation set: 57.32772 %
02/19 06:19:27 PM new_pred 0.573277
02/19 06:19:27 PM best_pred 0.527781
02/19 06:19:28 PM [7,     4] loss: 1.4363
02/19 06:19:28 PM [7,     8] loss: 1.3784
02/19 06:19:29 PM Accuracy of the network on the validation set: 60.93253 %
02/19 06:19:29 PM new_pred 0.609325
02/19 06:19:29 PM best_pred 0.573277
02/19 06:19:30 PM [8,     4] loss: 1.2827
02/19 06:19:30 PM [8,     8] loss: 1.4837
02/19 06:19:31 PM Accuracy of the network on the validation set: 60.37794 %
02/19 06:19:32 PM [9,     4] loss: 1.2137
02/19 06:19:32 PM [9,     8] loss: 1.2968
02/19 06:19:34 PM Accuracy of the network on the validation set: 67.86485 %
02/19 06:19:34 PM new_pred 0.678648
02/19 06:19:34 PM best_pred 0.609325
02/19 06:19:34 PM [10,     4] loss: 1.2253
02/19 06:19:34 PM [10,     8] loss: 1.1469
02/19 06:19:36 PM Accuracy of the network on the validation set: 67.24864 %
02/19 06:19:36 PM [11,     4] loss: 1.1253
02/19 06:19:36 PM [11,     8] loss: 1.1289
02/19 06:19:38 PM Accuracy of the network on the validation set: 59.58714 %
02/19 06:19:38 PM [12,     4] loss: 1.0025
02/19 06:19:38 PM [12,     8] loss: 1.1360
02/19 06:19:40 PM Accuracy of the network on the validation set: 67.48485 %
02/19 06:19:40 PM [13,     4] loss: 0.9443
02/19 06:19:40 PM [13,     8] loss: 1.0159
02/19 06:19:42 PM Accuracy of the network on the validation set: 68.11133 %
02/19 06:19:42 PM new_pred 0.681113
02/19 06:19:42 PM best_pred 0.678648
02/19 06:19:42 PM [14,     4] loss: 0.9303
02/19 06:19:42 PM [14,     8] loss: 0.9141
02/19 06:19:44 PM Accuracy of the network on the validation set: 72.91774 %
02/19 06:19:44 PM new_pred 0.729177
02/19 06:19:44 PM best_pred 0.681113
02/19 06:19:44 PM [15,     4] loss: 0.9012
02/19 06:19:44 PM [15,     8] loss: 0.9515
02/19 06:19:46 PM Accuracy of the network on the validation set: 65.61569 %
02/19 06:19:46 PM [16,     4] loss: 0.8287
02/19 06:19:46 PM [16,     8] loss: 0.9192
02/19 06:19:48 PM Accuracy of the network on the validation set: 75.83445 %
02/19 06:19:48 PM new_pred 0.758344
02/19 06:19:48 PM best_pred 0.729177
02/19 06:19:48 PM [17,     4] loss: 0.7944
02/19 06:19:48 PM [17,     8] loss: 0.8707
02/19 06:19:50 PM Accuracy of the network on the validation set: 76.21444 %
02/19 06:19:50 PM new_pred 0.762144
02/19 06:19:50 PM best_pred 0.758344
02/19 06:19:50 PM [18,     4] loss: 0.8122
02/19 06:19:50 PM [18,     8] loss: 0.8226
02/19 06:19:52 PM Accuracy of the network on the validation set: 76.03985 %
02/19 06:19:52 PM [19,     4] loss: 0.8020
02/19 06:19:52 PM [19,     8] loss: 0.6859
02/19 06:19:54 PM Accuracy of the network on the validation set: 66.45784 %
02/19 06:19:54 PM [20,     4] loss: 0.9238
02/19 06:19:54 PM [20,     8] loss: 0.6738
02/19 06:19:56 PM Accuracy of the network on the validation set: 79.88087 %
02/19 06:19:56 PM new_pred 0.798809
02/19 06:19:56 PM best_pred 0.762144
02/19 06:19:56 PM [21,     4] loss: 0.6693
02/19 06:19:56 PM [21,     8] loss: 0.6850
02/19 06:19:58 PM Accuracy of the network on the validation set: 68.95348 %
02/19 06:19:58 PM [22,     4] loss: 0.7056
02/19 06:19:58 PM [22,     8] loss: 0.7723
02/19 06:20:00 PM Accuracy of the network on the validation set: 68.96375 %
02/19 06:20:00 PM [23,     4] loss: 0.7708
02/19 06:20:00 PM [23,     8] loss: 0.6771
02/19 06:20:02 PM Accuracy of the network on the validation set: 56.55746 %
02/19 06:20:02 PM [24,     4] loss: 0.6766
02/19 06:20:02 PM [24,     8] loss: 0.5765
02/19 06:20:04 PM Accuracy of the network on the validation set: 71.68532 %
02/19 06:20:04 PM [25,     4] loss: 0.6689
02/19 06:20:04 PM [25,     8] loss: 0.5245
02/19 06:20:06 PM Accuracy of the network on the validation set: 83.66026 %
02/19 06:20:06 PM new_pred 0.836603
02/19 06:20:06 PM best_pred 0.798809
02/19 06:20:06 PM [26,     4] loss: 0.4969
02/19 06:20:06 PM [26,     8] loss: 0.5967
02/19 06:20:08 PM Accuracy of the network on the validation set: 83.62945 %
02/19 06:20:08 PM [27,     4] loss: 0.4459
02/19 06:20:08 PM [27,     8] loss: 0.5448
02/19 06:20:10 PM Accuracy of the network on the validation set: 75.73174 %
02/19 06:20:10 PM [28,     4] loss: 0.5126
02/19 06:20:10 PM [28,     8] loss: 0.4597
02/19 06:20:12 PM Accuracy of the network on the validation set: 56.24936 %
02/19 06:20:12 PM [29,     4] loss: 0.4194
02/19 06:20:13 PM [29,     8] loss: 0.5663
02/19 06:20:14 PM Accuracy of the network on the validation set: 82.38677 %
02/19 06:20:15 PM [30,     4] loss: 0.4845
02/19 06:20:15 PM [30,     8] loss: 0.4205
02/19 06:20:16 PM Accuracy of the network on the validation set: 81.06193 %
02/19 06:20:17 PM [31,     4] loss: 0.4772
02/19 06:20:17 PM [31,     8] loss: 0.3433
02/19 06:20:18 PM Accuracy of the network on the validation set: 67.57728 %
02/19 06:20:19 PM [32,     4] loss: 0.4376
02/19 06:20:19 PM [32,     8] loss: 0.4750
02/19 06:20:20 PM Accuracy of the network on the validation set: 75.75229 %
02/19 06:20:21 PM [33,     4] loss: 0.4164
02/19 06:20:21 PM [33,     8] loss: 0.5811
02/19 06:20:22 PM Accuracy of the network on the validation set: 87.25480 %
02/19 06:20:22 PM new_pred 0.872548
02/19 06:20:22 PM best_pred 0.836603
02/19 06:20:23 PM [34,     4] loss: 0.5183
02/19 06:20:23 PM [34,     8] loss: 0.3690
02/19 06:20:24 PM Accuracy of the network on the validation set: 80.51761 %
02/19 06:20:25 PM [35,     4] loss: 0.4739
02/19 06:20:25 PM [35,     8] loss: 0.4028
02/19 06:20:26 PM Accuracy of the network on the validation set: 87.61425 %
02/19 06:20:26 PM new_pred 0.876143
02/19 06:20:26 PM best_pred 0.872548
02/19 06:20:27 PM [36,     4] loss: 0.4192
02/19 06:20:27 PM [36,     8] loss: 0.3120
02/19 06:20:28 PM Accuracy of the network on the validation set: 87.30615 %
02/19 06:20:29 PM [37,     4] loss: 0.3701
02/19 06:20:29 PM [37,     8] loss: 0.3471
02/19 06:20:30 PM Accuracy of the network on the validation set: 89.31909 %
02/19 06:20:30 PM new_pred 0.893191
02/19 06:20:30 PM best_pred 0.876143
02/19 06:20:31 PM [38,     4] loss: 0.3447
02/19 06:20:31 PM [38,     8] loss: 0.2678
02/19 06:20:33 PM Accuracy of the network on the validation set: 78.02198 %
02/19 06:20:33 PM [39,     4] loss: 0.3145
02/19 06:20:33 PM [39,     8] loss: 0.3455
02/19 06:20:35 PM Accuracy of the network on the validation set: 81.25706 %
02/19 06:20:35 PM [40,     4] loss: 0.4675
02/19 06:20:35 PM [40,     8] loss: 0.4349
02/19 06:20:37 PM Accuracy of the network on the validation set: 88.79532 %
02/19 06:20:37 PM [41,     4] loss: 0.4019
02/19 06:20:37 PM [41,     8] loss: 0.3804
02/19 06:20:39 PM Accuracy of the network on the validation set: 84.04026 %
02/19 06:20:39 PM [42,     4] loss: 0.3134
02/19 06:20:39 PM [42,     8] loss: 0.3163
02/19 06:20:41 PM Accuracy of the network on the validation set: 89.24720 %
02/19 06:20:41 PM [43,     4] loss: 0.3342
02/19 06:20:41 PM [43,     8] loss: 0.2578
02/19 06:20:43 PM Accuracy of the network on the validation set: 89.52449 %
02/19 06:20:43 PM new_pred 0.895245
02/19 06:20:43 PM best_pred 0.893191
02/19 06:20:43 PM [44,     4] loss: 0.2737
02/19 06:20:43 PM [44,     8] loss: 0.3152
02/19 06:20:45 PM Accuracy of the network on the validation set: 73.18476 %
02/19 06:20:45 PM [45,     4] loss: 0.2888
02/19 06:20:45 PM [45,     8] loss: 0.2350
02/19 06:20:47 PM Accuracy of the network on the validation set: 89.91476 %
02/19 06:20:47 PM new_pred 0.899148
02/19 06:20:47 PM best_pred 0.895245
02/19 06:20:47 PM [46,     4] loss: 0.1901
02/19 06:20:47 PM [46,     8] loss: 0.2607
02/19 06:20:49 PM Accuracy of the network on the validation set: 84.71809 %
02/19 06:20:49 PM [47,     4] loss: 0.2098
02/19 06:20:49 PM [47,     8] loss: 0.2470
02/19 06:20:51 PM Accuracy of the network on the validation set: 91.18825 %
02/19 06:20:51 PM new_pred 0.911883
02/19 06:20:51 PM best_pred 0.899148
02/19 06:20:51 PM [48,     4] loss: 0.2269
02/19 06:20:52 PM [48,     8] loss: 0.2307
02/19 06:20:53 PM Accuracy of the network on the validation set: 85.59104 %
02/19 06:20:53 PM [49,     4] loss: 0.2639
02/19 06:20:54 PM [49,     8] loss: 0.2659
02/19 06:20:55 PM Accuracy of the network on the validation set: 90.63367 %
02/19 06:20:55 PM [50,     4] loss: 0.2467
02/19 06:20:56 PM [50,     8] loss: 0.2769
02/19 06:20:57 PM Accuracy of the network on the validation set: 78.43278 %
02/19 06:20:58 PM [51,     4] loss: 0.2304
02/19 06:20:58 PM [51,     8] loss: 0.2289
02/19 06:20:59 PM Accuracy of the network on the validation set: 84.64619 %
02/19 06:21:00 PM [52,     4] loss: 0.1688
02/19 06:21:00 PM [52,     8] loss: 0.2302
02/19 06:21:01 PM Accuracy of the network on the validation set: 86.38184 %
02/19 06:21:02 PM [53,     4] loss: 0.2070
02/19 06:21:02 PM [53,     8] loss: 0.2372
02/19 06:21:03 PM Accuracy of the network on the validation set: 92.59526 %
02/19 06:21:03 PM new_pred 0.925953
02/19 06:21:03 PM best_pred 0.911883
02/19 06:21:04 PM [54,     4] loss: 0.2508
02/19 06:21:04 PM [54,     8] loss: 0.3180
02/19 06:21:05 PM Accuracy of the network on the validation set: 76.22471 %
02/19 06:21:06 PM [55,     4] loss: 0.2278
02/19 06:21:06 PM [55,     8] loss: 0.1754
02/19 06:21:07 PM Accuracy of the network on the validation set: 77.87820 %
02/19 06:21:08 PM [56,     4] loss: 0.2086
02/19 06:21:08 PM [56,     8] loss: 0.2105
02/19 06:21:09 PM Accuracy of the network on the validation set: 75.48526 %
02/19 06:21:10 PM [57,     4] loss: 0.2207
02/19 06:21:10 PM [57,     8] loss: 0.2229
02/19 06:21:11 PM Accuracy of the network on the validation set: 84.02999 %
02/19 06:21:12 PM [58,     4] loss: 0.3127
02/19 06:21:12 PM [58,     8] loss: 0.2208
02/19 06:21:13 PM Accuracy of the network on the validation set: 76.91281 %
02/19 06:21:14 PM [59,     4] loss: 0.2443
02/19 06:21:14 PM [59,     8] loss: 0.1796
02/19 06:21:15 PM Accuracy of the network on the validation set: 88.58991 %
02/19 06:21:16 PM [60,     4] loss: 0.2808
02/19 06:21:16 PM [60,     8] loss: 0.2405
02/19 06:21:18 PM Accuracy of the network on the validation set: 87.68615 %
02/19 06:21:18 PM [61,     4] loss: 0.1869
02/19 06:21:18 PM [61,     8] loss: 0.2047
02/19 06:21:20 PM Accuracy of the network on the validation set: 89.84287 %
02/19 06:21:20 PM [62,     4] loss: 0.1315
02/19 06:21:20 PM [62,     8] loss: 0.2173
02/19 06:21:22 PM Accuracy of the network on the validation set: 80.62031 %
02/19 06:21:22 PM [63,     4] loss: 0.1870
02/19 06:21:22 PM [63,     8] loss: 0.1668
02/19 06:21:24 PM Accuracy of the network on the validation set: 92.20499 %
02/19 06:21:24 PM [64,     4] loss: 0.1451
02/19 06:21:24 PM [64,     8] loss: 0.1796
02/19 06:21:26 PM Accuracy of the network on the validation set: 94.54657 %
02/19 06:21:26 PM new_pred 0.945466
02/19 06:21:26 PM best_pred 0.925953
02/19 06:21:26 PM [65,     4] loss: 0.1608
02/19 06:21:26 PM [65,     8] loss: 0.1488
02/19 06:21:28 PM Accuracy of the network on the validation set: 92.79039 %
02/19 06:21:28 PM [66,     4] loss: 0.1556
02/19 06:21:28 PM [66,     8] loss: 0.2523
02/19 06:21:30 PM Accuracy of the network on the validation set: 84.10188 %
02/19 06:21:30 PM [67,     4] loss: 0.1538
02/19 06:21:30 PM [67,     8] loss: 0.1444
02/19 06:21:32 PM Accuracy of the network on the validation set: 91.01366 %
02/19 06:21:32 PM [68,     4] loss: 0.1739
02/19 06:21:32 PM [68,     8] loss: 0.1599
02/19 06:21:34 PM Accuracy of the network on the validation set: 86.29968 %
02/19 06:21:34 PM [69,     4] loss: 0.1293
02/19 06:21:34 PM [69,     8] loss: 0.1369
02/19 06:21:36 PM Accuracy of the network on the validation set: 87.15210 %
02/19 06:21:36 PM [70,     4] loss: 0.1403
02/19 06:21:36 PM [70,     8] loss: 0.1511
02/19 06:21:38 PM Accuracy of the network on the validation set: 91.68122 %
02/19 06:21:38 PM [71,     4] loss: 0.1846
02/19 06:21:38 PM [71,     8] loss: 0.1460
02/19 06:21:40 PM Accuracy of the network on the validation set: 80.77437 %
02/19 06:21:40 PM [72,     4] loss: 0.1075
02/19 06:21:40 PM [72,     8] loss: 0.1785
02/19 06:21:42 PM Accuracy of the network on the validation set: 93.58119 %
02/19 06:21:42 PM [73,     4] loss: 0.1025
02/19 06:21:42 PM [73,     8] loss: 0.1110
02/19 06:21:44 PM Accuracy of the network on the validation set: 95.09089 %
02/19 06:21:44 PM new_pred 0.950909
02/19 06:21:44 PM best_pred 0.945466
02/19 06:21:44 PM [74,     4] loss: 0.0961
02/19 06:21:44 PM [74,     8] loss: 0.1434
02/19 06:21:46 PM Accuracy of the network on the validation set: 94.02280 %
02/19 06:21:46 PM [75,     4] loss: 0.0776
02/19 06:21:46 PM [75,     8] loss: 0.1508
02/19 06:21:48 PM Accuracy of the network on the validation set: 95.48115 %
02/19 06:21:48 PM new_pred 0.954812
02/19 06:21:48 PM best_pred 0.950909
02/19 06:21:48 PM [76,     4] loss: 0.1629
02/19 06:21:49 PM [76,     8] loss: 0.1330
02/19 06:21:50 PM Accuracy of the network on the validation set: 95.01900 %
02/19 06:21:51 PM [77,     4] loss: 0.0994
02/19 06:21:51 PM [77,     8] loss: 0.1018
02/19 06:21:52 PM Accuracy of the network on the validation set: 95.91250 %
02/19 06:21:52 PM new_pred 0.959125
02/19 06:21:52 PM best_pred 0.954812
02/19 06:21:53 PM [78,     4] loss: 0.0969
02/19 06:21:53 PM [78,     8] loss: 0.1086
02/19 06:21:54 PM Accuracy of the network on the validation set: 92.69796 %
02/19 06:21:55 PM [79,     4] loss: 0.1111
02/19 06:21:55 PM [79,     8] loss: 0.1550
02/19 06:21:56 PM Accuracy of the network on the validation set: 86.63860 %
02/19 06:21:57 PM [80,     4] loss: 0.2060
02/19 06:21:57 PM [80,     8] loss: 0.1286
02/19 06:21:58 PM Accuracy of the network on the validation set: 66.88919 %
02/19 06:21:59 PM [81,     4] loss: 0.1648
02/19 06:21:59 PM [81,     8] loss: 0.1090
02/19 06:22:00 PM Accuracy of the network on the validation set: 95.49142 %
02/19 06:22:01 PM [82,     4] loss: 0.1339
02/19 06:22:01 PM [82,     8] loss: 0.1038
02/19 06:22:03 PM Accuracy of the network on the validation set: 96.21033 %
02/19 06:22:03 PM new_pred 0.962103
02/19 06:22:03 PM best_pred 0.959125
02/19 06:22:03 PM [83,     4] loss: 0.0778
02/19 06:22:03 PM [83,     8] loss: 0.1150
02/19 06:22:05 PM Accuracy of the network on the validation set: 93.47848 %
02/19 06:22:05 PM [84,     4] loss: 0.1215
02/19 06:22:05 PM [84,     8] loss: 0.1288
02/19 06:22:07 PM Accuracy of the network on the validation set: 90.51042 %
02/19 06:22:07 PM [85,     4] loss: 0.0709
02/19 06:22:07 PM [85,     8] loss: 0.0986
02/19 06:22:09 PM Accuracy of the network on the validation set: 93.63254 %
02/19 06:22:09 PM [86,     4] loss: 0.1323
02/19 06:22:09 PM [86,     8] loss: 0.1082
02/19 06:22:11 PM Accuracy of the network on the validation set: 84.21485 %
02/19 06:22:11 PM [87,     4] loss: 0.0908
02/19 06:22:11 PM [87,     8] loss: 0.1331
02/19 06:22:13 PM Accuracy of the network on the validation set: 83.07487 %
02/19 06:22:13 PM [88,     4] loss: 0.3009
02/19 06:22:13 PM [88,     8] loss: 0.1523
02/19 06:22:15 PM Accuracy of the network on the validation set: 81.18517 %
02/19 06:22:15 PM [89,     4] loss: 0.1702
02/19 06:22:15 PM [89,     8] loss: 0.1279
02/19 06:22:17 PM Accuracy of the network on the validation set: 72.47612 %
02/19 06:22:17 PM [90,     4] loss: 0.0882
02/19 06:22:17 PM [90,     8] loss: 0.1159
02/19 06:22:19 PM Accuracy of the network on the validation set: 94.59793 %
02/19 06:22:19 PM [91,     4] loss: 0.0958
02/19 06:22:19 PM [91,     8] loss: 0.1372
02/19 06:22:21 PM Accuracy of the network on the validation set: 91.31149 %
02/19 06:22:21 PM [92,     4] loss: 0.0729
02/19 06:22:21 PM [92,     8] loss: 0.0991
02/19 06:22:23 PM Accuracy of the network on the validation set: 85.34456 %
02/19 06:22:23 PM [93,     4] loss: 0.1294
02/19 06:22:23 PM [93,     8] loss: 0.1213
02/19 06:22:25 PM Accuracy of the network on the validation set: 91.36284 %
02/19 06:22:25 PM [94,     4] loss: 0.1450
02/19 06:22:26 PM [94,     8] loss: 0.1045
02/19 06:22:27 PM Accuracy of the network on the validation set: 75.09500 %
02/19 06:22:27 PM [95,     4] loss: 0.1202
02/19 06:22:28 PM [95,     8] loss: 0.0973
02/19 06:22:29 PM Accuracy of the network on the validation set: 85.07754 %
02/19 06:22:30 PM [96,     4] loss: 0.0892
02/19 06:22:30 PM [96,     8] loss: 0.0672
02/19 06:22:31 PM Accuracy of the network on the validation set: 89.16504 %
02/19 06:22:32 PM [97,     4] loss: 0.0885
02/19 06:22:32 PM [97,     8] loss: 0.1354
02/19 06:22:33 PM Accuracy of the network on the validation set: 94.33090 %
02/19 06:22:34 PM [98,     4] loss: 0.0787
02/19 06:22:34 PM [98,     8] loss: 0.0568
02/19 06:22:35 PM Accuracy of the network on the validation set: 94.41306 %
02/19 06:22:36 PM [99,     4] loss: 0.0746
02/19 06:22:36 PM [99,     8] loss: 0.1162
02/19 06:22:38 PM Accuracy of the network on the validation set: 86.66941 %
02/19 06:22:38 PM [100,     4] loss: 0.0697
02/19 06:22:38 PM [100,     8] loss: 0.2200
02/19 06:22:40 PM Accuracy of the network on the validation set: 66.20109 %
02/19 06:22:40 PM [101,     4] loss: 0.1070
02/19 06:22:40 PM [101,     8] loss: 0.0964
02/19 06:22:42 PM Accuracy of the network on the validation set: 68.37835 %
02/19 06:22:42 PM [102,     4] loss: 0.0942
02/19 06:22:42 PM [102,     8] loss: 0.0736
02/19 06:22:44 PM Accuracy of the network on the validation set: 92.06121 %
02/19 06:22:44 PM [103,     4] loss: 0.1116
02/19 06:22:44 PM [103,     8] loss: 0.1004
02/19 06:22:46 PM Accuracy of the network on the validation set: 93.48875 %
02/19 06:22:46 PM [104,     4] loss: 0.0758
02/19 06:22:46 PM [104,     8] loss: 0.0939
02/19 06:22:48 PM Accuracy of the network on the validation set: 95.37845 %
02/19 06:22:48 PM [105,     4] loss: 0.0813
02/19 06:22:48 PM [105,     8] loss: 0.0690
02/19 06:22:50 PM Accuracy of the network on the validation set: 95.18332 %
02/19 06:22:50 PM [106,     4] loss: 0.0745
02/19 06:22:50 PM [106,     8] loss: 0.0822
02/19 06:22:52 PM Accuracy of the network on the validation set: 94.26928 %
02/19 06:22:52 PM [107,     4] loss: 0.0622
02/19 06:22:53 PM [107,     8] loss: 0.0871
02/19 06:22:54 PM Accuracy of the network on the validation set: 89.87368 %
02/19 06:22:55 PM [108,     4] loss: 0.0660
02/19 06:22:55 PM [108,     8] loss: 0.1009
02/19 06:22:56 PM Accuracy of the network on the validation set: 94.76225 %
02/19 06:22:57 PM [109,     4] loss: 0.1079
02/19 06:22:57 PM [109,     8] loss: 0.0591
02/19 06:22:58 PM Accuracy of the network on the validation set: 96.40546 %
02/19 06:22:58 PM new_pred 0.964055
02/19 06:22:58 PM best_pred 0.962103
02/19 06:22:59 PM [110,     4] loss: 0.0838
02/19 06:22:59 PM [110,     8] loss: 0.0894
02/19 06:23:00 PM Accuracy of the network on the validation set: 95.47088 %
02/19 06:23:01 PM [111,     4] loss: 0.0745
02/19 06:23:01 PM [111,     8] loss: 0.0697
02/19 06:23:02 PM Accuracy of the network on the validation set: 90.86988 %
02/19 06:23:03 PM [112,     4] loss: 0.0733
02/19 06:23:03 PM [112,     8] loss: 0.0820
02/19 06:23:04 PM Accuracy of the network on the validation set: 95.56332 %
02/19 06:23:05 PM [113,     4] loss: 0.0772
02/19 06:23:05 PM [113,     8] loss: 0.0761
02/19 06:23:06 PM Accuracy of the network on the validation set: 87.03913 %
02/19 06:23:07 PM [114,     4] loss: 0.0470
02/19 06:23:07 PM [114,     8] loss: 0.0670
02/19 06:23:09 PM Accuracy of the network on the validation set: 96.56979 %
02/19 06:23:09 PM new_pred 0.965698
02/19 06:23:09 PM best_pred 0.964055
02/19 06:23:09 PM [115,     4] loss: 0.0825
02/19 06:23:09 PM [115,     8] loss: 0.1019
02/19 06:23:11 PM Accuracy of the network on the validation set: 93.13957 %
02/19 06:23:11 PM [116,     4] loss: 0.0596
02/19 06:23:11 PM [116,     8] loss: 0.1048
02/19 06:23:13 PM Accuracy of the network on the validation set: 94.05361 %
02/19 06:23:13 PM [117,     4] loss: 0.0715
02/19 06:23:13 PM [117,     8] loss: 0.0780
02/19 06:23:15 PM Accuracy of the network on the validation set: 96.46708 %
02/19 06:23:15 PM [118,     4] loss: 0.1059
02/19 06:23:15 PM [118,     8] loss: 0.0861
02/19 06:23:17 PM Accuracy of the network on the validation set: 91.45527 %
02/19 06:23:17 PM [119,     4] loss: 0.0599
02/19 06:23:17 PM [119,     8] loss: 0.1072
02/19 06:23:19 PM Accuracy of the network on the validation set: 94.66982 %
02/19 06:23:19 PM [120,     4] loss: 0.1591
02/19 06:23:19 PM [120,     8] loss: 0.0761
02/19 06:23:21 PM Accuracy of the network on the validation set: 82.65379 %
02/19 06:23:21 PM [121,     4] loss: 0.1783
02/19 06:23:21 PM [121,     8] loss: 0.2644
02/19 06:23:23 PM Accuracy of the network on the validation set: 79.98357 %
02/19 06:23:23 PM [122,     4] loss: 0.1096
02/19 06:23:23 PM [122,     8] loss: 0.1211
02/19 06:23:25 PM Accuracy of the network on the validation set: 89.38071 %
02/19 06:23:25 PM [123,     4] loss: 0.1147
02/19 06:23:26 PM [123,     8] loss: 0.1014
02/19 06:23:27 PM Accuracy of the network on the validation set: 94.56712 %
02/19 06:23:28 PM [124,     4] loss: 0.0830
02/19 06:23:28 PM [124,     8] loss: 0.1386
02/19 06:23:29 PM Accuracy of the network on the validation set: 92.76985 %
02/19 06:23:30 PM [125,     4] loss: 0.1037
02/19 06:23:30 PM [125,     8] loss: 0.1169
02/19 06:23:31 PM Accuracy of the network on the validation set: 91.12663 %
02/19 06:23:32 PM [126,     4] loss: 0.1058
02/19 06:23:32 PM [126,     8] loss: 0.0398
02/19 06:23:33 PM Accuracy of the network on the validation set: 91.29095 %
02/19 06:23:34 PM [127,     4] loss: 0.1560
02/19 06:23:34 PM [127,     8] loss: 0.2187
02/19 06:23:35 PM Accuracy of the network on the validation set: 88.05587 %
02/19 06:23:36 PM [128,     4] loss: 0.1821
02/19 06:23:36 PM [128,     8] loss: 0.1689
02/19 06:23:37 PM Accuracy of the network on the validation set: 91.01366 %
02/19 06:23:38 PM [129,     4] loss: 0.1256
02/19 06:23:38 PM [129,     8] loss: 0.0932
02/19 06:23:39 PM Accuracy of the network on the validation set: 93.89956 %
02/19 06:23:40 PM [130,     4] loss: 0.0923
02/19 06:23:40 PM [130,     8] loss: 0.1050
02/19 06:23:42 PM Accuracy of the network on the validation set: 92.64661 %
02/19 06:23:42 PM [131,     4] loss: 0.1142
02/19 06:23:42 PM [131,     8] loss: 0.1009
02/19 06:23:44 PM Accuracy of the network on the validation set: 90.60286 %
02/19 06:23:44 PM [132,     4] loss: 0.1338
02/19 06:23:44 PM [132,     8] loss: 0.1675
02/19 06:23:46 PM Accuracy of the network on the validation set: 89.83260 %
02/19 06:23:46 PM [133,     4] loss: 0.1021
02/19 06:23:46 PM [133,     8] loss: 0.1166
02/19 06:23:48 PM Accuracy of the network on the validation set: 94.68009 %
02/19 06:23:48 PM [134,     4] loss: 0.0555
02/19 06:23:48 PM [134,     8] loss: 0.1074
02/19 06:23:50 PM Accuracy of the network on the validation set: 94.13577 %
02/19 06:23:50 PM [135,     4] loss: 0.0733
02/19 06:23:50 PM [135,     8] loss: 0.0718
02/19 06:23:52 PM Accuracy of the network on the validation set: 61.29198 %
02/19 06:23:52 PM [136,     4] loss: 0.0774
02/19 06:23:52 PM [136,     8] loss: 0.1093
02/19 06:23:54 PM Accuracy of the network on the validation set: 90.63367 %
02/19 06:23:54 PM [137,     4] loss: 0.0826
02/19 06:23:54 PM [137,     8] loss: 0.0513
02/19 06:23:56 PM Accuracy of the network on the validation set: 96.73411 %
02/19 06:23:56 PM new_pred 0.967341
02/19 06:23:56 PM best_pred 0.965698
02/19 06:23:56 PM [138,     4] loss: 0.0556
02/19 06:23:56 PM [138,     8] loss: 0.0591
02/19 06:23:58 PM Accuracy of the network on the validation set: 95.20386 %
02/19 06:23:58 PM [139,     4] loss: 0.0553
02/19 06:23:58 PM [139,     8] loss: 0.0812
02/19 06:24:00 PM Accuracy of the network on the validation set: 84.44079 %
02/19 06:24:00 PM [140,     4] loss: 0.0511
02/19 06:24:00 PM [140,     8] loss: 0.0842
02/19 06:24:02 PM Accuracy of the network on the validation set: 94.41306 %
02/19 06:24:02 PM [141,     4] loss: 0.0549
02/19 06:24:03 PM [141,     8] loss: 0.0426
02/19 06:24:04 PM Accuracy of the network on the validation set: 94.17685 %
02/19 06:24:05 PM [142,     4] loss: 0.0974
02/19 06:24:05 PM [142,     8] loss: 0.0864
02/19 06:24:06 PM Accuracy of the network on the validation set: 91.61960 %
02/19 06:24:07 PM [143,     4] loss: 0.0571
02/19 06:24:07 PM [143,     8] loss: 0.1196
02/19 06:24:08 PM Accuracy of the network on the validation set: 89.24720 %
02/19 06:24:09 PM [144,     4] loss: 0.0629
02/19 06:24:09 PM [144,     8] loss: 0.0729
02/19 06:24:10 PM Accuracy of the network on the validation set: 91.68122 %
02/19 06:24:11 PM [145,     4] loss: 0.0595
02/19 06:24:11 PM [145,     8] loss: 0.0594
02/19 06:24:12 PM Accuracy of the network on the validation set: 92.65688 %
02/19 06:24:13 PM [146,     4] loss: 0.1133
02/19 06:24:13 PM [146,     8] loss: 0.0632
02/19 06:24:15 PM Accuracy of the network on the validation set: 85.73483 %
02/19 06:24:15 PM [147,     4] loss: 0.0628
02/19 06:24:15 PM [147,     8] loss: 0.0573
02/19 06:24:17 PM Accuracy of the network on the validation set: 95.26548 %
02/19 06:24:17 PM [148,     4] loss: 0.0951
02/19 06:24:17 PM [148,     8] loss: 0.1204
02/19 06:24:19 PM Accuracy of the network on the validation set: 92.06121 %
02/19 06:24:19 PM [149,     4] loss: 0.0601
02/19 06:24:19 PM [149,     8] loss: 0.1028
02/19 06:24:21 PM Accuracy of the network on the validation set: 90.43853 %
02/19 06:24:21 PM [150,     4] loss: 0.0810
02/19 06:24:21 PM [150,     8] loss: 0.1010
02/19 06:24:23 PM Accuracy of the network on the validation set: 67.17675 %
02/19 06:24:23 PM [151,     4] loss: 0.0790
02/19 06:24:23 PM [151,     8] loss: 0.0521
02/19 06:24:25 PM Accuracy of the network on the validation set: 94.19739 %
02/19 06:24:25 PM [152,     4] loss: 0.0703
02/19 06:24:25 PM [152,     8] loss: 0.0792
02/19 06:24:27 PM Accuracy of the network on the validation set: 89.44233 %
02/19 06:24:27 PM [153,     4] loss: 0.0721
02/19 06:24:28 PM [153,     8] loss: 0.0367
02/19 06:24:29 PM Accuracy of the network on the validation set: 93.27308 %
02/19 06:24:30 PM [154,     4] loss: 0.0909
02/19 06:24:30 PM [154,     8] loss: 0.1172
02/19 06:24:31 PM Accuracy of the network on the validation set: 93.17038 %
02/19 06:24:32 PM [155,     4] loss: 0.0446
02/19 06:24:32 PM [155,     8] loss: 0.1079
02/19 06:24:33 PM Accuracy of the network on the validation set: 81.84246 %
02/19 06:24:34 PM [156,     4] loss: 0.0714
02/19 06:24:34 PM [156,     8] loss: 0.0928
02/19 06:24:35 PM Accuracy of the network on the validation set: 81.67813 %
02/19 06:24:36 PM [157,     4] loss: 0.0633
02/19 06:24:36 PM [157,     8] loss: 0.2294
02/19 06:24:37 PM Accuracy of the network on the validation set: 67.14594 %
02/19 06:24:38 PM [158,     4] loss: 0.0819
02/19 06:24:38 PM [158,     8] loss: 0.0776
02/19 06:24:39 PM Accuracy of the network on the validation set: 94.88549 %
02/19 06:24:40 PM [159,     4] loss: 0.0631
02/19 06:24:40 PM [159,     8] loss: 0.0661
02/19 06:24:42 PM Accuracy of the network on the validation set: 90.98285 %
02/19 06:24:42 PM [160,     4] loss: 0.0643
02/19 06:24:42 PM [160,     8] loss: 0.0490
02/19 06:24:44 PM Accuracy of the network on the validation set: 95.64548 %
02/19 06:24:44 PM [161,     4] loss: 0.0446
02/19 06:24:44 PM [161,     8] loss: 0.0522
02/19 06:24:46 PM Accuracy of the network on the validation set: 96.29249 %
02/19 06:24:46 PM [162,     4] loss: 0.0875
02/19 06:24:46 PM [162,     8] loss: 0.0353
02/19 06:24:48 PM Accuracy of the network on the validation set: 90.88015 %
02/19 06:24:48 PM [163,     4] loss: 0.0307
02/19 06:24:48 PM [163,     8] loss: 0.0563
02/19 06:24:50 PM Accuracy of the network on the validation set: 94.76225 %
02/19 06:24:50 PM [164,     4] loss: 0.0336
02/19 06:24:50 PM [164,     8] loss: 0.0250
02/19 06:24:52 PM Accuracy of the network on the validation set: 96.30276 %
02/19 06:24:52 PM [165,     4] loss: 0.0299
02/19 06:24:52 PM [165,     8] loss: 0.0423
02/19 06:24:54 PM Accuracy of the network on the validation set: 94.85468 %
02/19 06:24:54 PM [166,     4] loss: 0.0348
02/19 06:24:54 PM [166,     8] loss: 0.0757
02/19 06:24:56 PM Accuracy of the network on the validation set: 95.36818 %
02/19 06:24:56 PM [167,     4] loss: 0.0620
02/19 06:24:56 PM [167,     8] loss: 0.0331
02/19 06:24:58 PM Accuracy of the network on the validation set: 93.37578 %
02/19 06:24:59 PM [168,     4] loss: 0.0406
02/19 06:24:59 PM [168,     8] loss: 0.0838
02/19 06:25:00 PM Accuracy of the network on the validation set: 94.46441 %
02/19 06:25:01 PM [169,     4] loss: 0.0298
02/19 06:25:01 PM [169,     8] loss: 0.0277
02/19 06:25:02 PM Accuracy of the network on the validation set: 94.66982 %
02/19 06:25:03 PM [170,     4] loss: 0.0377
02/19 06:25:03 PM [170,     8] loss: 0.0315
02/19 06:25:04 PM Accuracy of the network on the validation set: 95.91250 %
02/19 06:25:05 PM [171,     4] loss: 0.0275
02/19 06:25:05 PM [171,     8] loss: 0.1619
02/19 06:25:06 PM Accuracy of the network on the validation set: 87.59371 %
02/19 06:25:07 PM [172,     4] loss: 0.1014
02/19 06:25:07 PM [172,     8] loss: 0.1981
02/19 06:25:08 PM Accuracy of the network on the validation set: 65.84164 %
02/19 06:25:09 PM [173,     4] loss: 0.0529
02/19 06:25:09 PM [173,     8] loss: 0.0852
02/19 06:25:11 PM Accuracy of the network on the validation set: 81.01058 %
02/19 06:25:11 PM [174,     4] loss: 0.0423
02/19 06:25:11 PM [174,     8] loss: 0.1031
02/19 06:25:13 PM Accuracy of the network on the validation set: 95.99466 %
02/19 06:25:13 PM [175,     4] loss: 0.0197
02/19 06:25:13 PM [175,     8] loss: 0.0395
02/19 06:25:15 PM Accuracy of the network on the validation set: 96.09736 %
02/19 06:25:15 PM [176,     4] loss: 0.0310
02/19 06:25:15 PM [176,     8] loss: 0.0214
02/19 06:25:17 PM Accuracy of the network on the validation set: 94.73144 %
02/19 06:25:17 PM [177,     4] loss: 0.0338
02/19 06:25:17 PM [177,     8] loss: 0.0245
02/19 06:25:19 PM Accuracy of the network on the validation set: 93.55037 %
02/19 06:25:19 PM [178,     4] loss: 0.0263
02/19 06:25:19 PM [178,     8] loss: 0.0524
02/19 06:25:21 PM Accuracy of the network on the validation set: 95.03954 %
02/19 06:25:21 PM [179,     4] loss: 0.0295
02/19 06:25:21 PM [179,     8] loss: 0.0390
02/19 06:25:23 PM Accuracy of the network on the validation set: 95.85088 %
02/19 06:25:23 PM [180,     4] loss: 0.0423
02/19 06:25:23 PM [180,     8] loss: 0.0277
02/19 06:25:25 PM Accuracy of the network on the validation set: 93.49902 %
02/19 06:25:25 PM [181,     4] loss: 0.0251
02/19 06:25:26 PM [181,     8] loss: 0.0364
02/19 06:25:27 PM Accuracy of the network on the validation set: 96.54925 %
02/19 06:25:28 PM [182,     4] loss: 0.0300
02/19 06:25:28 PM [182,     8] loss: 0.0468
02/19 06:25:29 PM Accuracy of the network on the validation set: 96.38492 %
02/19 06:25:30 PM [183,     4] loss: 0.0405
02/19 06:25:30 PM [183,     8] loss: 0.0463
02/19 06:25:31 PM Accuracy of the network on the validation set: 85.94023 %
02/19 06:25:32 PM [184,     4] loss: 0.0677
02/19 06:25:32 PM [184,     8] loss: 0.0617
02/19 06:25:33 PM Accuracy of the network on the validation set: 91.00339 %
02/19 06:25:34 PM [185,     4] loss: 0.0549
02/19 06:25:34 PM [185,     8] loss: 0.0571
02/19 06:25:35 PM Accuracy of the network on the validation set: 96.06655 %
02/19 06:25:36 PM [186,     4] loss: 0.0416
02/19 06:25:36 PM [186,     8] loss: 0.0283
02/19 06:25:37 PM Accuracy of the network on the validation set: 94.78279 %
02/19 06:25:38 PM [187,     4] loss: 0.0670
02/19 06:25:38 PM [187,     8] loss: 0.0554
02/19 06:25:39 PM Accuracy of the network on the validation set: 91.80446 %
02/19 06:25:40 PM [188,     4] loss: 0.0302
02/19 06:25:40 PM [188,     8] loss: 0.0375
02/19 06:25:42 PM Accuracy of the network on the validation set: 95.74818 %
02/19 06:25:42 PM [189,     4] loss: 0.0206
02/19 06:25:42 PM [189,     8] loss: 0.0689
02/19 06:25:44 PM Accuracy of the network on the validation set: 96.08709 %
02/19 06:25:44 PM [190,     4] loss: 0.0309
02/19 06:25:44 PM [190,     8] loss: 0.0513
02/19 06:25:46 PM Accuracy of the network on the validation set: 96.74438 %
02/19 06:25:46 PM new_pred 0.967444
02/19 06:25:46 PM best_pred 0.967341
02/19 06:25:46 PM [191,     4] loss: 0.0142
02/19 06:25:46 PM [191,     8] loss: 0.0354
02/19 06:25:48 PM Accuracy of the network on the validation set: 90.04827 %
02/19 06:25:48 PM [192,     4] loss: 0.0737
02/19 06:25:48 PM [192,     8] loss: 0.0442
02/19 06:25:50 PM Accuracy of the network on the validation set: 95.26548 %
02/19 06:25:50 PM [193,     4] loss: 0.1194
02/19 06:25:50 PM [193,     8] loss: 0.1116
02/19 06:25:52 PM Accuracy of the network on the validation set: 80.85653 %
02/19 06:25:52 PM [194,     4] loss: 0.2588
02/19 06:25:52 PM [194,     8] loss: 0.1204
02/19 06:25:54 PM Accuracy of the network on the validation set: 82.85920 %
02/19 06:25:54 PM [195,     4] loss: 0.1077
02/19 06:25:54 PM [195,     8] loss: 0.0927
02/19 06:25:56 PM Accuracy of the network on the validation set: 76.90254 %
02/19 06:25:56 PM [196,     4] loss: 0.1477
02/19 06:25:56 PM [196,     8] loss: 0.1169
02/19 06:25:58 PM Accuracy of the network on the validation set: 81.28787 %
02/19 06:25:58 PM [197,     4] loss: 0.2209
02/19 06:25:58 PM [197,     8] loss: 0.0996
02/19 06:26:00 PM Accuracy of the network on the validation set: 90.52069 %
02/19 06:26:00 PM [198,     4] loss: 0.0742
02/19 06:26:01 PM [198,     8] loss: 0.0964
02/19 06:26:02 PM Accuracy of the network on the validation set: 91.83527 %
02/19 06:26:03 PM [199,     4] loss: 0.1214
02/19 06:26:03 PM [199,     8] loss: 0.1135
02/19 06:26:04 PM Accuracy of the network on the validation set: 94.44387 %
02/19 06:26:05 PM [200,     4] loss: 0.0817
02/19 06:26:05 PM [200,     8] loss: 0.0480
02/19 06:26:06 PM Accuracy of the network on the validation set: 95.21413 %
02/19 06:26:06 PM Finished Training
02/19 06:26:08 PM OA, AA_Mean, Kappa: 0.967444, 0.911624, 0.962884, 
02/19 06:26:08 PM ('AA for each class: ', array([0.13636364, 0.98820929, 0.96319797, 0.96888889, 0.90196078,
       0.99711816, 1.        , 1.        , 0.84210526, 0.97941495,
       0.97813036, 0.95204263, 1.        , 0.95757072, 0.92098093,
       1.        ]))
time: 421.75105929374695
