torch.Size([10, 9])
Experiment dir : IN-train-model-SSTN-arch-AEAE-20230219-175010-lr0.002-seed0
02/19 05:50:20 PM [1,     4] loss: 2.6742
02/19 05:50:20 PM [1,     8] loss: 2.3889
02/19 05:50:22 PM Accuracy of the network on the validation set: 5.78207 %
02/19 05:50:22 PM new_pred 0.057821
02/19 05:50:22 PM best_pred 0.000000
02/19 05:50:22 PM [2,     4] loss: 2.1857
02/19 05:50:22 PM [2,     8] loss: 2.0361
02/19 05:50:24 PM Accuracy of the network on the validation set: 7.80528 %
02/19 05:50:24 PM new_pred 0.078053
02/19 05:50:24 PM best_pred 0.057821
02/19 05:50:24 PM [3,     4] loss: 1.9876
02/19 05:50:24 PM [3,     8] loss: 1.8403
02/19 05:50:26 PM Accuracy of the network on the validation set: 18.88672 %
02/19 05:50:26 PM new_pred 0.188867
02/19 05:50:26 PM best_pred 0.078053
02/19 05:50:26 PM [4,     4] loss: 1.7591
02/19 05:50:26 PM [4,     8] loss: 1.7857
02/19 05:50:28 PM Accuracy of the network on the validation set: 27.88333 %
02/19 05:50:28 PM new_pred 0.278833
02/19 05:50:28 PM best_pred 0.188867
02/19 05:50:28 PM [5,     4] loss: 1.6750
02/19 05:50:29 PM [5,     8] loss: 1.5405
02/19 05:50:30 PM Accuracy of the network on the validation set: 50.17973 %
02/19 05:50:30 PM new_pred 0.501797
02/19 05:50:30 PM best_pred 0.278833
02/19 05:50:31 PM [6,     4] loss: 1.5563
02/19 05:50:31 PM [6,     8] loss: 1.4662
02/19 05:50:32 PM Accuracy of the network on the validation set: 58.35473 %
02/19 05:50:32 PM new_pred 0.583547
02/19 05:50:32 PM best_pred 0.501797
02/19 05:50:33 PM [7,     4] loss: 1.5127
02/19 05:50:33 PM [7,     8] loss: 1.4273
02/19 05:50:34 PM Accuracy of the network on the validation set: 55.64342 %
02/19 05:50:35 PM [8,     4] loss: 1.2776
02/19 05:50:35 PM [8,     8] loss: 1.3119
02/19 05:50:36 PM Accuracy of the network on the validation set: 60.51145 %
02/19 05:50:36 PM new_pred 0.605115
02/19 05:50:36 PM best_pred 0.583547
02/19 05:50:37 PM [9,     4] loss: 1.1909
02/19 05:50:37 PM [9,     8] loss: 1.2304
02/19 05:50:39 PM Accuracy of the network on the validation set: 59.42282 %
02/19 05:50:39 PM [10,     4] loss: 1.1905
02/19 05:50:39 PM [10,     8] loss: 1.0807
02/19 05:50:41 PM Accuracy of the network on the validation set: 69.48752 %
02/19 05:50:41 PM new_pred 0.694875
02/19 05:50:41 PM best_pred 0.605115
02/19 05:50:41 PM [11,     4] loss: 1.1191
02/19 05:50:41 PM [11,     8] loss: 1.0671
02/19 05:50:43 PM Accuracy of the network on the validation set: 69.10753 %
02/19 05:50:43 PM [12,     4] loss: 1.0670
02/19 05:50:44 PM [12,     8] loss: 1.0281
02/19 05:50:45 PM Accuracy of the network on the validation set: 68.39889 %
02/19 05:50:46 PM [13,     4] loss: 0.9308
02/19 05:50:46 PM [13,     8] loss: 0.9952
02/19 05:50:47 PM Accuracy of the network on the validation set: 64.45517 %
02/19 05:50:48 PM [14,     4] loss: 1.0322
02/19 05:50:48 PM [14,     8] loss: 0.9623
02/19 05:50:50 PM Accuracy of the network on the validation set: 66.60162 %
02/19 05:50:50 PM [15,     4] loss: 0.8916
02/19 05:50:50 PM [15,     8] loss: 0.8744
02/19 05:50:52 PM Accuracy of the network on the validation set: 71.39776 %
02/19 05:50:52 PM new_pred 0.713978
02/19 05:50:52 PM best_pred 0.694875
02/19 05:50:52 PM [16,     4] loss: 0.8192
02/19 05:50:52 PM [16,     8] loss: 0.8023
02/19 05:50:54 PM Accuracy of the network on the validation set: 77.09767 %
02/19 05:50:54 PM new_pred 0.770977
02/19 05:50:54 PM best_pred 0.713978
02/19 05:50:54 PM [17,     4] loss: 0.7983
02/19 05:50:55 PM [17,     8] loss: 0.7643
02/19 05:50:56 PM Accuracy of the network on the validation set: 76.11174 %
02/19 05:50:57 PM [18,     4] loss: 0.7151
02/19 05:50:57 PM [18,     8] loss: 0.7236
02/19 05:50:58 PM Accuracy of the network on the validation set: 68.75834 %
02/19 05:50:59 PM [19,     4] loss: 0.7465
02/19 05:50:59 PM [19,     8] loss: 0.6076
02/19 05:51:01 PM Accuracy of the network on the validation set: 75.52634 %
02/19 05:51:01 PM [20,     4] loss: 0.6512
02/19 05:51:01 PM [20,     8] loss: 0.5761
02/19 05:51:03 PM Accuracy of the network on the validation set: 61.74386 %
02/19 05:51:03 PM [21,     4] loss: 0.6004
02/19 05:51:03 PM [21,     8] loss: 0.6348
02/19 05:51:05 PM Accuracy of the network on the validation set: 76.36849 %
02/19 05:51:05 PM [22,     4] loss: 0.6313
02/19 05:51:05 PM [22,     8] loss: 0.5158
02/19 05:51:07 PM Accuracy of the network on the validation set: 77.37496 %
02/19 05:51:07 PM new_pred 0.773750
02/19 05:51:07 PM best_pred 0.770977
02/19 05:51:08 PM [23,     4] loss: 0.6170
02/19 05:51:08 PM [23,     8] loss: 0.6330
02/19 05:51:09 PM Accuracy of the network on the validation set: 78.78197 %
02/19 05:51:09 PM new_pred 0.787820
02/19 05:51:09 PM best_pred 0.773750
02/19 05:51:10 PM [24,     4] loss: 0.5838
02/19 05:51:10 PM [24,     8] loss: 0.6561
02/19 05:51:11 PM Accuracy of the network on the validation set: 71.83938 %
02/19 05:51:12 PM [25,     4] loss: 0.6009
02/19 05:51:12 PM [25,     8] loss: 0.5094
02/19 05:51:14 PM Accuracy of the network on the validation set: 78.72035 %
02/19 05:51:14 PM [26,     4] loss: 0.5684
02/19 05:51:14 PM [26,     8] loss: 0.4682
02/19 05:51:16 PM Accuracy of the network on the validation set: 70.53507 %
02/19 05:51:16 PM [27,     4] loss: 0.4886
02/19 05:51:16 PM [27,     8] loss: 0.4611
02/19 05:51:18 PM Accuracy of the network on the validation set: 73.08206 %
02/19 05:51:18 PM [28,     4] loss: 0.5277
02/19 05:51:19 PM [28,     8] loss: 0.4911
02/19 05:51:20 PM Accuracy of the network on the validation set: 60.09038 %
02/19 05:51:21 PM [29,     4] loss: 0.5377
02/19 05:51:21 PM [29,     8] loss: 0.4291
02/19 05:51:22 PM Accuracy of the network on the validation set: 69.72373 %
02/19 05:51:23 PM [30,     4] loss: 0.4430
02/19 05:51:23 PM [30,     8] loss: 0.4068
02/19 05:51:25 PM Accuracy of the network on the validation set: 86.53589 %
02/19 05:51:25 PM new_pred 0.865359
02/19 05:51:25 PM best_pred 0.787820
02/19 05:51:25 PM [31,     4] loss: 0.4250
02/19 05:51:25 PM [31,     8] loss: 0.4298
02/19 05:51:27 PM Accuracy of the network on the validation set: 81.07220 %
02/19 05:51:27 PM [32,     4] loss: 0.3951
02/19 05:51:27 PM [32,     8] loss: 0.4312
02/19 05:51:29 PM Accuracy of the network on the validation set: 85.52942 %
02/19 05:51:29 PM [33,     4] loss: 0.3588
02/19 05:51:29 PM [33,     8] loss: 0.3961
02/19 05:51:31 PM Accuracy of the network on the validation set: 85.92996 %
02/19 05:51:32 PM [34,     4] loss: 0.3319
02/19 05:51:32 PM [34,     8] loss: 0.3143
02/19 05:51:33 PM Accuracy of the network on the validation set: 90.24340 %
02/19 05:51:33 PM new_pred 0.902434
02/19 05:51:33 PM best_pred 0.865359
02/19 05:51:34 PM [35,     4] loss: 0.3469
02/19 05:51:34 PM [35,     8] loss: 0.3400
02/19 05:51:36 PM Accuracy of the network on the validation set: 87.85047 %
02/19 05:51:36 PM [36,     4] loss: 0.3550
02/19 05:51:36 PM [36,     8] loss: 0.3441
02/19 05:51:38 PM Accuracy of the network on the validation set: 73.88313 %
02/19 05:51:38 PM [37,     4] loss: 0.3350
02/19 05:51:38 PM [37,     8] loss: 0.3208
02/19 05:51:40 PM Accuracy of the network on the validation set: 84.43052 %
02/19 05:51:40 PM [38,     4] loss: 0.2652
02/19 05:51:40 PM [38,     8] loss: 0.3101
02/19 05:51:42 PM Accuracy of the network on the validation set: 85.39591 %
02/19 05:51:43 PM [39,     4] loss: 0.2627
02/19 05:51:43 PM [39,     8] loss: 0.3161
02/19 05:51:44 PM Accuracy of the network on the validation set: 82.46893 %
02/19 05:51:45 PM [40,     4] loss: 0.4327
02/19 05:51:45 PM [40,     8] loss: 0.4179
02/19 05:51:46 PM Accuracy of the network on the validation set: 88.54883 %
02/19 05:51:47 PM [41,     4] loss: 0.3788
02/19 05:51:47 PM [41,     8] loss: 0.2859
02/19 05:51:49 PM Accuracy of the network on the validation set: 87.80939 %
02/19 05:51:49 PM [42,     4] loss: 0.3703
02/19 05:51:49 PM [42,     8] loss: 0.3039
02/19 05:51:51 PM Accuracy of the network on the validation set: 76.11174 %
02/19 05:51:51 PM [43,     4] loss: 0.3317
02/19 05:51:51 PM [43,     8] loss: 0.3053
02/19 05:51:53 PM Accuracy of the network on the validation set: 79.27493 %
02/19 05:51:53 PM [44,     4] loss: 0.2954
02/19 05:51:53 PM [44,     8] loss: 0.2556
02/19 05:51:55 PM Accuracy of the network on the validation set: 78.36089 %
02/19 05:51:56 PM [45,     4] loss: 0.2485
02/19 05:51:56 PM [45,     8] loss: 0.2745
02/19 05:51:57 PM Accuracy of the network on the validation set: 88.14830 %
02/19 05:51:58 PM [46,     4] loss: 0.2699
02/19 05:51:58 PM [46,     8] loss: 0.2244
02/19 05:52:00 PM Accuracy of the network on the validation set: 86.90562 %
02/19 05:52:00 PM [47,     4] loss: 0.2825
02/19 05:52:00 PM [47,     8] loss: 0.2335
02/19 05:52:02 PM Accuracy of the network on the validation set: 80.46626 %
02/19 05:52:02 PM [48,     4] loss: 0.2569
02/19 05:52:02 PM [48,     8] loss: 0.2735
02/19 05:52:04 PM Accuracy of the network on the validation set: 87.52182 %
02/19 05:52:04 PM [49,     4] loss: 0.2774
02/19 05:52:05 PM [49,     8] loss: 0.2119
02/19 05:52:06 PM Accuracy of the network on the validation set: 70.68912 %
02/19 05:52:07 PM [50,     4] loss: 0.3282
02/19 05:52:07 PM [50,     8] loss: 0.2332
02/19 05:52:09 PM Accuracy of the network on the validation set: 78.77170 %
02/19 05:52:09 PM [51,     4] loss: 0.2987
02/19 05:52:09 PM [51,     8] loss: 0.2453
02/19 05:52:11 PM Accuracy of the network on the validation set: 87.29588 %
02/19 05:52:11 PM [52,     4] loss: 0.2924
02/19 05:52:11 PM [52,     8] loss: 0.2154
02/19 05:52:13 PM Accuracy of the network on the validation set: 90.17151 %
02/19 05:52:13 PM [53,     4] loss: 0.2062
02/19 05:52:14 PM [53,     8] loss: 0.2227
02/19 05:52:15 PM Accuracy of the network on the validation set: 93.51956 %
02/19 05:52:15 PM new_pred 0.935196
02/19 05:52:15 PM best_pred 0.902434
02/19 05:52:16 PM [54,     4] loss: 0.2847
02/19 05:52:16 PM [54,     8] loss: 0.3264
02/19 05:52:17 PM Accuracy of the network on the validation set: 85.03646 %
02/19 05:52:18 PM [55,     4] loss: 0.2890
02/19 05:52:18 PM [55,     8] loss: 0.2484
02/19 05:52:20 PM Accuracy of the network on the validation set: 91.46554 %
02/19 05:52:20 PM [56,     4] loss: 0.2208
02/19 05:52:20 PM [56,     8] loss: 0.2480
02/19 05:52:22 PM Accuracy of the network on the validation set: 81.10301 %
02/19 05:52:22 PM [57,     4] loss: 0.2602
02/19 05:52:23 PM [57,     8] loss: 0.2618
02/19 05:52:24 PM Accuracy of the network on the validation set: 71.89073 %
02/19 05:52:25 PM [58,     4] loss: 0.2452
02/19 05:52:25 PM [58,     8] loss: 0.2105
02/19 05:52:26 PM Accuracy of the network on the validation set: 71.60316 %
02/19 05:52:27 PM [59,     4] loss: 0.2465
02/19 05:52:27 PM [59,     8] loss: 0.1992
02/19 05:52:29 PM Accuracy of the network on the validation set: 90.22286 %
02/19 05:52:29 PM [60,     4] loss: 0.2533
02/19 05:52:29 PM [60,     8] loss: 0.3549
02/19 05:52:31 PM Accuracy of the network on the validation set: 85.22132 %
02/19 05:52:31 PM [61,     4] loss: 0.2162
02/19 05:52:32 PM [61,     8] loss: 0.2424
02/19 05:52:33 PM Accuracy of the network on the validation set: 88.61045 %
02/19 05:52:34 PM [62,     4] loss: 0.2549
02/19 05:52:34 PM [62,     8] loss: 0.1904
02/19 05:52:35 PM Accuracy of the network on the validation set: 85.65267 %
02/19 05:52:36 PM [63,     4] loss: 0.1808
02/19 05:52:36 PM [63,     8] loss: 0.1932
02/19 05:52:38 PM Accuracy of the network on the validation set: 90.90069 %
02/19 05:52:38 PM [64,     4] loss: 0.1650
02/19 05:52:38 PM [64,     8] loss: 0.1629
02/19 05:52:40 PM Accuracy of the network on the validation set: 94.53630 %
02/19 05:52:40 PM new_pred 0.945363
02/19 05:52:40 PM best_pred 0.935196
02/19 05:52:40 PM [65,     4] loss: 0.1540
02/19 05:52:40 PM [65,     8] loss: 0.1994
02/19 05:52:42 PM Accuracy of the network on the validation set: 87.42939 %
02/19 05:52:42 PM [66,     4] loss: 0.1807
02/19 05:52:43 PM [66,     8] loss: 0.2729
02/19 05:52:44 PM Accuracy of the network on the validation set: 88.79532 %
02/19 05:52:45 PM [67,     4] loss: 0.2142
02/19 05:52:45 PM [67,     8] loss: 0.2196
02/19 05:52:47 PM Accuracy of the network on the validation set: 87.24453 %
02/19 05:52:47 PM [68,     4] loss: 0.1619
02/19 05:52:47 PM [68,     8] loss: 0.2117
02/19 05:52:49 PM Accuracy of the network on the validation set: 86.26887 %
02/19 05:52:49 PM [69,     4] loss: 0.1880
02/19 05:52:49 PM [69,     8] loss: 0.1959
02/19 05:52:51 PM Accuracy of the network on the validation set: 89.43206 %
02/19 05:52:51 PM [70,     4] loss: 0.1312
02/19 05:52:51 PM [70,     8] loss: 0.1622
02/19 05:52:53 PM Accuracy of the network on the validation set: 90.19205 %
02/19 05:52:54 PM [71,     4] loss: 0.1737
02/19 05:52:54 PM [71,     8] loss: 0.1961
02/19 05:52:55 PM Accuracy of the network on the validation set: 85.06727 %
02/19 05:52:56 PM [72,     4] loss: 0.1620
02/19 05:52:56 PM [72,     8] loss: 0.1413
02/19 05:52:58 PM Accuracy of the network on the validation set: 92.97525 %
02/19 05:52:58 PM [73,     4] loss: 0.1672
02/19 05:52:58 PM [73,     8] loss: 0.1370
02/19 05:53:00 PM Accuracy of the network on the validation set: 93.41686 %
02/19 05:53:00 PM [74,     4] loss: 0.1495
02/19 05:53:00 PM [74,     8] loss: 0.1255
02/19 05:53:02 PM Accuracy of the network on the validation set: 92.66715 %
02/19 05:53:03 PM [75,     4] loss: 0.1192
02/19 05:53:03 PM [75,     8] loss: 0.1104
02/19 05:53:04 PM Accuracy of the network on the validation set: 92.97525 %
02/19 05:53:05 PM [76,     4] loss: 0.0932
02/19 05:53:05 PM [76,     8] loss: 0.1170
02/19 05:53:07 PM Accuracy of the network on the validation set: 92.96498 %
02/19 05:53:07 PM [77,     4] loss: 0.1201
02/19 05:53:07 PM [77,     8] loss: 0.1417
02/19 05:53:09 PM Accuracy of the network on the validation set: 94.82387 %
02/19 05:53:09 PM new_pred 0.948239
02/19 05:53:09 PM best_pred 0.945363
02/19 05:53:09 PM [78,     4] loss: 0.1262
02/19 05:53:09 PM [78,     8] loss: 0.1526
02/19 05:53:11 PM Accuracy of the network on the validation set: 85.38564 %
02/19 05:53:12 PM [79,     4] loss: 0.1218
02/19 05:53:12 PM [79,     8] loss: 0.1224
02/19 05:53:13 PM Accuracy of the network on the validation set: 89.82233 %
02/19 05:53:14 PM [80,     4] loss: 0.1079
02/19 05:53:14 PM [80,     8] loss: 0.1051
02/19 05:53:16 PM Accuracy of the network on the validation set: 93.64281 %
02/19 05:53:16 PM [81,     4] loss: 0.1234
02/19 05:53:16 PM [81,     8] loss: 0.0941
02/19 05:53:18 PM Accuracy of the network on the validation set: 95.20386 %
02/19 05:53:18 PM new_pred 0.952039
02/19 05:53:18 PM best_pred 0.948239
02/19 05:53:18 PM [82,     4] loss: 0.1200
02/19 05:53:18 PM [82,     8] loss: 0.0745
02/19 05:53:20 PM Accuracy of the network on the validation set: 94.71090 %
02/19 05:53:20 PM [83,     4] loss: 0.0951
02/19 05:53:20 PM [83,     8] loss: 0.1452
02/19 05:53:22 PM Accuracy of the network on the validation set: 88.86721 %
02/19 05:53:23 PM [84,     4] loss: 0.1298
02/19 05:53:23 PM [84,     8] loss: 0.1038
02/19 05:53:24 PM Accuracy of the network on the validation set: 86.10455 %
02/19 05:53:25 PM [85,     4] loss: 0.1972
02/19 05:53:25 PM [85,     8] loss: 0.1402
02/19 05:53:27 PM Accuracy of the network on the validation set: 89.76071 %
02/19 05:53:27 PM [86,     4] loss: 0.1180
02/19 05:53:27 PM [86,     8] loss: 0.1465
02/19 05:53:29 PM Accuracy of the network on the validation set: 80.20951 %
02/19 05:53:29 PM [87,     4] loss: 0.1559
02/19 05:53:29 PM [87,     8] loss: 0.1735
02/19 05:53:31 PM Accuracy of the network on the validation set: 79.09007 %
02/19 05:53:31 PM [88,     4] loss: 0.1298
02/19 05:53:32 PM [88,     8] loss: 0.1591
02/19 05:53:33 PM Accuracy of the network on the validation set: 90.63367 %
02/19 05:53:34 PM [89,     4] loss: 0.1534
02/19 05:53:34 PM [89,     8] loss: 0.1258
02/19 05:53:35 PM Accuracy of the network on the validation set: 88.33316 %
02/19 05:53:36 PM [90,     4] loss: 0.1468
02/19 05:53:36 PM [90,     8] loss: 0.1482
02/19 05:53:38 PM Accuracy of the network on the validation set: 91.78392 %
02/19 05:53:38 PM [91,     4] loss: 0.1332
02/19 05:53:38 PM [91,     8] loss: 0.1418
02/19 05:53:40 PM Accuracy of the network on the validation set: 83.93756 %
02/19 05:53:40 PM [92,     4] loss: 0.1218
02/19 05:53:40 PM [92,     8] loss: 0.1225
02/19 05:53:42 PM Accuracy of the network on the validation set: 81.98624 %
02/19 05:53:43 PM [93,     4] loss: 0.1239
02/19 05:53:43 PM [93,     8] loss: 0.1541
02/19 05:53:44 PM Accuracy of the network on the validation set: 93.72497 %
02/19 05:53:45 PM [94,     4] loss: 0.1197
02/19 05:53:45 PM [94,     8] loss: 0.1640
02/19 05:53:46 PM Accuracy of the network on the validation set: 94.26928 %
02/19 05:53:47 PM [95,     4] loss: 0.1254
02/19 05:53:47 PM [95,     8] loss: 0.1502
02/19 05:53:49 PM Accuracy of the network on the validation set: 80.11708 %
02/19 05:53:49 PM [96,     4] loss: 0.1960
02/19 05:53:49 PM [96,     8] loss: 0.1263
02/19 05:53:51 PM Accuracy of the network on the validation set: 68.32700 %
02/19 05:53:51 PM [97,     4] loss: 0.1146
02/19 05:53:51 PM [97,     8] loss: 0.1042
02/19 05:53:53 PM Accuracy of the network on the validation set: 84.36890 %
02/19 05:53:54 PM [98,     4] loss: 0.1149
02/19 05:53:54 PM [98,     8] loss: 0.1057
02/19 05:53:55 PM Accuracy of the network on the validation set: 93.76605 %
02/19 05:53:56 PM [99,     4] loss: 0.1527
02/19 05:53:56 PM [99,     8] loss: 0.1699
02/19 05:53:58 PM Accuracy of the network on the validation set: 92.16391 %
02/19 05:53:58 PM [100,     4] loss: 0.1120
02/19 05:53:58 PM [100,     8] loss: 0.0877
02/19 05:54:00 PM Accuracy of the network on the validation set: 92.65688 %
02/19 05:54:00 PM [101,     4] loss: 0.0801
02/19 05:54:00 PM [101,     8] loss: 0.1020
02/19 05:54:02 PM Accuracy of the network on the validation set: 92.23580 %
02/19 05:54:02 PM [102,     4] loss: 0.0747
02/19 05:54:03 PM [102,     8] loss: 0.0916
02/19 05:54:04 PM Accuracy of the network on the validation set: 94.56712 %
02/19 05:54:05 PM [103,     4] loss: 0.0708
02/19 05:54:05 PM [103,     8] loss: 0.0649
02/19 05:54:06 PM Accuracy of the network on the validation set: 94.55685 %
02/19 05:54:07 PM [104,     4] loss: 0.0739
02/19 05:54:07 PM [104,     8] loss: 0.1074
02/19 05:54:09 PM Accuracy of the network on the validation set: 94.73144 %
02/19 05:54:09 PM [105,     4] loss: 0.0535
02/19 05:54:09 PM [105,     8] loss: 0.0740
02/19 05:54:11 PM Accuracy of the network on the validation set: 89.76071 %
02/19 05:54:11 PM [106,     4] loss: 0.0561
02/19 05:54:12 PM [106,     8] loss: 0.0708
02/19 05:54:13 PM Accuracy of the network on the validation set: 96.51843 %
02/19 05:54:13 PM new_pred 0.965184
02/19 05:54:13 PM best_pred 0.952039
02/19 05:54:14 PM [107,     4] loss: 0.0965
02/19 05:54:14 PM [107,     8] loss: 0.0841
02/19 05:54:15 PM Accuracy of the network on the validation set: 94.33090 %
02/19 05:54:16 PM [108,     4] loss: 0.0747
02/19 05:54:16 PM [108,     8] loss: 0.0783
02/19 05:54:18 PM Accuracy of the network on the validation set: 78.11441 %
02/19 05:54:18 PM [109,     4] loss: 0.1070
02/19 05:54:18 PM [109,     8] loss: 0.1425
02/19 05:54:20 PM Accuracy of the network on the validation set: 88.70289 %
02/19 05:54:20 PM [110,     4] loss: 0.1295
02/19 05:54:20 PM [110,     8] loss: 0.0944
02/19 05:54:22 PM Accuracy of the network on the validation set: 92.19472 %
02/19 05:54:22 PM [111,     4] loss: 0.1553
02/19 05:54:23 PM [111,     8] loss: 0.0774
02/19 05:54:24 PM Accuracy of the network on the validation set: 89.46287 %
02/19 05:54:25 PM [112,     4] loss: 0.0851
02/19 05:54:25 PM [112,     8] loss: 0.0748
02/19 05:54:26 PM Accuracy of the network on the validation set: 93.28335 %
02/19 05:54:27 PM [113,     4] loss: 0.0983
02/19 05:54:27 PM [113,     8] loss: 0.0512
02/19 05:54:29 PM Accuracy of the network on the validation set: 95.58386 %
02/19 05:54:29 PM [114,     4] loss: 0.0435
02/19 05:54:29 PM [114,     8] loss: 0.0550
02/19 05:54:31 PM Accuracy of the network on the validation set: 94.73144 %
02/19 05:54:31 PM [115,     4] loss: 0.0556
02/19 05:54:32 PM [115,     8] loss: 0.0490
02/19 05:54:33 PM Accuracy of the network on the validation set: 95.41953 %
02/19 05:54:34 PM [116,     4] loss: 0.0610
02/19 05:54:34 PM [116,     8] loss: 0.0729
02/19 05:54:35 PM Accuracy of the network on the validation set: 85.33429 %
02/19 05:54:36 PM [117,     4] loss: 0.0533
02/19 05:54:36 PM [117,     8] loss: 0.0810
02/19 05:54:38 PM Accuracy of the network on the validation set: 92.07148 %
02/19 05:54:38 PM [118,     4] loss: 0.1000
02/19 05:54:38 PM [118,     8] loss: 0.0921
02/19 05:54:40 PM Accuracy of the network on the validation set: 86.29968 %
02/19 05:54:40 PM [119,     4] loss: 0.0782
02/19 05:54:40 PM [119,     8] loss: 0.0754
02/19 05:54:42 PM Accuracy of the network on the validation set: 96.36438 %
02/19 05:54:43 PM [120,     4] loss: 0.0890
02/19 05:54:43 PM [120,     8] loss: 0.0625
02/19 05:54:44 PM Accuracy of the network on the validation set: 94.88549 %
02/19 05:54:45 PM [121,     4] loss: 0.0764
02/19 05:54:45 PM [121,     8] loss: 0.0513
02/19 05:54:46 PM Accuracy of the network on the validation set: 95.70710 %
02/19 05:54:47 PM [122,     4] loss: 0.0608
02/19 05:54:47 PM [122,     8] loss: 0.0481
02/19 05:54:48 PM Accuracy of the network on the validation set: 96.21033 %
02/19 05:54:49 PM [123,     4] loss: 0.0440
02/19 05:54:49 PM [123,     8] loss: 0.0864
02/19 05:54:51 PM Accuracy of the network on the validation set: 95.22440 %
02/19 05:54:51 PM [124,     4] loss: 0.2555
02/19 05:54:51 PM [124,     8] loss: 0.1662
02/19 05:54:53 PM Accuracy of the network on the validation set: 65.13300 %
02/19 05:54:53 PM [125,     4] loss: 0.0915
02/19 05:54:54 PM [125,     8] loss: 0.0988
02/19 05:54:55 PM Accuracy of the network on the validation set: 93.51956 %
02/19 05:54:56 PM [126,     4] loss: 0.0886
02/19 05:54:56 PM [126,     8] loss: 0.1645
02/19 05:54:57 PM Accuracy of the network on the validation set: 81.61651 %
02/19 05:54:58 PM [127,     4] loss: 0.1561
02/19 05:54:58 PM [127,     8] loss: 0.0636
02/19 05:55:00 PM Accuracy of the network on the validation set: 92.19472 %
02/19 05:55:00 PM [128,     4] loss: 0.0628
02/19 05:55:00 PM [128,     8] loss: 0.0557
02/19 05:55:02 PM Accuracy of the network on the validation set: 95.59413 %
02/19 05:55:02 PM [129,     4] loss: 0.0542
02/19 05:55:03 PM [129,     8] loss: 0.0369
02/19 05:55:04 PM Accuracy of the network on the validation set: 88.66181 %
02/19 05:55:05 PM [130,     4] loss: 0.0928
02/19 05:55:05 PM [130,     8] loss: 0.0559
02/19 05:55:07 PM Accuracy of the network on the validation set: 89.23693 %
02/19 05:55:07 PM [131,     4] loss: 0.1820
02/19 05:55:07 PM [131,     8] loss: 0.1172
02/19 05:55:09 PM Accuracy of the network on the validation set: 82.73596 %
02/19 05:55:09 PM [132,     4] loss: 0.1117
02/19 05:55:09 PM [132,     8] loss: 0.1887
02/19 05:55:11 PM Accuracy of the network on the validation set: 63.68491 %
02/19 05:55:11 PM [133,     4] loss: 0.1722
02/19 05:55:12 PM [133,     8] loss: 0.1111
02/19 05:55:13 PM Accuracy of the network on the validation set: 91.87635 %
02/19 05:55:14 PM [134,     4] loss: 0.1368
02/19 05:55:14 PM [134,     8] loss: 0.0677
02/19 05:55:15 PM Accuracy of the network on the validation set: 92.25634 %
02/19 05:55:16 PM [135,     4] loss: 0.0637
02/19 05:55:16 PM [135,     8] loss: 0.0787
02/19 05:55:18 PM Accuracy of the network on the validation set: 93.37578 %
02/19 05:55:18 PM [136,     4] loss: 0.0735
02/19 05:55:18 PM [136,     8] loss: 0.0771
02/19 05:55:20 PM Accuracy of the network on the validation set: 93.89956 %
02/19 05:55:20 PM [137,     4] loss: 0.0501
02/19 05:55:20 PM [137,     8] loss: 0.0887
02/19 05:55:22 PM Accuracy of the network on the validation set: 91.10609 %
02/19 05:55:23 PM [138,     4] loss: 0.0836
02/19 05:55:23 PM [138,     8] loss: 0.0827
02/19 05:55:24 PM Accuracy of the network on the validation set: 94.46441 %
02/19 05:55:25 PM [139,     4] loss: 0.1156
02/19 05:55:25 PM [139,     8] loss: 0.0886
02/19 05:55:27 PM Accuracy of the network on the validation set: 90.36664 %
02/19 05:55:27 PM [140,     4] loss: 0.0881
02/19 05:55:27 PM [140,     8] loss: 0.0606
02/19 05:55:29 PM Accuracy of the network on the validation set: 92.66715 %
02/19 05:55:29 PM [141,     4] loss: 0.0639
02/19 05:55:29 PM [141,     8] loss: 0.0615
02/19 05:55:31 PM Accuracy of the network on the validation set: 93.97145 %
02/19 05:55:32 PM [142,     4] loss: 0.0353
02/19 05:55:32 PM [142,     8] loss: 0.0720
02/19 05:55:33 PM Accuracy of the network on the validation set: 95.93304 %
02/19 05:55:34 PM [143,     4] loss: 0.0567
02/19 05:55:34 PM [143,     8] loss: 0.0689
02/19 05:55:36 PM Accuracy of the network on the validation set: 93.44767 %
02/19 05:55:36 PM [144,     4] loss: 0.0575
02/19 05:55:36 PM [144,     8] loss: 0.0289
02/19 05:55:38 PM Accuracy of the network on the validation set: 96.01520 %
02/19 05:55:38 PM [145,     4] loss: 0.0323
02/19 05:55:38 PM [145,     8] loss: 0.0374
02/19 05:55:40 PM Accuracy of the network on the validation set: 96.34384 %
02/19 05:55:41 PM [146,     4] loss: 0.0372
02/19 05:55:41 PM [146,     8] loss: 0.0500
02/19 05:55:42 PM Accuracy of the network on the validation set: 92.50282 %
02/19 05:55:43 PM [147,     4] loss: 0.0490
02/19 05:55:43 PM [147,     8] loss: 0.0539
02/19 05:55:44 PM Accuracy of the network on the validation set: 93.73524 %
02/19 05:55:45 PM [148,     4] loss: 0.0392
02/19 05:55:45 PM [148,     8] loss: 0.0264
02/19 05:55:47 PM Accuracy of the network on the validation set: 94.71090 %
02/19 05:55:47 PM [149,     4] loss: 0.0472
02/19 05:55:47 PM [149,     8] loss: 0.0472
02/19 05:55:49 PM Accuracy of the network on the validation set: 91.78392 %
02/19 05:55:49 PM [150,     4] loss: 0.0666
02/19 05:55:50 PM [150,     8] loss: 0.2070
02/19 05:55:51 PM Accuracy of the network on the validation set: 91.01366 %
02/19 05:55:52 PM [151,     4] loss: 0.0814
02/19 05:55:52 PM [151,     8] loss: 0.1051
02/19 05:55:54 PM Accuracy of the network on the validation set: 92.59526 %
02/19 05:55:54 PM [152,     4] loss: 0.1392
02/19 05:55:54 PM [152,     8] loss: 0.0619
02/19 05:55:56 PM Accuracy of the network on the validation set: 90.67475 %
02/19 05:55:56 PM [153,     4] loss: 0.0421
02/19 05:55:56 PM [153,     8] loss: 0.1086
02/19 05:55:58 PM Accuracy of the network on the validation set: 81.68841 %
02/19 05:55:59 PM [154,     4] loss: 0.0642
02/19 05:55:59 PM [154,     8] loss: 0.0775
02/19 05:56:00 PM Accuracy of the network on the validation set: 81.28787 %
02/19 05:56:01 PM [155,     4] loss: 0.1115
02/19 05:56:01 PM [155,     8] loss: 0.1415
02/19 05:56:03 PM Accuracy of the network on the validation set: 86.80292 %
02/19 05:56:03 PM [156,     4] loss: 0.0750
02/19 05:56:03 PM [156,     8] loss: 0.0729
02/19 05:56:05 PM Accuracy of the network on the validation set: 90.55150 %
02/19 05:56:05 PM [157,     4] loss: 0.0850
02/19 05:56:05 PM [157,     8] loss: 0.0497
02/19 05:56:07 PM Accuracy of the network on the validation set: 93.43740 %
02/19 05:56:07 PM [158,     4] loss: 0.0455
02/19 05:56:07 PM [158,     8] loss: 0.0918
02/19 05:56:09 PM Accuracy of the network on the validation set: 95.20386 %
02/19 05:56:10 PM [159,     4] loss: 0.0482
02/19 05:56:10 PM [159,     8] loss: 0.0603
02/19 05:56:11 PM Accuracy of the network on the validation set: 83.68081 %
02/19 05:56:12 PM [160,     4] loss: 0.0568
02/19 05:56:12 PM [160,     8] loss: 0.0551
02/19 05:56:14 PM Accuracy of the network on the validation set: 95.90223 %
02/19 05:56:14 PM [161,     4] loss: 0.0564
02/19 05:56:14 PM [161,     8] loss: 0.0430
02/19 05:56:16 PM Accuracy of the network on the validation set: 87.92236 %
02/19 05:56:16 PM [162,     4] loss: 0.0326
02/19 05:56:17 PM [162,     8] loss: 0.0466
02/19 05:56:18 PM Accuracy of the network on the validation set: 96.10763 %
02/19 05:56:19 PM [163,     4] loss: 0.0363
02/19 05:56:19 PM [163,     8] loss: 0.0574
02/19 05:56:20 PM Accuracy of the network on the validation set: 92.16391 %
02/19 05:56:21 PM [164,     4] loss: 0.0509
02/19 05:56:21 PM [164,     8] loss: 0.0262
02/19 05:56:23 PM Accuracy of the network on the validation set: 90.22286 %
02/19 05:56:23 PM [165,     4] loss: 0.0329
02/19 05:56:23 PM [165,     8] loss: 0.0263
02/19 05:56:25 PM Accuracy of the network on the validation set: 96.88816 %
02/19 05:56:25 PM new_pred 0.968882
02/19 05:56:25 PM best_pred 0.965184
02/19 05:56:25 PM [166,     4] loss: 0.0572
02/19 05:56:25 PM [166,     8] loss: 0.0488
02/19 05:56:27 PM Accuracy of the network on the validation set: 95.25521 %
02/19 05:56:28 PM [167,     4] loss: 0.0472
02/19 05:56:28 PM [167,     8] loss: 0.0649
02/19 05:56:29 PM Accuracy of the network on the validation set: 94.74171 %
02/19 05:56:30 PM [168,     4] loss: 0.0580
02/19 05:56:30 PM [168,     8] loss: 0.0985
02/19 05:56:32 PM Accuracy of the network on the validation set: 92.98552 %
02/19 05:56:32 PM [169,     4] loss: 0.0591
02/19 05:56:32 PM [169,     8] loss: 0.0939
02/19 05:56:34 PM Accuracy of the network on the validation set: 93.37578 %
02/19 05:56:34 PM [170,     4] loss: 0.0952
02/19 05:56:34 PM [170,     8] loss: 0.0629
02/19 05:56:36 PM Accuracy of the network on the validation set: 87.87101 %
02/19 05:56:37 PM [171,     4] loss: 0.0557
02/19 05:56:37 PM [171,     8] loss: 0.0745
02/19 05:56:38 PM Accuracy of the network on the validation set: 90.95204 %
02/19 05:56:39 PM [172,     4] loss: 0.0321
02/19 05:56:39 PM [172,     8] loss: 0.0893
02/19 05:56:41 PM Accuracy of the network on the validation set: 93.75578 %
02/19 05:56:41 PM [173,     4] loss: 0.0438
02/19 05:56:41 PM [173,     8] loss: 0.0632
02/19 05:56:43 PM Accuracy of the network on the validation set: 78.09387 %
02/19 05:56:43 PM [174,     4] loss: 0.0923
02/19 05:56:43 PM [174,     8] loss: 0.0618
02/19 05:56:45 PM Accuracy of the network on the validation set: 91.74284 %
02/19 05:56:46 PM [175,     4] loss: 0.0885
02/19 05:56:46 PM [175,     8] loss: 0.0840
02/19 05:56:47 PM Accuracy of the network on the validation set: 81.91435 %
02/19 05:56:48 PM [176,     4] loss: 0.0568
02/19 05:56:48 PM [176,     8] loss: 0.0683
02/19 05:56:50 PM Accuracy of the network on the validation set: 88.69262 %
02/19 05:56:50 PM [177,     4] loss: 0.0409
02/19 05:56:50 PM [177,     8] loss: 0.0293
02/19 05:56:52 PM Accuracy of the network on the validation set: 96.50816 %
02/19 05:56:52 PM [178,     4] loss: 0.0312
02/19 05:56:52 PM [178,     8] loss: 0.0505
02/19 05:56:54 PM Accuracy of the network on the validation set: 96.43627 %
02/19 05:56:54 PM [179,     4] loss: 0.1057
02/19 05:56:55 PM [179,     8] loss: 0.0759
02/19 05:56:56 PM Accuracy of the network on the validation set: 83.62945 %
02/19 05:56:57 PM [180,     4] loss: 0.0887
02/19 05:56:57 PM [180,     8] loss: 0.1145
02/19 05:56:58 PM Accuracy of the network on the validation set: 92.85201 %
02/19 05:56:59 PM [181,     4] loss: 0.0668
02/19 05:56:59 PM [181,     8] loss: 0.0613
02/19 05:57:01 PM Accuracy of the network on the validation set: 94.61847 %
02/19 05:57:01 PM [182,     4] loss: 0.0739
02/19 05:57:01 PM [182,     8] loss: 0.0817
02/19 05:57:03 PM Accuracy of the network on the validation set: 92.28715 %
02/19 05:57:03 PM [183,     4] loss: 0.0796
02/19 05:57:04 PM [183,     8] loss: 0.0708
02/19 05:57:05 PM Accuracy of the network on the validation set: 93.24227 %
02/19 05:57:05 PM [184,     4] loss: 0.1354
02/19 05:57:06 PM [184,     8] loss: 0.1225
02/19 05:57:07 PM Accuracy of the network on the validation set: 92.61580 %
02/19 05:57:08 PM [185,     4] loss: 0.1186
02/19 05:57:08 PM [185,     8] loss: 0.0717
02/19 05:57:09 PM Accuracy of the network on the validation set: 90.31529 %
02/19 05:57:10 PM [186,     4] loss: 0.1353
02/19 05:57:10 PM [186,     8] loss: 0.0919
02/19 05:57:11 PM Accuracy of the network on the validation set: 94.73144 %
02/19 05:57:12 PM [187,     4] loss: 0.1073
02/19 05:57:12 PM [187,     8] loss: 0.2109
02/19 05:57:14 PM Accuracy of the network on the validation set: 79.10034 %
02/19 05:57:14 PM [188,     4] loss: 0.0944
02/19 05:57:14 PM [188,     8] loss: 0.1008
02/19 05:57:16 PM Accuracy of the network on the validation set: 85.19051 %
02/19 05:57:16 PM [189,     4] loss: 0.1033
02/19 05:57:16 PM [189,     8] loss: 0.0674
02/19 05:57:18 PM Accuracy of the network on the validation set: 84.93376 %
02/19 05:57:19 PM [190,     4] loss: 0.1760
02/19 05:57:19 PM [190,     8] loss: 0.1420
02/19 05:57:20 PM Accuracy of the network on the validation set: 88.45640 %
02/19 05:57:21 PM [191,     4] loss: 0.1394
02/19 05:57:21 PM [191,     8] loss: 0.0697
02/19 05:57:23 PM Accuracy of the network on the validation set: 92.91363 %
02/19 05:57:23 PM [192,     4] loss: 0.0761
02/19 05:57:23 PM [192,     8] loss: 0.0811
02/19 05:57:25 PM Accuracy of the network on the validation set: 77.45712 %
02/19 05:57:25 PM [193,     4] loss: 0.0619
02/19 05:57:25 PM [193,     8] loss: 0.0865
02/19 05:57:27 PM Accuracy of the network on the validation set: 93.39632 %
02/19 05:57:27 PM [194,     4] loss: 0.0575
02/19 05:57:27 PM [194,     8] loss: 0.1677
02/19 05:57:29 PM Accuracy of the network on the validation set: 88.72343 %
02/19 05:57:29 PM [195,     4] loss: 0.1131
02/19 05:57:30 PM [195,     8] loss: 0.0972
02/19 05:57:31 PM Accuracy of the network on the validation set: 72.41450 %
02/19 05:57:31 PM [196,     4] loss: 0.1009
02/19 05:57:31 PM [196,     8] loss: 0.1181
02/19 05:57:33 PM Accuracy of the network on the validation set: 83.11595 %
02/19 05:57:34 PM [197,     4] loss: 0.0530
02/19 05:57:34 PM [197,     8] loss: 0.0894
02/19 05:57:35 PM Accuracy of the network on the validation set: 95.49142 %
02/19 05:57:36 PM [198,     4] loss: 0.0864
02/19 05:57:36 PM [198,     8] loss: 0.0545
02/19 05:57:37 PM Accuracy of the network on the validation set: 94.82387 %
02/19 05:57:38 PM [199,     4] loss: 0.0405
02/19 05:57:38 PM [199,     8] loss: 0.0676
02/19 05:57:39 PM Accuracy of the network on the validation set: 92.20499 %
02/19 05:57:40 PM [200,     4] loss: 0.0734
02/19 05:57:40 PM [200,     8] loss: 0.1203
02/19 05:57:42 PM Accuracy of the network on the validation set: 87.10075 %
02/19 05:57:42 PM Finished Training
02/19 05:57:43 PM OA, AA_Mean, Kappa: 0.968882, 0.904960, 0.964505, 
02/19 05:57:43 PM ('AA for each class: ', array([0.75      , 0.98305085, 0.95558376, 0.95555556, 0.94771242,
       0.9870317 , 0.74074074, 1.        , 0.36842105, 0.90899242,
       0.98542024, 0.92895204, 0.98461538, 0.99417637, 0.98910082,
       1.        ]))
time: 452.8307480812073
