torch.Size([10, 9])
Experiment dir : IN-train-model-SSTN-arch-AEAE-20230219-184742-lr0.002-seed8
02/19 06:47:52 PM [1,     4] loss: 2.7021
02/19 06:47:52 PM [1,     8] loss: 2.4409
02/19 06:47:54 PM Accuracy of the network on the validation set: 8.71932 %
02/19 06:47:54 PM new_pred 0.087193
02/19 06:47:54 PM best_pred 0.000000
02/19 06:47:54 PM [2,     4] loss: 2.2640
02/19 06:47:54 PM [2,     8] loss: 2.1197
02/19 06:47:56 PM Accuracy of the network on the validation set: 22.48126 %
02/19 06:47:56 PM new_pred 0.224813
02/19 06:47:56 PM best_pred 0.087193
02/19 06:47:56 PM [3,     4] loss: 1.9971
02/19 06:47:56 PM [3,     8] loss: 2.0039
02/19 06:47:58 PM Accuracy of the network on the validation set: 26.98983 %
02/19 06:47:58 PM new_pred 0.269898
02/19 06:47:58 PM best_pred 0.224813
02/19 06:47:58 PM [4,     4] loss: 1.8850
02/19 06:47:58 PM [4,     8] loss: 1.6610
02/19 06:48:00 PM Accuracy of the network on the validation set: 29.12601 %
02/19 06:48:00 PM new_pred 0.291260
02/19 06:48:00 PM best_pred 0.269898
02/19 06:48:00 PM [5,     4] loss: 1.6142
02/19 06:48:01 PM [5,     8] loss: 1.6094
02/19 06:48:02 PM Accuracy of the network on the validation set: 48.04355 %
02/19 06:48:02 PM new_pred 0.480435
02/19 06:48:02 PM best_pred 0.291260
02/19 06:48:03 PM [6,     4] loss: 1.5897
02/19 06:48:03 PM [6,     8] loss: 1.4237
02/19 06:48:04 PM Accuracy of the network on the validation set: 57.65636 %
02/19 06:48:04 PM new_pred 0.576564
02/19 06:48:04 PM best_pred 0.480435
02/19 06:48:05 PM [7,     4] loss: 1.3314
02/19 06:48:05 PM [7,     8] loss: 1.3733
02/19 06:48:07 PM Accuracy of the network on the validation set: 66.85838 %
02/19 06:48:07 PM new_pred 0.668584
02/19 06:48:07 PM best_pred 0.576564
02/19 06:48:07 PM [8,     4] loss: 1.2979
02/19 06:48:07 PM [8,     8] loss: 1.2160
02/19 06:48:09 PM Accuracy of the network on the validation set: 66.00596 %
02/19 06:48:09 PM [9,     4] loss: 1.1928
02/19 06:48:09 PM [9,     8] loss: 1.0751
02/19 06:48:11 PM Accuracy of the network on the validation set: 68.41943 %
02/19 06:48:11 PM new_pred 0.684194
02/19 06:48:11 PM best_pred 0.668584
02/19 06:48:11 PM [10,     4] loss: 1.1080
02/19 06:48:11 PM [10,     8] loss: 1.0497
02/19 06:48:13 PM Accuracy of the network on the validation set: 72.20910 %
02/19 06:48:13 PM new_pred 0.722091
02/19 06:48:13 PM best_pred 0.684194
02/19 06:48:14 PM [11,     4] loss: 0.9538
02/19 06:48:14 PM [11,     8] loss: 1.1186
02/19 06:48:15 PM Accuracy of the network on the validation set: 77.47766 %
02/19 06:48:15 PM new_pred 0.774777
02/19 06:48:15 PM best_pred 0.722091
02/19 06:48:16 PM [12,     4] loss: 0.8740
02/19 06:48:16 PM [12,     8] loss: 0.9537
02/19 06:48:18 PM Accuracy of the network on the validation set: 74.73554 %
02/19 06:48:18 PM [13,     4] loss: 0.9080
02/19 06:48:18 PM [13,     8] loss: 0.8198
02/19 06:48:20 PM Accuracy of the network on the validation set: 79.77817 %
02/19 06:48:20 PM new_pred 0.797782
02/19 06:48:20 PM best_pred 0.774777
02/19 06:48:20 PM [14,     4] loss: 0.7332
02/19 06:48:20 PM [14,     8] loss: 0.9007
02/19 06:48:22 PM Accuracy of the network on the validation set: 79.02845 %
02/19 06:48:22 PM [15,     4] loss: 0.7775
02/19 06:48:22 PM [15,     8] loss: 0.7982
02/19 06:48:24 PM Accuracy of the network on the validation set: 73.44151 %
02/19 06:48:25 PM [16,     4] loss: 0.7643
02/19 06:48:25 PM [16,     8] loss: 0.7830
02/19 06:48:26 PM Accuracy of the network on the validation set: 81.71922 %
02/19 06:48:26 PM new_pred 0.817192
02/19 06:48:26 PM best_pred 0.797782
02/19 06:48:27 PM [17,     4] loss: 0.6945
02/19 06:48:27 PM [17,     8] loss: 0.6926
02/19 06:48:29 PM Accuracy of the network on the validation set: 78.17603 %
02/19 06:48:29 PM [18,     4] loss: 0.6906
02/19 06:48:29 PM [18,     8] loss: 0.6287
02/19 06:48:31 PM Accuracy of the network on the validation set: 79.21331 %
02/19 06:48:31 PM [19,     4] loss: 0.6207
02/19 06:48:31 PM [19,     8] loss: 0.6936
02/19 06:48:33 PM Accuracy of the network on the validation set: 75.71120 %
02/19 06:48:33 PM [20,     4] loss: 0.6431
02/19 06:48:33 PM [20,     8] loss: 0.5606
02/19 06:48:35 PM Accuracy of the network on the validation set: 86.55643 %
02/19 06:48:35 PM new_pred 0.865564
02/19 06:48:35 PM best_pred 0.817192
02/19 06:48:35 PM [21,     4] loss: 0.4809
02/19 06:48:36 PM [21,     8] loss: 0.5667
02/19 06:48:37 PM Accuracy of the network on the validation set: 86.77211 %
02/19 06:48:37 PM new_pred 0.867721
02/19 06:48:37 PM best_pred 0.865564
02/19 06:48:38 PM [22,     4] loss: 0.5316
02/19 06:48:38 PM [22,     8] loss: 0.5549
02/19 06:48:39 PM Accuracy of the network on the validation set: 86.89535 %
02/19 06:48:39 PM new_pred 0.868953
02/19 06:48:39 PM best_pred 0.867721
02/19 06:48:40 PM [23,     4] loss: 0.5173
02/19 06:48:40 PM [23,     8] loss: 0.5468
02/19 06:48:42 PM Accuracy of the network on the validation set: 84.24566 %
02/19 06:48:42 PM [24,     4] loss: 0.4501
02/19 06:48:42 PM [24,     8] loss: 0.4843
02/19 06:48:44 PM Accuracy of the network on the validation set: 83.06460 %
02/19 06:48:44 PM [25,     4] loss: 0.4104
02/19 06:48:44 PM [25,     8] loss: 0.4526
02/19 06:48:46 PM Accuracy of the network on the validation set: 82.26353 %
02/19 06:48:46 PM [26,     4] loss: 0.4866
02/19 06:48:46 PM [26,     8] loss: 0.4569
02/19 06:48:48 PM Accuracy of the network on the validation set: 80.31221 %
02/19 06:48:49 PM [27,     4] loss: 0.4141
02/19 06:48:49 PM [27,     8] loss: 0.4356
02/19 06:48:50 PM Accuracy of the network on the validation set: 87.26507 %
02/19 06:48:50 PM new_pred 0.872651
02/19 06:48:50 PM best_pred 0.868953
02/19 06:48:51 PM [28,     4] loss: 0.3584
02/19 06:48:51 PM [28,     8] loss: 0.4811
02/19 06:48:52 PM Accuracy of the network on the validation set: 74.74581 %
02/19 06:48:53 PM [29,     4] loss: 0.4613
02/19 06:48:53 PM [29,     8] loss: 0.4424
02/19 06:48:55 PM Accuracy of the network on the validation set: 88.18938 %
02/19 06:48:55 PM new_pred 0.881894
02/19 06:48:55 PM best_pred 0.872651
02/19 06:48:55 PM [30,     4] loss: 0.5357
02/19 06:48:55 PM [30,     8] loss: 0.3663
02/19 06:48:57 PM Accuracy of the network on the validation set: 80.50734 %
02/19 06:48:57 PM [31,     4] loss: 0.4038
02/19 06:48:57 PM [31,     8] loss: 0.3380
02/19 06:48:59 PM Accuracy of the network on the validation set: 86.20725 %
02/19 06:48:59 PM [32,     4] loss: 0.3596
02/19 06:49:00 PM [32,     8] loss: 0.3780
02/19 06:49:01 PM Accuracy of the network on the validation set: 86.96724 %
02/19 06:49:02 PM [33,     4] loss: 0.3582
02/19 06:49:02 PM [33,     8] loss: 0.3432
02/19 06:49:03 PM Accuracy of the network on the validation set: 76.93335 %
02/19 06:49:04 PM [34,     4] loss: 0.3337
02/19 06:49:04 PM [34,     8] loss: 0.2692
02/19 06:49:06 PM Accuracy of the network on the validation set: 86.81319 %
02/19 06:49:06 PM [35,     4] loss: 0.3592
02/19 06:49:06 PM [35,     8] loss: 0.3856
02/19 06:49:08 PM Accuracy of the network on the validation set: 84.23539 %
02/19 06:49:08 PM [36,     4] loss: 0.3676
02/19 06:49:08 PM [36,     8] loss: 0.2827
02/19 06:49:10 PM Accuracy of the network on the validation set: 87.80939 %
02/19 06:49:10 PM [37,     4] loss: 0.3638
02/19 06:49:10 PM [37,     8] loss: 0.2507
02/19 06:49:12 PM Accuracy of the network on the validation set: 77.06686 %
02/19 06:49:13 PM [38,     4] loss: 0.4339
02/19 06:49:13 PM [38,     8] loss: 0.3223
02/19 06:49:14 PM Accuracy of the network on the validation set: 80.65112 %
02/19 06:49:15 PM [39,     4] loss: 0.2478
02/19 06:49:15 PM [39,     8] loss: 0.2956
02/19 06:49:16 PM Accuracy of the network on the validation set: 87.85047 %
02/19 06:49:17 PM [40,     4] loss: 0.3035
02/19 06:49:17 PM [40,     8] loss: 0.3544
02/19 06:49:19 PM Accuracy of the network on the validation set: 81.26733 %
02/19 06:49:19 PM [41,     4] loss: 0.2597
02/19 06:49:19 PM [41,     8] loss: 0.3426
02/19 06:49:21 PM Accuracy of the network on the validation set: 86.75157 %
02/19 06:49:21 PM [42,     4] loss: 0.1855
02/19 06:49:21 PM [42,     8] loss: 0.3074
02/19 06:49:23 PM Accuracy of the network on the validation set: 88.00452 %
02/19 06:49:23 PM [43,     4] loss: 0.2181
02/19 06:49:23 PM [43,     8] loss: 0.2089
02/19 06:49:25 PM Accuracy of the network on the validation set: 90.40772 %
02/19 06:49:25 PM new_pred 0.904077
02/19 06:49:25 PM best_pred 0.881894
02/19 06:49:26 PM [44,     4] loss: 0.2188
02/19 06:49:26 PM [44,     8] loss: 0.2872
02/19 06:49:27 PM Accuracy of the network on the validation set: 88.16884 %
02/19 06:49:28 PM [45,     4] loss: 0.2359
02/19 06:49:28 PM [45,     8] loss: 0.2602
02/19 06:49:29 PM Accuracy of the network on the validation set: 92.50282 %
02/19 06:49:29 PM new_pred 0.925028
02/19 06:49:29 PM best_pred 0.904077
02/19 06:49:30 PM [46,     4] loss: 0.2392
02/19 06:49:30 PM [46,     8] loss: 0.2567
02/19 06:49:32 PM Accuracy of the network on the validation set: 91.77365 %
02/19 06:49:32 PM [47,     4] loss: 0.2861
02/19 06:49:32 PM [47,     8] loss: 0.2124
02/19 06:49:34 PM Accuracy of the network on the validation set: 89.27801 %
02/19 06:49:34 PM [48,     4] loss: 0.2463
02/19 06:49:34 PM [48,     8] loss: 0.2694
02/19 06:49:36 PM Accuracy of the network on the validation set: 92.33850 %
02/19 06:49:36 PM [49,     4] loss: 0.2688
02/19 06:49:36 PM [49,     8] loss: 0.1346
02/19 06:49:38 PM Accuracy of the network on the validation set: 89.70936 %
02/19 06:49:38 PM [50,     4] loss: 0.2341
02/19 06:49:39 PM [50,     8] loss: 0.1872
02/19 06:49:40 PM Accuracy of the network on the validation set: 91.04447 %
02/19 06:49:41 PM [51,     4] loss: 0.1776
02/19 06:49:41 PM [51,     8] loss: 0.2052
02/19 06:49:42 PM Accuracy of the network on the validation set: 92.84174 %
02/19 06:49:42 PM new_pred 0.928417
02/19 06:49:42 PM best_pred 0.925028
02/19 06:49:43 PM [52,     4] loss: 0.2036
02/19 06:49:43 PM [52,     8] loss: 0.1982
02/19 06:49:44 PM Accuracy of the network on the validation set: 81.73976 %
02/19 06:49:45 PM [53,     4] loss: 0.2346
02/19 06:49:45 PM [53,     8] loss: 0.1806
02/19 06:49:47 PM Accuracy of the network on the validation set: 81.08247 %
02/19 06:49:47 PM [54,     4] loss: 0.1918
02/19 06:49:47 PM [54,     8] loss: 0.1666
02/19 06:49:49 PM Accuracy of the network on the validation set: 92.25634 %
02/19 06:49:49 PM [55,     4] loss: 0.2366
02/19 06:49:49 PM [55,     8] loss: 0.1910
02/19 06:49:51 PM Accuracy of the network on the validation set: 89.71963 %
02/19 06:49:51 PM [56,     4] loss: 0.1903
02/19 06:49:51 PM [56,     8] loss: 0.2766
02/19 06:49:53 PM Accuracy of the network on the validation set: 64.85571 %
02/19 06:49:53 PM [57,     4] loss: 0.2554
02/19 06:49:54 PM [57,     8] loss: 0.2568
02/19 06:49:55 PM Accuracy of the network on the validation set: 83.51648 %
02/19 06:49:56 PM [58,     4] loss: 0.2301
02/19 06:49:56 PM [58,     8] loss: 0.3121
02/19 06:49:57 PM Accuracy of the network on the validation set: 81.83219 %
02/19 06:49:58 PM [59,     4] loss: 0.2692
02/19 06:49:58 PM [59,     8] loss: 0.1565
02/19 06:49:59 PM Accuracy of the network on the validation set: 91.45527 %
02/19 06:50:00 PM [60,     4] loss: 0.1865
02/19 06:50:00 PM [60,     8] loss: 0.1575
02/19 06:50:02 PM Accuracy of the network on the validation set: 92.03040 %
02/19 06:50:02 PM [61,     4] loss: 0.1971
02/19 06:50:02 PM [61,     8] loss: 0.1937
02/19 06:50:04 PM Accuracy of the network on the validation set: 82.63325 %
02/19 06:50:04 PM [62,     4] loss: 0.1708
02/19 06:50:04 PM [62,     8] loss: 0.2116
02/19 06:50:06 PM Accuracy of the network on the validation set: 78.64845 %
02/19 06:50:06 PM [63,     4] loss: 0.1994
02/19 06:50:06 PM [63,     8] loss: 0.1426
02/19 06:50:08 PM Accuracy of the network on the validation set: 80.45599 %
02/19 06:50:08 PM [64,     4] loss: 0.1826
02/19 06:50:09 PM [64,     8] loss: 0.1442
02/19 06:50:10 PM Accuracy of the network on the validation set: 91.81473 %
02/19 06:50:11 PM [65,     4] loss: 0.1349
02/19 06:50:11 PM [65,     8] loss: 0.2428
02/19 06:50:12 PM Accuracy of the network on the validation set: 92.67742 %
02/19 06:50:13 PM [66,     4] loss: 0.1615
02/19 06:50:13 PM [66,     8] loss: 0.2262
02/19 06:50:14 PM Accuracy of the network on the validation set: 84.74890 %
02/19 06:50:15 PM [67,     4] loss: 0.1342
02/19 06:50:15 PM [67,     8] loss: 0.1489
02/19 06:50:17 PM Accuracy of the network on the validation set: 92.85201 %
02/19 06:50:17 PM new_pred 0.928520
02/19 06:50:17 PM best_pred 0.928417
02/19 06:50:17 PM [68,     4] loss: 0.1199
02/19 06:50:17 PM [68,     8] loss: 0.1757
02/19 06:50:19 PM Accuracy of the network on the validation set: 77.55982 %
02/19 06:50:19 PM [69,     4] loss: 0.1665
02/19 06:50:19 PM [69,     8] loss: 0.1885
02/19 06:50:21 PM Accuracy of the network on the validation set: 85.35483 %
02/19 06:50:22 PM [70,     4] loss: 0.1145
02/19 06:50:22 PM [70,     8] loss: 0.1367
02/19 06:50:23 PM Accuracy of the network on the validation set: 93.70443 %
02/19 06:50:23 PM new_pred 0.937044
02/19 06:50:23 PM best_pred 0.928520
02/19 06:50:24 PM [71,     4] loss: 0.1212
02/19 06:50:24 PM [71,     8] loss: 0.1650
02/19 06:50:25 PM Accuracy of the network on the validation set: 91.14717 %
02/19 06:50:26 PM [72,     4] loss: 0.1226
02/19 06:50:26 PM [72,     8] loss: 0.1242
02/19 06:50:28 PM Accuracy of the network on the validation set: 94.52603 %
02/19 06:50:28 PM new_pred 0.945260
02/19 06:50:28 PM best_pred 0.937044
02/19 06:50:28 PM [73,     4] loss: 0.0994
02/19 06:50:28 PM [73,     8] loss: 0.1393
02/19 06:50:30 PM Accuracy of the network on the validation set: 91.77365 %
02/19 06:50:30 PM [74,     4] loss: 0.1303
02/19 06:50:30 PM [74,     8] loss: 0.1198
02/19 06:50:32 PM Accuracy of the network on the validation set: 94.45414 %
02/19 06:50:32 PM [75,     4] loss: 0.1145
02/19 06:50:33 PM [75,     8] loss: 0.1227
02/19 06:50:34 PM Accuracy of the network on the validation set: 85.12889 %
02/19 06:50:35 PM [76,     4] loss: 0.1464
02/19 06:50:35 PM [76,     8] loss: 0.1265
02/19 06:50:36 PM Accuracy of the network on the validation set: 77.29280 %
02/19 06:50:37 PM [77,     4] loss: 0.1460
02/19 06:50:37 PM [77,     8] loss: 0.1518
02/19 06:50:38 PM Accuracy of the network on the validation set: 89.14450 %
02/19 06:50:39 PM [78,     4] loss: 0.1431
02/19 06:50:39 PM [78,     8] loss: 0.2137
02/19 06:50:41 PM Accuracy of the network on the validation set: 89.54503 %
02/19 06:50:41 PM [79,     4] loss: 0.1237
02/19 06:50:41 PM [79,     8] loss: 0.1039
02/19 06:50:43 PM Accuracy of the network on the validation set: 82.64352 %
02/19 06:50:43 PM [80,     4] loss: 0.1333
02/19 06:50:44 PM [80,     8] loss: 0.1234
02/19 06:50:45 PM Accuracy of the network on the validation set: 93.88929 %
02/19 06:50:46 PM [81,     4] loss: 0.0885
02/19 06:50:46 PM [81,     8] loss: 0.0832
02/19 06:50:47 PM Accuracy of the network on the validation set: 89.68882 %
02/19 06:50:48 PM [82,     4] loss: 0.0912
02/19 06:50:48 PM [82,     8] loss: 0.0906
02/19 06:50:49 PM Accuracy of the network on the validation set: 93.37578 %
02/19 06:50:50 PM [83,     4] loss: 0.1498
02/19 06:50:50 PM [83,     8] loss: 0.2099
02/19 06:50:52 PM Accuracy of the network on the validation set: 92.63634 %
02/19 06:50:52 PM [84,     4] loss: 0.1474
02/19 06:50:52 PM [84,     8] loss: 0.1365
02/19 06:50:54 PM Accuracy of the network on the validation set: 78.71007 %
02/19 06:50:54 PM [85,     4] loss: 0.1613
02/19 06:50:54 PM [85,     8] loss: 0.1423
02/19 06:50:56 PM Accuracy of the network on the validation set: 93.34497 %
02/19 06:50:56 PM [86,     4] loss: 0.1286
02/19 06:50:56 PM [86,     8] loss: 0.1286
02/19 06:50:58 PM Accuracy of the network on the validation set: 92.08175 %
02/19 06:50:58 PM [87,     4] loss: 0.1502
02/19 06:50:59 PM [87,     8] loss: 0.1151
02/19 06:51:00 PM Accuracy of the network on the validation set: 91.17798 %
02/19 06:51:01 PM [88,     4] loss: 0.1586
02/19 06:51:01 PM [88,     8] loss: 0.1583
02/19 06:51:02 PM Accuracy of the network on the validation set: 85.03646 %
02/19 06:51:03 PM [89,     4] loss: 0.1550
02/19 06:51:03 PM [89,     8] loss: 0.1374
02/19 06:51:04 PM Accuracy of the network on the validation set: 74.91014 %
02/19 06:51:05 PM [90,     4] loss: 0.2993
02/19 06:51:05 PM [90,     8] loss: 0.2769
02/19 06:51:07 PM Accuracy of the network on the validation set: 66.86865 %
02/19 06:51:07 PM [91,     4] loss: 0.2069
02/19 06:51:07 PM [91,     8] loss: 0.2125
02/19 06:51:09 PM Accuracy of the network on the validation set: 88.30235 %
02/19 06:51:09 PM [92,     4] loss: 0.1479
02/19 06:51:09 PM [92,     8] loss: 0.1087
02/19 06:51:11 PM Accuracy of the network on the validation set: 80.74356 %
02/19 06:51:11 PM [93,     4] loss: 0.1616
02/19 06:51:11 PM [93,     8] loss: 0.1212
02/19 06:51:13 PM Accuracy of the network on the validation set: 86.61805 %
02/19 06:51:13 PM [94,     4] loss: 0.1338
02/19 06:51:14 PM [94,     8] loss: 0.1572
02/19 06:51:15 PM Accuracy of the network on the validation set: 94.65955 %
02/19 06:51:15 PM new_pred 0.946595
02/19 06:51:15 PM best_pred 0.945260
02/19 06:51:16 PM [95,     4] loss: 0.1227
02/19 06:51:16 PM [95,     8] loss: 0.1257
02/19 06:51:17 PM Accuracy of the network on the validation set: 95.32710 %
02/19 06:51:17 PM new_pred 0.953271
02/19 06:51:17 PM best_pred 0.946595
02/19 06:51:18 PM [96,     4] loss: 0.1021
02/19 06:51:18 PM [96,     8] loss: 0.1437
02/19 06:51:19 PM Accuracy of the network on the validation set: 90.65421 %
02/19 06:51:20 PM [97,     4] loss: 0.1127
02/19 06:51:20 PM [97,     8] loss: 0.1505
02/19 06:51:22 PM Accuracy of the network on the validation set: 91.13690 %
02/19 06:51:22 PM [98,     4] loss: 0.1111
02/19 06:51:22 PM [98,     8] loss: 0.1901
02/19 06:51:24 PM Accuracy of the network on the validation set: 86.92616 %
02/19 06:51:24 PM [99,     4] loss: 0.1275
02/19 06:51:25 PM [99,     8] loss: 0.1251
02/19 06:51:26 PM Accuracy of the network on the validation set: 85.48834 %
02/19 06:51:27 PM [100,     4] loss: 0.1194
02/19 06:51:27 PM [100,     8] loss: 0.1180
02/19 06:51:28 PM Accuracy of the network on the validation set: 93.72497 %
02/19 06:51:29 PM [101,     4] loss: 0.0968
02/19 06:51:29 PM [101,     8] loss: 0.1606
02/19 06:51:30 PM Accuracy of the network on the validation set: 92.51309 %
02/19 06:51:31 PM [102,     4] loss: 0.0830
02/19 06:51:31 PM [102,     8] loss: 0.1818
02/19 06:51:33 PM Accuracy of the network on the validation set: 82.93109 %
02/19 06:51:33 PM [103,     4] loss: 0.0749
02/19 06:51:33 PM [103,     8] loss: 0.0941
02/19 06:51:35 PM Accuracy of the network on the validation set: 91.09582 %
02/19 06:51:35 PM [104,     4] loss: 0.1005
02/19 06:51:35 PM [104,     8] loss: 0.0820
02/19 06:51:37 PM Accuracy of the network on the validation set: 80.19924 %
02/19 06:51:37 PM [105,     4] loss: 0.0950
02/19 06:51:38 PM [105,     8] loss: 0.0877
02/19 06:51:39 PM Accuracy of the network on the validation set: 86.02239 %
02/19 06:51:40 PM [106,     4] loss: 0.0881
02/19 06:51:40 PM [106,     8] loss: 0.0766
02/19 06:51:41 PM Accuracy of the network on the validation set: 90.64394 %
02/19 06:51:42 PM [107,     4] loss: 0.1214
02/19 06:51:42 PM [107,     8] loss: 0.1413
02/19 06:51:44 PM Accuracy of the network on the validation set: 93.40659 %
02/19 06:51:44 PM [108,     4] loss: 0.1254
02/19 06:51:44 PM [108,     8] loss: 0.1565
02/19 06:51:46 PM Accuracy of the network on the validation set: 87.41912 %
02/19 06:51:46 PM [109,     4] loss: 0.1368
02/19 06:51:46 PM [109,     8] loss: 0.1030
02/19 06:51:48 PM Accuracy of the network on the validation set: 91.30122 %
02/19 06:51:48 PM [110,     4] loss: 0.1260
02/19 06:51:49 PM [110,     8] loss: 0.2106
02/19 06:51:50 PM Accuracy of the network on the validation set: 82.87974 %
02/19 06:51:51 PM [111,     4] loss: 0.1046
02/19 06:51:51 PM [111,     8] loss: 0.0905
02/19 06:51:52 PM Accuracy of the network on the validation set: 94.45414 %
02/19 06:51:53 PM [112,     4] loss: 0.0956
02/19 06:51:53 PM [112,     8] loss: 0.1154
02/19 06:51:54 PM Accuracy of the network on the validation set: 88.77478 %
02/19 06:51:55 PM [113,     4] loss: 0.1675
02/19 06:51:55 PM [113,     8] loss: 0.2105
02/19 06:51:57 PM Accuracy of the network on the validation set: 80.03492 %
02/19 06:51:57 PM [114,     4] loss: 0.1487
02/19 06:51:57 PM [114,     8] loss: 0.1288
02/19 06:51:59 PM Accuracy of the network on the validation set: 90.90069 %
02/19 06:51:59 PM [115,     4] loss: 0.0990
02/19 06:51:59 PM [115,     8] loss: 0.1002
02/19 06:52:01 PM Accuracy of the network on the validation set: 94.25901 %
02/19 06:52:02 PM [116,     4] loss: 0.1111
02/19 06:52:02 PM [116,     8] loss: 0.0672
02/19 06:52:03 PM Accuracy of the network on the validation set: 95.66602 %
02/19 06:52:03 PM new_pred 0.956660
02/19 06:52:03 PM best_pred 0.953271
02/19 06:52:04 PM [117,     4] loss: 0.0871
02/19 06:52:04 PM [117,     8] loss: 0.0746
02/19 06:52:05 PM Accuracy of the network on the validation set: 94.71090 %
02/19 06:52:06 PM [118,     4] loss: 0.0725
02/19 06:52:06 PM [118,     8] loss: 0.1565
02/19 06:52:07 PM Accuracy of the network on the validation set: 87.74777 %
02/19 06:52:08 PM [119,     4] loss: 0.0627
02/19 06:52:08 PM [119,     8] loss: 0.0970
02/19 06:52:10 PM Accuracy of the network on the validation set: 92.11256 %
02/19 06:52:10 PM [120,     4] loss: 0.0856
02/19 06:52:10 PM [120,     8] loss: 0.0751
02/19 06:52:12 PM Accuracy of the network on the validation set: 95.11143 %
02/19 06:52:12 PM [121,     4] loss: 0.1095
02/19 06:52:12 PM [121,     8] loss: 0.1069
02/19 06:52:14 PM Accuracy of the network on the validation set: 94.24874 %
02/19 06:52:14 PM [122,     4] loss: 0.0624
02/19 06:52:14 PM [122,     8] loss: 0.0974
02/19 06:52:16 PM Accuracy of the network on the validation set: 92.23580 %
02/19 06:52:17 PM [123,     4] loss: 0.0924
02/19 06:52:17 PM [123,     8] loss: 0.0908
02/19 06:52:18 PM Accuracy of the network on the validation set: 82.31488 %
02/19 06:52:19 PM [124,     4] loss: 0.0708
02/19 06:52:19 PM [124,     8] loss: 0.1047
02/19 06:52:20 PM Accuracy of the network on the validation set: 90.69529 %
02/19 06:52:21 PM [125,     4] loss: 0.0360
02/19 06:52:21 PM [125,     8] loss: 0.1098
02/19 06:52:23 PM Accuracy of the network on the validation set: 92.86228 %
02/19 06:52:23 PM [126,     4] loss: 0.0614
02/19 06:52:23 PM [126,     8] loss: 0.0607
02/19 06:52:25 PM Accuracy of the network on the validation set: 93.92010 %
02/19 06:52:25 PM [127,     4] loss: 0.0508
02/19 06:52:25 PM [127,     8] loss: 0.0842
02/19 06:52:27 PM Accuracy of the network on the validation set: 87.17264 %
02/19 06:52:27 PM [128,     4] loss: 0.0601
02/19 06:52:28 PM [128,     8] loss: 0.0758
02/19 06:52:29 PM Accuracy of the network on the validation set: 95.37845 %
02/19 06:52:30 PM [129,     4] loss: 0.0415
02/19 06:52:30 PM [129,     8] loss: 0.0674
02/19 06:52:31 PM Accuracy of the network on the validation set: 93.61200 %
02/19 06:52:32 PM [130,     4] loss: 0.0614
02/19 06:52:32 PM [130,     8] loss: 0.0660
02/19 06:52:34 PM Accuracy of the network on the validation set: 94.32063 %
02/19 06:52:34 PM [131,     4] loss: 0.0652
02/19 06:52:34 PM [131,     8] loss: 0.0723
02/19 06:52:36 PM Accuracy of the network on the validation set: 92.28715 %
02/19 06:52:36 PM [132,     4] loss: 0.1295
02/19 06:52:36 PM [132,     8] loss: 0.0914
02/19 06:52:38 PM Accuracy of the network on the validation set: 83.18784 %
02/19 06:52:38 PM [133,     4] loss: 0.0797
02/19 06:52:38 PM [133,     8] loss: 0.0731
02/19 06:52:40 PM Accuracy of the network on the validation set: 94.33090 %
02/19 06:52:40 PM [134,     4] loss: 0.0886
02/19 06:52:41 PM [134,     8] loss: 0.0780
02/19 06:52:42 PM Accuracy of the network on the validation set: 89.74017 %
02/19 06:52:43 PM [135,     4] loss: 0.0689
02/19 06:52:43 PM [135,     8] loss: 0.0512
02/19 06:52:44 PM Accuracy of the network on the validation set: 95.25521 %
02/19 06:52:45 PM [136,     4] loss: 0.0586
02/19 06:52:45 PM [136,     8] loss: 0.0585
02/19 06:52:46 PM Accuracy of the network on the validation set: 91.82500 %
02/19 06:52:47 PM [137,     4] loss: 0.0726
02/19 06:52:47 PM [137,     8] loss: 0.0651
02/19 06:52:49 PM Accuracy of the network on the validation set: 93.60173 %
02/19 06:52:49 PM [138,     4] loss: 0.1091
02/19 06:52:49 PM [138,     8] loss: 0.0820
02/19 06:52:51 PM Accuracy of the network on the validation set: 91.39365 %
02/19 06:52:51 PM [139,     4] loss: 0.0872
02/19 06:52:51 PM [139,     8] loss: 0.0741
02/19 06:52:53 PM Accuracy of the network on the validation set: 83.32135 %
02/19 06:52:53 PM [140,     4] loss: 0.0806
02/19 06:52:53 PM [140,     8] loss: 0.0488
02/19 06:52:55 PM Accuracy of the network on the validation set: 86.75157 %
02/19 06:52:55 PM [141,     4] loss: 0.0689
02/19 06:52:55 PM [141,     8] loss: 0.0737
02/19 06:52:57 PM Accuracy of the network on the validation set: 93.43740 %
02/19 06:52:58 PM [142,     4] loss: 0.0855
02/19 06:52:58 PM [142,     8] loss: 0.0982
02/19 06:52:59 PM Accuracy of the network on the validation set: 89.22666 %
02/19 06:53:00 PM [143,     4] loss: 0.0571
02/19 06:53:00 PM [143,     8] loss: 0.0574
02/19 06:53:01 PM Accuracy of the network on the validation set: 95.38872 %
02/19 06:53:02 PM [144,     4] loss: 0.0521
02/19 06:53:02 PM [144,     8] loss: 0.0551
02/19 06:53:04 PM Accuracy of the network on the validation set: 95.64548 %
02/19 06:53:04 PM [145,     4] loss: 0.0854
02/19 06:53:04 PM [145,     8] loss: 0.0777
02/19 06:53:06 PM Accuracy of the network on the validation set: 94.44387 %
02/19 06:53:06 PM [146,     4] loss: 0.0556
02/19 06:53:06 PM [146,     8] loss: 0.0874
02/19 06:53:08 PM Accuracy of the network on the validation set: 86.30995 %
02/19 06:53:08 PM [147,     4] loss: 0.3272
02/19 06:53:08 PM [147,     8] loss: 0.2009
02/19 06:53:10 PM Accuracy of the network on the validation set: 73.87286 %
02/19 06:53:11 PM [148,     4] loss: 0.2115
02/19 06:53:11 PM [148,     8] loss: 0.1327
02/19 06:53:12 PM Accuracy of the network on the validation set: 94.11523 %
02/19 06:53:13 PM [149,     4] loss: 0.1077
02/19 06:53:13 PM [149,     8] loss: 0.1154
02/19 06:53:14 PM Accuracy of the network on the validation set: 86.39211 %
02/19 06:53:15 PM [150,     4] loss: 0.0988
02/19 06:53:15 PM [150,     8] loss: 0.0983
02/19 06:53:17 PM Accuracy of the network on the validation set: 90.30502 %
02/19 06:53:17 PM [151,     4] loss: 0.0706
02/19 06:53:17 PM [151,     8] loss: 0.1014
02/19 06:53:19 PM Accuracy of the network on the validation set: 95.62494 %
02/19 06:53:19 PM [152,     4] loss: 0.0467
02/19 06:53:19 PM [152,     8] loss: 0.0671
02/19 06:53:21 PM Accuracy of the network on the validation set: 93.08822 %
02/19 06:53:21 PM [153,     4] loss: 0.0485
02/19 06:53:21 PM [153,     8] loss: 0.0518
02/19 06:53:23 PM Accuracy of the network on the validation set: 87.42939 %
02/19 06:53:23 PM [154,     4] loss: 0.0423
02/19 06:53:23 PM [154,     8] loss: 0.0650
02/19 06:53:25 PM Accuracy of the network on the validation set: 96.49789 %
02/19 06:53:25 PM new_pred 0.964979
02/19 06:53:25 PM best_pred 0.956660
02/19 06:53:26 PM [155,     4] loss: 0.0581
02/19 06:53:26 PM [155,     8] loss: 0.0549
02/19 06:53:27 PM Accuracy of the network on the validation set: 95.79953 %
02/19 06:53:28 PM [156,     4] loss: 0.1267
02/19 06:53:28 PM [156,     8] loss: 0.0938
02/19 06:53:30 PM Accuracy of the network on the validation set: 83.87594 %
02/19 06:53:30 PM [157,     4] loss: 0.1112
02/19 06:53:30 PM [157,     8] loss: 0.0742
02/19 06:53:32 PM Accuracy of the network on the validation set: 86.30995 %
02/19 06:53:32 PM [158,     4] loss: 0.0820
02/19 06:53:32 PM [158,     8] loss: 0.1004
02/19 06:53:34 PM Accuracy of the network on the validation set: 93.22173 %
02/19 06:53:34 PM [159,     4] loss: 0.1614
02/19 06:53:34 PM [159,     8] loss: 0.0740
02/19 06:53:36 PM Accuracy of the network on the validation set: 91.91743 %
02/19 06:53:36 PM [160,     4] loss: 0.1380
02/19 06:53:36 PM [160,     8] loss: 0.0654
02/19 06:53:38 PM Accuracy of the network on the validation set: 84.15323 %
02/19 06:53:39 PM [161,     4] loss: 0.0575
02/19 06:53:39 PM [161,     8] loss: 0.0451
02/19 06:53:40 PM Accuracy of the network on the validation set: 87.28561 %
02/19 06:53:41 PM [162,     4] loss: 0.0619
02/19 06:53:41 PM [162,     8] loss: 0.0440
02/19 06:53:43 PM Accuracy of the network on the validation set: 96.23087 %
02/19 06:53:43 PM [163,     4] loss: 0.0490
02/19 06:53:43 PM [163,     8] loss: 0.0343
02/19 06:53:45 PM Accuracy of the network on the validation set: 96.54925 %
02/19 06:53:45 PM new_pred 0.965492
02/19 06:53:45 PM best_pred 0.964979
02/19 06:53:45 PM [164,     4] loss: 0.0290
02/19 06:53:45 PM [164,     8] loss: 0.0447
02/19 06:53:47 PM Accuracy of the network on the validation set: 96.56979 %
02/19 06:53:47 PM new_pred 0.965698
02/19 06:53:47 PM best_pred 0.965492
02/19 06:53:47 PM [165,     4] loss: 0.0368
02/19 06:53:47 PM [165,     8] loss: 0.0376
02/19 06:53:49 PM Accuracy of the network on the validation set: 96.43627 %
02/19 06:53:50 PM [166,     4] loss: 0.0583
02/19 06:53:50 PM [166,     8] loss: 0.1050
02/19 06:53:51 PM Accuracy of the network on the validation set: 89.24720 %
02/19 06:53:52 PM [167,     4] loss: 0.0711
02/19 06:53:52 PM [167,     8] loss: 0.1152
02/19 06:53:53 PM Accuracy of the network on the validation set: 77.43658 %
02/19 06:53:54 PM [168,     4] loss: 0.1333
02/19 06:53:54 PM [168,     8] loss: 0.0976
02/19 06:53:56 PM Accuracy of the network on the validation set: 95.45034 %
02/19 06:53:56 PM [169,     4] loss: 0.0769
02/19 06:53:56 PM [169,     8] loss: 0.1444
02/19 06:53:58 PM Accuracy of the network on the validation set: 70.44264 %
02/19 06:53:58 PM [170,     4] loss: 0.1204
02/19 06:53:58 PM [170,     8] loss: 0.1279
02/19 06:54:00 PM Accuracy of the network on the validation set: 84.93376 %
02/19 06:54:00 PM [171,     4] loss: 0.0816
02/19 06:54:01 PM [171,     8] loss: 0.1032
02/19 06:54:02 PM Accuracy of the network on the validation set: 94.65955 %
02/19 06:54:03 PM [172,     4] loss: 0.0434
02/19 06:54:03 PM [172,     8] loss: 0.0724
02/19 06:54:04 PM Accuracy of the network on the validation set: 92.12283 %
02/19 06:54:05 PM [173,     4] loss: 0.0955
02/19 06:54:05 PM [173,     8] loss: 0.1680
02/19 06:54:06 PM Accuracy of the network on the validation set: 84.05053 %
02/19 06:54:07 PM [174,     4] loss: 0.1169
02/19 06:54:07 PM [174,     8] loss: 0.1075
02/19 06:54:09 PM Accuracy of the network on the validation set: 82.69488 %
02/19 06:54:09 PM [175,     4] loss: 0.0722
02/19 06:54:09 PM [175,     8] loss: 0.0607
02/19 06:54:11 PM Accuracy of the network on the validation set: 91.86608 %
02/19 06:54:11 PM [176,     4] loss: 0.0564
02/19 06:54:11 PM [176,     8] loss: 0.0547
02/19 06:54:13 PM Accuracy of the network on the validation set: 95.41953 %
02/19 06:54:13 PM [177,     4] loss: 0.0381
02/19 06:54:13 PM [177,     8] loss: 0.0867
02/19 06:54:15 PM Accuracy of the network on the validation set: 96.68276 %
02/19 06:54:15 PM new_pred 0.966828
02/19 06:54:15 PM best_pred 0.965698
02/19 06:54:15 PM [178,     4] loss: 0.0733
02/19 06:54:16 PM [178,     8] loss: 0.0594
02/19 06:54:17 PM Accuracy of the network on the validation set: 93.76605 %
02/19 06:54:18 PM [179,     4] loss: 0.0346
02/19 06:54:18 PM [179,     8] loss: 0.0534
02/19 06:54:19 PM Accuracy of the network on the validation set: 95.68656 %
02/19 06:54:20 PM [180,     4] loss: 0.0516
02/19 06:54:20 PM [180,     8] loss: 0.0370
02/19 06:54:21 PM Accuracy of the network on the validation set: 95.80980 %
02/19 06:54:22 PM [181,     4] loss: 0.0514
02/19 06:54:22 PM [181,     8] loss: 0.0398
02/19 06:54:24 PM Accuracy of the network on the validation set: 95.33737 %
02/19 06:54:24 PM [182,     4] loss: 0.0420
02/19 06:54:24 PM [182,     8] loss: 0.0676
02/19 06:54:26 PM Accuracy of the network on the validation set: 94.88549 %
02/19 06:54:26 PM [183,     4] loss: 0.0585
02/19 06:54:26 PM [183,     8] loss: 0.0302
02/19 06:54:28 PM Accuracy of the network on the validation set: 93.51956 %
02/19 06:54:28 PM [184,     4] loss: 0.0592
02/19 06:54:28 PM [184,     8] loss: 0.0287
02/19 06:54:30 PM Accuracy of the network on the validation set: 95.09089 %
02/19 06:54:30 PM [185,     4] loss: 0.0567
02/19 06:54:31 PM [185,     8] loss: 0.0335
02/19 06:54:32 PM Accuracy of the network on the validation set: 96.48762 %
02/19 06:54:33 PM [186,     4] loss: 0.0221
02/19 06:54:33 PM [186,     8] loss: 0.0278
02/19 06:54:34 PM Accuracy of the network on the validation set: 97.30923 %
02/19 06:54:34 PM new_pred 0.973092
02/19 06:54:34 PM best_pred 0.966828
02/19 06:54:35 PM [187,     4] loss: 0.0234
02/19 06:54:35 PM [187,     8] loss: 0.0294
02/19 06:54:36 PM Accuracy of the network on the validation set: 74.30420 %
02/19 06:54:37 PM [188,     4] loss: 0.5299
02/19 06:54:37 PM [188,     8] loss: 0.1083
02/19 06:54:39 PM Accuracy of the network on the validation set: 79.54195 %
02/19 06:54:39 PM [189,     4] loss: 0.1094
02/19 06:54:39 PM [189,     8] loss: 0.0549
02/19 06:54:41 PM Accuracy of the network on the validation set: 92.79039 %
02/19 06:54:41 PM [190,     4] loss: 0.2252
02/19 06:54:41 PM [190,     8] loss: 0.0899
02/19 06:54:43 PM Accuracy of the network on the validation set: 91.20879 %
02/19 06:54:43 PM [191,     4] loss: 0.0907
02/19 06:54:43 PM [191,     8] loss: 0.1005
02/19 06:54:45 PM Accuracy of the network on the validation set: 88.08668 %
02/19 06:54:45 PM [192,     4] loss: 0.0657
02/19 06:54:46 PM [192,     8] loss: 0.0748
02/19 06:54:47 PM Accuracy of the network on the validation set: 94.43360 %
02/19 06:54:48 PM [193,     4] loss: 0.0891
02/19 06:54:48 PM [193,     8] loss: 0.1261
02/19 06:54:49 PM Accuracy of the network on the validation set: 83.95810 %
02/19 06:54:50 PM [194,     4] loss: 0.0860
02/19 06:54:50 PM [194,     8] loss: 0.2085
02/19 06:54:51 PM Accuracy of the network on the validation set: 88.57964 %
02/19 06:54:52 PM [195,     4] loss: 0.0904
02/19 06:54:52 PM [195,     8] loss: 0.0830
02/19 06:54:54 PM Accuracy of the network on the validation set: 75.59823 %
02/19 06:54:54 PM [196,     4] loss: 0.1245
02/19 06:54:54 PM [196,     8] loss: 0.1338
02/19 06:54:56 PM Accuracy of the network on the validation set: 62.86330 %
02/19 06:54:56 PM [197,     4] loss: 0.1021
02/19 06:54:56 PM [197,     8] loss: 0.0936
02/19 06:54:58 PM Accuracy of the network on the validation set: 91.04447 %
02/19 06:54:58 PM [198,     4] loss: 0.0584
02/19 06:54:58 PM [198,     8] loss: 0.0644
02/19 06:55:00 PM Accuracy of the network on the validation set: 93.69416 %
02/19 06:55:00 PM [199,     4] loss: 0.0678
02/19 06:55:01 PM [199,     8] loss: 0.0573
02/19 06:55:02 PM Accuracy of the network on the validation set: 94.59793 %
02/19 06:55:03 PM [200,     4] loss: 0.0542
02/19 06:55:03 PM [200,     8] loss: 0.0470
02/19 06:55:04 PM Accuracy of the network on the validation set: 83.94783 %
02/19 06:55:04 PM Finished Training
02/19 06:55:06 PM OA, AA_Mean, Kappa: 0.973092, 0.926334, 0.969297, 
02/19 06:55:06 PM ('AA for each class: ', array([0.56818182, 0.97789241, 0.95431472, 0.98222222, 0.88888889,
       0.99711816, 0.74074074, 1.        , 0.94736842, 0.94366197,
       0.99571184, 0.98934281, 0.98974359, 0.99833611, 0.90463215,
       0.94318182]))
time: 443.69161105155945
