torch.Size([10, 9])
Experiment dir : IN-train-model-SSTN-arch-AEAE-20230219-180442-lr0.002-seed2
02/19 06:04:52 PM [1,     4] loss: 2.7595
02/19 06:04:52 PM [1,     8] loss: 2.4771
02/19 06:04:53 PM Accuracy of the network on the validation set: 9.05823 %
02/19 06:04:53 PM new_pred 0.090582
02/19 06:04:53 PM best_pred 0.000000
02/19 06:04:54 PM [2,     4] loss: 2.2440
02/19 06:04:54 PM [2,     8] loss: 2.2703
02/19 06:04:55 PM Accuracy of the network on the validation set: 6.57287 %
02/19 06:04:56 PM [3,     4] loss: 2.1003
02/19 06:04:56 PM [3,     8] loss: 1.9721
02/19 06:04:57 PM Accuracy of the network on the validation set: 13.53600 %
02/19 06:04:57 PM new_pred 0.135360
02/19 06:04:57 PM best_pred 0.090582
02/19 06:04:58 PM [4,     4] loss: 1.9073
02/19 06:04:58 PM [4,     8] loss: 1.7570
02/19 06:04:59 PM Accuracy of the network on the validation set: 27.76009 %
02/19 06:04:59 PM new_pred 0.277601
02/19 06:04:59 PM best_pred 0.135360
02/19 06:05:00 PM [5,     4] loss: 1.6568
02/19 06:05:00 PM [5,     8] loss: 1.5973
02/19 06:05:01 PM Accuracy of the network on the validation set: 44.88035 %
02/19 06:05:01 PM new_pred 0.448804
02/19 06:05:01 PM best_pred 0.277601
02/19 06:05:02 PM [6,     4] loss: 1.5433
02/19 06:05:02 PM [6,     8] loss: 1.4137
02/19 06:05:04 PM Accuracy of the network on the validation set: 65.35894 %
02/19 06:05:04 PM new_pred 0.653589
02/19 06:05:04 PM best_pred 0.448804
02/19 06:05:04 PM [7,     4] loss: 1.3449
02/19 06:05:04 PM [7,     8] loss: 1.3434
02/19 06:05:06 PM Accuracy of the network on the validation set: 65.10219 %
02/19 06:05:06 PM [8,     4] loss: 1.2416
02/19 06:05:06 PM [8,     8] loss: 1.2481
02/19 06:05:08 PM Accuracy of the network on the validation set: 65.90326 %
02/19 06:05:08 PM new_pred 0.659033
02/19 06:05:08 PM best_pred 0.653589
02/19 06:05:08 PM [9,     4] loss: 1.2424
02/19 06:05:08 PM [9,     8] loss: 1.1277
02/19 06:05:10 PM Accuracy of the network on the validation set: 67.97782 %
02/19 06:05:10 PM new_pred 0.679778
02/19 06:05:10 PM best_pred 0.659033
02/19 06:05:10 PM [10,     4] loss: 1.0765
02/19 06:05:10 PM [10,     8] loss: 1.1235
02/19 06:05:12 PM Accuracy of the network on the validation set: 59.83362 %
02/19 06:05:12 PM [11,     4] loss: 1.0686
02/19 06:05:12 PM [11,     8] loss: 1.0359
02/19 06:05:14 PM Accuracy of the network on the validation set: 71.60316 %
02/19 06:05:14 PM new_pred 0.716032
02/19 06:05:14 PM best_pred 0.679778
02/19 06:05:14 PM [12,     4] loss: 0.9530
02/19 06:05:14 PM [12,     8] loss: 0.9586
02/19 06:05:16 PM Accuracy of the network on the validation set: 66.52973 %
02/19 06:05:16 PM [13,     4] loss: 0.9595
02/19 06:05:16 PM [13,     8] loss: 0.9358
02/19 06:05:18 PM Accuracy of the network on the validation set: 73.78043 %
02/19 06:05:18 PM new_pred 0.737804
02/19 06:05:18 PM best_pred 0.716032
02/19 06:05:18 PM [14,     4] loss: 0.8828
02/19 06:05:18 PM [14,     8] loss: 0.8673
02/19 06:05:20 PM Accuracy of the network on the validation set: 60.94280 %
02/19 06:05:20 PM [15,     4] loss: 0.8524
02/19 06:05:20 PM [15,     8] loss: 0.8840
02/19 06:05:22 PM Accuracy of the network on the validation set: 70.95615 %
02/19 06:05:22 PM [16,     4] loss: 0.7659
02/19 06:05:23 PM [16,     8] loss: 0.7542
02/19 06:05:24 PM Accuracy of the network on the validation set: 77.84739 %
02/19 06:05:24 PM new_pred 0.778474
02/19 06:05:24 PM best_pred 0.737804
02/19 06:05:24 PM [17,     4] loss: 0.7729
02/19 06:05:25 PM [17,     8] loss: 0.7349
02/19 06:05:26 PM Accuracy of the network on the validation set: 79.69600 %
02/19 06:05:26 PM new_pred 0.796960
02/19 06:05:26 PM best_pred 0.778474
02/19 06:05:27 PM [18,     4] loss: 0.7896
02/19 06:05:27 PM [18,     8] loss: 0.6804
02/19 06:05:28 PM Accuracy of the network on the validation set: 81.00031 %
02/19 06:05:28 PM new_pred 0.810003
02/19 06:05:28 PM best_pred 0.796960
02/19 06:05:29 PM [19,     4] loss: 0.7171
02/19 06:05:29 PM [19,     8] loss: 0.7185
02/19 06:05:30 PM Accuracy of the network on the validation set: 70.39129 %
02/19 06:05:31 PM [20,     4] loss: 0.6783
02/19 06:05:31 PM [20,     8] loss: 0.6076
02/19 06:05:32 PM Accuracy of the network on the validation set: 83.06460 %
02/19 06:05:32 PM new_pred 0.830646
02/19 06:05:32 PM best_pred 0.810003
02/19 06:05:33 PM [21,     4] loss: 0.5410
02/19 06:05:33 PM [21,     8] loss: 0.6544
02/19 06:05:34 PM Accuracy of the network on the validation set: 78.82305 %
02/19 06:05:35 PM [22,     4] loss: 0.5685
02/19 06:05:35 PM [22,     8] loss: 0.6264
02/19 06:05:36 PM Accuracy of the network on the validation set: 81.04139 %
02/19 06:05:37 PM [23,     4] loss: 0.6018
02/19 06:05:37 PM [23,     8] loss: 0.4912
02/19 06:05:38 PM Accuracy of the network on the validation set: 85.53969 %
02/19 06:05:38 PM new_pred 0.855397
02/19 06:05:38 PM best_pred 0.830646
02/19 06:05:39 PM [24,     4] loss: 0.5309
02/19 06:05:39 PM [24,     8] loss: 0.5258
02/19 06:05:41 PM Accuracy of the network on the validation set: 65.88272 %
02/19 06:05:41 PM [25,     4] loss: 0.3846
02/19 06:05:41 PM [25,     8] loss: 0.4775
02/19 06:05:43 PM Accuracy of the network on the validation set: 85.34456 %
02/19 06:05:43 PM [26,     4] loss: 0.4112
02/19 06:05:43 PM [26,     8] loss: 0.4287
02/19 06:05:45 PM Accuracy of the network on the validation set: 81.96570 %
02/19 06:05:45 PM [27,     4] loss: 0.4036
02/19 06:05:45 PM [27,     8] loss: 0.5531
02/19 06:05:47 PM Accuracy of the network on the validation set: 85.53969 %
02/19 06:05:47 PM [28,     4] loss: 0.4866
02/19 06:05:47 PM [28,     8] loss: 0.4265
02/19 06:05:49 PM Accuracy of the network on the validation set: 77.11821 %
02/19 06:05:49 PM [29,     4] loss: 0.4284
02/19 06:05:49 PM [29,     8] loss: 0.4686
02/19 06:05:51 PM Accuracy of the network on the validation set: 78.14522 %
02/19 06:05:51 PM [30,     4] loss: 0.3858
02/19 06:05:51 PM [30,     8] loss: 0.3813
02/19 06:05:53 PM Accuracy of the network on the validation set: 86.32022 %
02/19 06:05:53 PM new_pred 0.863202
02/19 06:05:53 PM best_pred 0.855397
02/19 06:05:53 PM [31,     4] loss: 0.3627
02/19 06:05:54 PM [31,     8] loss: 0.4218
02/19 06:05:55 PM Accuracy of the network on the validation set: 87.52182 %
02/19 06:05:55 PM new_pred 0.875218
02/19 06:05:55 PM best_pred 0.863202
02/19 06:05:56 PM [32,     4] loss: 0.3651
02/19 06:05:56 PM [32,     8] loss: 0.3455
02/19 06:05:57 PM Accuracy of the network on the validation set: 78.13495 %
02/19 06:05:58 PM [33,     4] loss: 0.3753
02/19 06:05:58 PM [33,     8] loss: 0.4392
02/19 06:05:59 PM Accuracy of the network on the validation set: 70.15508 %
02/19 06:06:00 PM [34,     4] loss: 0.4619
02/19 06:06:00 PM [34,     8] loss: 0.4638
02/19 06:06:01 PM Accuracy of the network on the validation set: 72.55828 %
02/19 06:06:02 PM [35,     4] loss: 0.4484
02/19 06:06:02 PM [35,     8] loss: 0.3969
02/19 06:06:03 PM Accuracy of the network on the validation set: 72.63017 %
02/19 06:06:04 PM [36,     4] loss: 0.3927
02/19 06:06:04 PM [36,     8] loss: 0.3968
02/19 06:06:06 PM Accuracy of the network on the validation set: 84.91322 %
02/19 06:06:06 PM [37,     4] loss: 0.3893
02/19 06:06:06 PM [37,     8] loss: 0.3464
02/19 06:06:08 PM Accuracy of the network on the validation set: 77.93982 %
02/19 06:06:08 PM [38,     4] loss: 0.3386
02/19 06:06:08 PM [38,     8] loss: 0.3121
02/19 06:06:10 PM Accuracy of the network on the validation set: 91.10609 %
02/19 06:06:10 PM new_pred 0.911061
02/19 06:06:10 PM best_pred 0.875218
02/19 06:06:10 PM [39,     4] loss: 0.2701
02/19 06:06:10 PM [39,     8] loss: 0.3211
02/19 06:06:12 PM Accuracy of the network on the validation set: 87.19318 %
02/19 06:06:12 PM [40,     4] loss: 0.2651
02/19 06:06:12 PM [40,     8] loss: 0.3482
02/19 06:06:14 PM Accuracy of the network on the validation set: 75.33121 %
02/19 06:06:14 PM [41,     4] loss: 0.3398
02/19 06:06:14 PM [41,     8] loss: 0.3475
02/19 06:06:16 PM Accuracy of the network on the validation set: 88.60018 %
02/19 06:06:16 PM [42,     4] loss: 0.3263
02/19 06:06:16 PM [42,     8] loss: 0.3095
02/19 06:06:18 PM Accuracy of the network on the validation set: 77.29280 %
02/19 06:06:19 PM [43,     4] loss: 0.2636
02/19 06:06:19 PM [43,     8] loss: 0.2771
02/19 06:06:20 PM Accuracy of the network on the validation set: 72.89720 %
02/19 06:06:21 PM [44,     4] loss: 0.2892
02/19 06:06:21 PM [44,     8] loss: 0.2419
02/19 06:06:22 PM Accuracy of the network on the validation set: 85.20078 %
02/19 06:06:23 PM [45,     4] loss: 0.2963
02/19 06:06:23 PM [45,     8] loss: 0.2184
02/19 06:06:24 PM Accuracy of the network on the validation set: 89.87368 %
02/19 06:06:25 PM [46,     4] loss: 0.3325
02/19 06:06:25 PM [46,     8] loss: 0.2362
02/19 06:06:26 PM Accuracy of the network on the validation set: 88.73370 %
02/19 06:06:27 PM [47,     4] loss: 0.2281
02/19 06:06:27 PM [47,     8] loss: 0.2357
02/19 06:06:28 PM Accuracy of the network on the validation set: 92.55417 %
02/19 06:06:28 PM new_pred 0.925542
02/19 06:06:28 PM best_pred 0.911061
02/19 06:06:29 PM [48,     4] loss: 0.2625
02/19 06:06:29 PM [48,     8] loss: 0.1762
02/19 06:06:31 PM Accuracy of the network on the validation set: 85.48834 %
02/19 06:06:31 PM [49,     4] loss: 0.1993
02/19 06:06:31 PM [49,     8] loss: 0.2180
02/19 06:06:33 PM Accuracy of the network on the validation set: 88.43586 %
02/19 06:06:33 PM [50,     4] loss: 0.1969
02/19 06:06:33 PM [50,     8] loss: 0.2981
02/19 06:06:35 PM Accuracy of the network on the validation set: 81.08247 %
02/19 06:06:35 PM [51,     4] loss: 0.3191
02/19 06:06:35 PM [51,     8] loss: 0.2140
02/19 06:06:37 PM Accuracy of the network on the validation set: 87.25480 %
02/19 06:06:37 PM [52,     4] loss: 0.2715
02/19 06:06:37 PM [52,     8] loss: 0.2233
02/19 06:06:39 PM Accuracy of the network on the validation set: 86.12509 %
02/19 06:06:39 PM [53,     4] loss: 0.1747
02/19 06:06:39 PM [53,     8] loss: 0.2561
02/19 06:06:41 PM Accuracy of the network on the validation set: 93.12930 %
02/19 06:06:41 PM new_pred 0.931293
02/19 06:06:41 PM best_pred 0.925542
02/19 06:06:41 PM [54,     4] loss: 0.2238
02/19 06:06:42 PM [54,     8] loss: 0.2192
02/19 06:06:43 PM Accuracy of the network on the validation set: 88.90829 %
02/19 06:06:44 PM [55,     4] loss: 0.2217
02/19 06:06:44 PM [55,     8] loss: 0.2563
02/19 06:06:45 PM Accuracy of the network on the validation set: 85.82726 %
02/19 06:06:46 PM [56,     4] loss: 0.2303
02/19 06:06:46 PM [56,     8] loss: 0.1970
02/19 06:06:47 PM Accuracy of the network on the validation set: 78.45332 %
02/19 06:06:48 PM [57,     4] loss: 0.1908
02/19 06:06:48 PM [57,     8] loss: 0.2631
02/19 06:06:49 PM Accuracy of the network on the validation set: 91.52716 %
02/19 06:06:50 PM [58,     4] loss: 0.1929
02/19 06:06:50 PM [58,     8] loss: 0.2115
02/19 06:06:51 PM Accuracy of the network on the validation set: 90.61313 %
02/19 06:06:52 PM [59,     4] loss: 0.2220
02/19 06:06:52 PM [59,     8] loss: 0.1984
02/19 06:06:54 PM Accuracy of the network on the validation set: 83.94783 %
02/19 06:06:54 PM [60,     4] loss: 0.1747
02/19 06:06:54 PM [60,     8] loss: 0.2220
02/19 06:06:56 PM Accuracy of the network on the validation set: 83.74243 %
02/19 06:06:56 PM [61,     4] loss: 0.2424
02/19 06:06:56 PM [61,     8] loss: 0.1684
02/19 06:06:58 PM Accuracy of the network on the validation set: 94.75198 %
02/19 06:06:58 PM new_pred 0.947520
02/19 06:06:58 PM best_pred 0.931293
02/19 06:06:58 PM [62,     4] loss: 0.1930
02/19 06:06:58 PM [62,     8] loss: 0.1247
02/19 06:07:00 PM Accuracy of the network on the validation set: 94.51576 %
02/19 06:07:00 PM [63,     4] loss: 0.1741
02/19 06:07:00 PM [63,     8] loss: 0.1963
02/19 06:07:02 PM Accuracy of the network on the validation set: 88.56937 %
02/19 06:07:02 PM [64,     4] loss: 0.1608
02/19 06:07:02 PM [64,     8] loss: 0.1450
02/19 06:07:04 PM Accuracy of the network on the validation set: 80.48680 %
02/19 06:07:04 PM [65,     4] loss: 0.1693
02/19 06:07:05 PM [65,     8] loss: 0.1279
02/19 06:07:06 PM Accuracy of the network on the validation set: 82.34569 %
02/19 06:07:07 PM [66,     4] loss: 0.2267
02/19 06:07:07 PM [66,     8] loss: 0.1731
02/19 06:07:08 PM Accuracy of the network on the validation set: 92.12283 %
02/19 06:07:09 PM [67,     4] loss: 0.1480
02/19 06:07:09 PM [67,     8] loss: 0.1531
02/19 06:07:10 PM Accuracy of the network on the validation set: 82.92082 %
02/19 06:07:11 PM [68,     4] loss: 0.1694
02/19 06:07:11 PM [68,     8] loss: 0.2745
02/19 06:07:12 PM Accuracy of the network on the validation set: 82.46893 %
02/19 06:07:13 PM [69,     4] loss: 0.1571
02/19 06:07:13 PM [69,     8] loss: 0.1601
02/19 06:07:14 PM Accuracy of the network on the validation set: 89.91476 %
02/19 06:07:15 PM [70,     4] loss: 0.1272
02/19 06:07:15 PM [70,     8] loss: 0.1515
02/19 06:07:16 PM Accuracy of the network on the validation set: 94.79306 %
02/19 06:07:16 PM new_pred 0.947931
02/19 06:07:16 PM best_pred 0.947520
02/19 06:07:17 PM [71,     4] loss: 0.1339
02/19 06:07:17 PM [71,     8] loss: 0.1290
02/19 06:07:19 PM Accuracy of the network on the validation set: 91.03420 %
02/19 06:07:19 PM [72,     4] loss: 0.1704
02/19 06:07:19 PM [72,     8] loss: 0.1422
02/19 06:07:21 PM Accuracy of the network on the validation set: 92.25634 %
02/19 06:07:21 PM [73,     4] loss: 0.1117
02/19 06:07:21 PM [73,     8] loss: 0.1717
02/19 06:07:23 PM Accuracy of the network on the validation set: 92.28715 %
02/19 06:07:23 PM [74,     4] loss: 0.1998
02/19 06:07:23 PM [74,     8] loss: 0.1469
02/19 06:07:25 PM Accuracy of the network on the validation set: 89.69909 %
02/19 06:07:25 PM [75,     4] loss: 0.2722
02/19 06:07:25 PM [75,     8] loss: 0.1749
02/19 06:07:27 PM Accuracy of the network on the validation set: 84.84133 %
02/19 06:07:27 PM [76,     4] loss: 0.1584
02/19 06:07:27 PM [76,     8] loss: 0.1728
02/19 06:07:29 PM Accuracy of the network on the validation set: 93.19092 %
02/19 06:07:29 PM [77,     4] loss: 0.1084
02/19 06:07:30 PM [77,     8] loss: 0.1148
02/19 06:07:31 PM Accuracy of the network on the validation set: 91.34230 %
02/19 06:07:32 PM [78,     4] loss: 0.0993
02/19 06:07:32 PM [78,     8] loss: 0.1262
02/19 06:07:33 PM Accuracy of the network on the validation set: 90.81853 %
02/19 06:07:34 PM [79,     4] loss: 0.1483
02/19 06:07:34 PM [79,     8] loss: 0.1136
02/19 06:07:35 PM Accuracy of the network on the validation set: 92.88282 %
02/19 06:07:36 PM [80,     4] loss: 0.1332
02/19 06:07:36 PM [80,     8] loss: 0.1988
02/19 06:07:37 PM Accuracy of the network on the validation set: 86.09428 %
02/19 06:07:38 PM [81,     4] loss: 0.1174
02/19 06:07:38 PM [81,     8] loss: 0.1326
02/19 06:07:40 PM Accuracy of the network on the validation set: 93.71470 %
02/19 06:07:40 PM [82,     4] loss: 0.0710
02/19 06:07:40 PM [82,     8] loss: 0.0948
02/19 06:07:42 PM Accuracy of the network on the validation set: 94.62874 %
02/19 06:07:42 PM [83,     4] loss: 0.1190
02/19 06:07:42 PM [83,     8] loss: 0.1130
02/19 06:07:44 PM Accuracy of the network on the validation set: 95.25521 %
02/19 06:07:44 PM new_pred 0.952552
02/19 06:07:44 PM best_pred 0.947931
02/19 06:07:44 PM [84,     4] loss: 0.1039
02/19 06:07:44 PM [84,     8] loss: 0.1506
02/19 06:07:46 PM Accuracy of the network on the validation set: 94.14604 %
02/19 06:07:46 PM [85,     4] loss: 0.2010
02/19 06:07:46 PM [85,     8] loss: 0.2817
02/19 06:07:48 PM Accuracy of the network on the validation set: 74.39663 %
02/19 06:07:48 PM [86,     4] loss: 0.1451
02/19 06:07:48 PM [86,     8] loss: 0.1561
02/19 06:07:50 PM Accuracy of the network on the validation set: 91.96878 %
02/19 06:07:50 PM [87,     4] loss: 0.0904
02/19 06:07:50 PM [87,     8] loss: 0.1685
02/19 06:07:52 PM Accuracy of the network on the validation set: 88.90829 %
02/19 06:07:52 PM [88,     4] loss: 0.1250
02/19 06:07:52 PM [88,     8] loss: 0.1430
02/19 06:07:54 PM Accuracy of the network on the validation set: 92.62607 %
02/19 06:07:54 PM [89,     4] loss: 0.1392
02/19 06:07:54 PM [89,     8] loss: 0.1468
02/19 06:07:56 PM Accuracy of the network on the validation set: 73.92421 %
02/19 06:07:56 PM [90,     4] loss: 0.1026
02/19 06:07:56 PM [90,     8] loss: 0.1199
02/19 06:07:58 PM Accuracy of the network on the validation set: 92.94444 %
02/19 06:07:59 PM [91,     4] loss: 0.0914
02/19 06:07:59 PM [91,     8] loss: 0.0858
02/19 06:08:00 PM Accuracy of the network on the validation set: 95.07035 %
02/19 06:08:01 PM [92,     4] loss: 0.0643
02/19 06:08:01 PM [92,     8] loss: 0.1313
02/19 06:08:02 PM Accuracy of the network on the validation set: 94.32063 %
02/19 06:08:03 PM [93,     4] loss: 0.1819
02/19 06:08:03 PM [93,     8] loss: 0.1249
02/19 06:08:04 PM Accuracy of the network on the validation set: 90.30502 %
02/19 06:08:05 PM [94,     4] loss: 0.2249
02/19 06:08:05 PM [94,     8] loss: 0.1601
02/19 06:08:07 PM Accuracy of the network on the validation set: 92.12283 %
02/19 06:08:07 PM [95,     4] loss: 0.1005
02/19 06:08:07 PM [95,     8] loss: 0.1128
02/19 06:08:09 PM Accuracy of the network on the validation set: 94.44387 %
02/19 06:08:09 PM [96,     4] loss: 0.1153
02/19 06:08:09 PM [96,     8] loss: 0.0925
02/19 06:08:11 PM Accuracy of the network on the validation set: 92.75958 %
02/19 06:08:11 PM [97,     4] loss: 0.0892
02/19 06:08:11 PM [97,     8] loss: 0.1543
02/19 06:08:13 PM Accuracy of the network on the validation set: 95.11143 %
02/19 06:08:13 PM [98,     4] loss: 0.0799
02/19 06:08:13 PM [98,     8] loss: 0.1414
02/19 06:08:15 PM Accuracy of the network on the validation set: 89.85314 %
02/19 06:08:15 PM [99,     4] loss: 0.0622
02/19 06:08:15 PM [99,     8] loss: 0.1589
02/19 06:08:17 PM Accuracy of the network on the validation set: 84.15323 %
02/19 06:08:17 PM [100,     4] loss: 0.2147
02/19 06:08:18 PM [100,     8] loss: 0.1180
02/19 06:08:19 PM Accuracy of the network on the validation set: 73.56475 %
02/19 06:08:20 PM [101,     4] loss: 0.1823
02/19 06:08:20 PM [101,     8] loss: 0.1054
02/19 06:08:21 PM Accuracy of the network on the validation set: 77.97063 %
02/19 06:08:22 PM [102,     4] loss: 0.1186
02/19 06:08:22 PM [102,     8] loss: 0.1177
02/19 06:08:23 PM Accuracy of the network on the validation set: 88.76451 %
02/19 06:08:24 PM [103,     4] loss: 0.1067
02/19 06:08:24 PM [103,     8] loss: 0.1019
02/19 06:08:25 PM Accuracy of the network on the validation set: 90.34610 %
02/19 06:08:26 PM [104,     4] loss: 0.0579
02/19 06:08:26 PM [104,     8] loss: 0.0529
02/19 06:08:28 PM Accuracy of the network on the validation set: 94.51576 %
02/19 06:08:28 PM [105,     4] loss: 0.0763
02/19 06:08:28 PM [105,     8] loss: 0.0964
02/19 06:08:30 PM Accuracy of the network on the validation set: 94.04334 %
02/19 06:08:30 PM [106,     4] loss: 0.1049
02/19 06:08:30 PM [106,     8] loss: 0.0785
02/19 06:08:32 PM Accuracy of the network on the validation set: 93.77632 %
02/19 06:08:32 PM [107,     4] loss: 0.1016
02/19 06:08:32 PM [107,     8] loss: 0.0701
02/19 06:08:34 PM Accuracy of the network on the validation set: 87.17264 %
02/19 06:08:34 PM [108,     4] loss: 0.0711
02/19 06:08:34 PM [108,     8] loss: 0.1018
02/19 06:08:36 PM Accuracy of the network on the validation set: 85.77591 %
02/19 06:08:36 PM [109,     4] loss: 0.1034
02/19 06:08:36 PM [109,     8] loss: 0.1124
02/19 06:08:38 PM Accuracy of the network on the validation set: 51.62781 %
02/19 06:08:38 PM [110,     4] loss: 0.1535
02/19 06:08:39 PM [110,     8] loss: 0.1572
02/19 06:08:40 PM Accuracy of the network on the validation set: 77.06686 %
02/19 06:08:41 PM [111,     4] loss: 0.1450
02/19 06:08:41 PM [111,     8] loss: 0.1659
02/19 06:08:42 PM Accuracy of the network on the validation set: 78.60737 %
02/19 06:08:43 PM [112,     4] loss: 0.1001
02/19 06:08:43 PM [112,     8] loss: 0.1602
02/19 06:08:44 PM Accuracy of the network on the validation set: 88.65154 %
02/19 06:08:45 PM [113,     4] loss: 0.1022
02/19 06:08:45 PM [113,     8] loss: 0.1225
02/19 06:08:46 PM Accuracy of the network on the validation set: 71.52100 %
02/19 06:08:47 PM [114,     4] loss: 0.1051
02/19 06:08:47 PM [114,     8] loss: 0.0903
02/19 06:08:49 PM Accuracy of the network on the validation set: 78.52521 %
02/19 06:08:49 PM [115,     4] loss: 0.0787
02/19 06:08:49 PM [115,     8] loss: 0.0661
02/19 06:08:51 PM Accuracy of the network on the validation set: 96.44654 %
02/19 06:08:51 PM new_pred 0.964465
02/19 06:08:51 PM best_pred 0.952552
02/19 06:08:51 PM [116,     4] loss: 0.1080
02/19 06:08:51 PM [116,     8] loss: 0.0730
02/19 06:08:53 PM Accuracy of the network on the validation set: 94.45414 %
02/19 06:08:53 PM [117,     4] loss: 0.0798
02/19 06:08:53 PM [117,     8] loss: 0.0568
02/19 06:08:55 PM Accuracy of the network on the validation set: 95.56332 %
02/19 06:08:55 PM [118,     4] loss: 0.1667
02/19 06:08:55 PM [118,     8] loss: 0.0995
02/19 06:08:57 PM Accuracy of the network on the validation set: 83.39324 %
02/19 06:08:57 PM [119,     4] loss: 0.1514
02/19 06:08:57 PM [119,     8] loss: 0.1012
02/19 06:08:59 PM Accuracy of the network on the validation set: 84.90295 %
02/19 06:08:59 PM [120,     4] loss: 0.0949
02/19 06:08:59 PM [120,     8] loss: 0.1024
02/19 06:09:01 PM Accuracy of the network on the validation set: 94.79306 %
02/19 06:09:01 PM [121,     4] loss: 0.0719
02/19 06:09:02 PM [121,     8] loss: 0.0660
02/19 06:09:03 PM Accuracy of the network on the validation set: 93.74551 %
02/19 06:09:04 PM [122,     4] loss: 0.0811
02/19 06:09:04 PM [122,     8] loss: 0.0779
02/19 06:09:05 PM Accuracy of the network on the validation set: 85.87861 %
02/19 06:09:06 PM [123,     4] loss: 0.0880
02/19 06:09:06 PM [123,     8] loss: 0.1137
02/19 06:09:07 PM Accuracy of the network on the validation set: 85.07754 %
02/19 06:09:08 PM [124,     4] loss: 0.1514
02/19 06:09:08 PM [124,     8] loss: 0.1430
02/19 06:09:10 PM Accuracy of the network on the validation set: 91.20879 %
02/19 06:09:10 PM [125,     4] loss: 0.1738
02/19 06:09:10 PM [125,     8] loss: 0.1103
02/19 06:09:12 PM Accuracy of the network on the validation set: 84.63592 %
02/19 06:09:12 PM [126,     4] loss: 0.1461
02/19 06:09:12 PM [126,     8] loss: 0.0998
02/19 06:09:14 PM Accuracy of the network on the validation set: 87.23426 %
02/19 06:09:14 PM [127,     4] loss: 0.1992
02/19 06:09:14 PM [127,     8] loss: 0.1817
02/19 06:09:16 PM Accuracy of the network on the validation set: 90.60286 %
02/19 06:09:16 PM [128,     4] loss: 0.1189
02/19 06:09:16 PM [128,     8] loss: 0.1271
02/19 06:09:18 PM Accuracy of the network on the validation set: 89.91476 %
02/19 06:09:18 PM [129,     4] loss: 0.0728
02/19 06:09:18 PM [129,     8] loss: 0.1746
02/19 06:09:20 PM Accuracy of the network on the validation set: 77.48793 %
02/19 06:09:20 PM [130,     4] loss: 0.1725
02/19 06:09:21 PM [130,     8] loss: 0.2914
02/19 06:09:22 PM Accuracy of the network on the validation set: 72.23991 %
02/19 06:09:23 PM [131,     4] loss: 0.2028
02/19 06:09:23 PM [131,     8] loss: 0.2590
02/19 06:09:24 PM Accuracy of the network on the validation set: 87.02886 %
02/19 06:09:25 PM [132,     4] loss: 0.1138
02/19 06:09:25 PM [132,     8] loss: 0.1024
02/19 06:09:26 PM Accuracy of the network on the validation set: 94.44387 %
02/19 06:09:27 PM [133,     4] loss: 0.1119
02/19 06:09:27 PM [133,     8] loss: 0.1253
02/19 06:09:29 PM Accuracy of the network on the validation set: 90.66448 %
02/19 06:09:29 PM [134,     4] loss: 0.0940
02/19 06:09:29 PM [134,     8] loss: 0.0666
02/19 06:09:31 PM Accuracy of the network on the validation set: 82.70515 %
02/19 06:09:31 PM [135,     4] loss: 0.0979
02/19 06:09:31 PM [135,     8] loss: 0.0919
02/19 06:09:33 PM Accuracy of the network on the validation set: 95.46061 %
02/19 06:09:33 PM [136,     4] loss: 0.0914
02/19 06:09:33 PM [136,     8] loss: 0.1018
02/19 06:09:35 PM Accuracy of the network on the validation set: 91.05474 %
02/19 06:09:35 PM [137,     4] loss: 0.0722
02/19 06:09:35 PM [137,     8] loss: 0.1507
02/19 06:09:37 PM Accuracy of the network on the validation set: 93.52983 %
02/19 06:09:37 PM [138,     4] loss: 0.0554
02/19 06:09:37 PM [138,     8] loss: 0.0953
02/19 06:09:39 PM Accuracy of the network on the validation set: 96.34384 %
02/19 06:09:40 PM [139,     4] loss: 0.0516
02/19 06:09:40 PM [139,     8] loss: 0.1535
02/19 06:09:41 PM Accuracy of the network on the validation set: 93.96118 %
02/19 06:09:42 PM [140,     4] loss: 0.0607
02/19 06:09:42 PM [140,     8] loss: 0.0766
02/19 06:09:43 PM Accuracy of the network on the validation set: 87.78885 %
02/19 06:09:44 PM [141,     4] loss: 0.0920
02/19 06:09:44 PM [141,     8] loss: 0.0568
02/19 06:09:46 PM Accuracy of the network on the validation set: 85.54996 %
02/19 06:09:46 PM [142,     4] loss: 0.0927
02/19 06:09:46 PM [142,     8] loss: 0.0859
02/19 06:09:48 PM Accuracy of the network on the validation set: 94.27955 %
02/19 06:09:48 PM [143,     4] loss: 0.0777
02/19 06:09:48 PM [143,     8] loss: 0.0711
02/19 06:09:50 PM Accuracy of the network on the validation set: 92.26661 %
02/19 06:09:50 PM [144,     4] loss: 0.0741
02/19 06:09:50 PM [144,     8] loss: 0.0693
02/19 06:09:52 PM Accuracy of the network on the validation set: 90.32556 %
02/19 06:09:52 PM [145,     4] loss: 0.0680
02/19 06:09:52 PM [145,     8] loss: 0.0781
02/19 06:09:54 PM Accuracy of the network on the validation set: 96.07682 %
02/19 06:09:54 PM [146,     4] loss: 0.0618
02/19 06:09:54 PM [146,     8] loss: 0.0385
02/19 06:09:56 PM Accuracy of the network on the validation set: 95.14224 %
02/19 06:09:56 PM [147,     4] loss: 0.0403
02/19 06:09:57 PM [147,     8] loss: 0.1049
02/19 06:09:58 PM Accuracy of the network on the validation set: 89.21639 %
02/19 06:09:59 PM [148,     4] loss: 0.0307
02/19 06:09:59 PM [148,     8] loss: 0.1229
02/19 06:10:00 PM Accuracy of the network on the validation set: 95.29629 %
02/19 06:10:01 PM [149,     4] loss: 0.0417
02/19 06:10:01 PM [149,     8] loss: 0.1166
02/19 06:10:02 PM Accuracy of the network on the validation set: 80.76410 %
02/19 06:10:03 PM [150,     4] loss: 0.0999
02/19 06:10:03 PM [150,     8] loss: 0.0820
02/19 06:10:04 PM Accuracy of the network on the validation set: 85.36510 %
02/19 06:10:05 PM [151,     4] loss: 0.0647
02/19 06:10:05 PM [151,     8] loss: 0.0612
02/19 06:10:07 PM Accuracy of the network on the validation set: 94.46441 %
02/19 06:10:07 PM [152,     4] loss: 0.0696
02/19 06:10:07 PM [152,     8] loss: 0.0803
02/19 06:10:09 PM Accuracy of the network on the validation set: 71.46965 %
02/19 06:10:09 PM [153,     4] loss: 0.0924
02/19 06:10:09 PM [153,     8] loss: 0.1106
02/19 06:10:11 PM Accuracy of the network on the validation set: 93.29362 %
02/19 06:10:11 PM [154,     4] loss: 0.0730
02/19 06:10:11 PM [154,     8] loss: 0.1009
02/19 06:10:13 PM Accuracy of the network on the validation set: 84.86187 %
02/19 06:10:13 PM [155,     4] loss: 0.1218
02/19 06:10:13 PM [155,     8] loss: 0.1836
02/19 06:10:15 PM Accuracy of the network on the validation set: 85.39591 %
02/19 06:10:15 PM [156,     4] loss: 0.0818
02/19 06:10:16 PM [156,     8] loss: 0.0546
02/19 06:10:17 PM Accuracy of the network on the validation set: 93.41686 %
02/19 06:10:18 PM [157,     4] loss: 0.0827
02/19 06:10:18 PM [157,     8] loss: 0.0414
02/19 06:10:19 PM Accuracy of the network on the validation set: 96.09736 %
02/19 06:10:20 PM [158,     4] loss: 0.0666
02/19 06:10:20 PM [158,     8] loss: 0.1029
02/19 06:10:21 PM Accuracy of the network on the validation set: 94.92657 %
02/19 06:10:22 PM [159,     4] loss: 0.0364
02/19 06:10:22 PM [159,     8] loss: 0.1488
02/19 06:10:24 PM Accuracy of the network on the validation set: 95.20386 %
02/19 06:10:24 PM [160,     4] loss: 0.0883
02/19 06:10:24 PM [160,     8] loss: 0.0535
02/19 06:10:26 PM Accuracy of the network on the validation set: 84.71809 %
02/19 06:10:26 PM [161,     4] loss: 0.1270
02/19 06:10:26 PM [161,     8] loss: 0.1038
02/19 06:10:28 PM Accuracy of the network on the validation set: 83.80405 %
02/19 06:10:28 PM [162,     4] loss: 0.1093
02/19 06:10:28 PM [162,     8] loss: 0.0770
02/19 06:10:30 PM Accuracy of the network on the validation set: 94.66982 %
02/19 06:10:30 PM [163,     4] loss: 0.0595
02/19 06:10:30 PM [163,     8] loss: 0.0972
02/19 06:10:32 PM Accuracy of the network on the validation set: 93.86875 %
02/19 06:10:33 PM [164,     4] loss: 0.0712
02/19 06:10:33 PM [164,     8] loss: 0.0665
02/19 06:10:34 PM Accuracy of the network on the validation set: 89.95584 %
02/19 06:10:35 PM [165,     4] loss: 0.0417
02/19 06:10:35 PM [165,     8] loss: 0.0390
02/19 06:10:36 PM Accuracy of the network on the validation set: 94.17685 %
02/19 06:10:37 PM [166,     4] loss: 0.0373
02/19 06:10:37 PM [166,     8] loss: 0.0348
02/19 06:10:39 PM Accuracy of the network on the validation set: 96.88816 %
02/19 06:10:39 PM new_pred 0.968882
02/19 06:10:39 PM best_pred 0.964465
02/19 06:10:39 PM [167,     4] loss: 0.0336
02/19 06:10:39 PM [167,     8] loss: 0.0458
02/19 06:10:41 PM Accuracy of the network on the validation set: 93.43740 %
02/19 06:10:41 PM [168,     4] loss: 0.0332
02/19 06:10:41 PM [168,     8] loss: 0.0599
02/19 06:10:43 PM Accuracy of the network on the validation set: 94.76225 %
02/19 06:10:43 PM [169,     4] loss: 0.0383
02/19 06:10:43 PM [169,     8] loss: 0.0522
02/19 06:10:45 PM Accuracy of the network on the validation set: 90.72610 %
02/19 06:10:45 PM [170,     4] loss: 0.0376
02/19 06:10:45 PM [170,     8] loss: 0.0450
02/19 06:10:47 PM Accuracy of the network on the validation set: 91.59906 %
02/19 06:10:48 PM [171,     4] loss: 0.0408
02/19 06:10:48 PM [171,     8] loss: 0.0496
02/19 06:10:49 PM Accuracy of the network on the validation set: 95.85088 %
02/19 06:10:50 PM [172,     4] loss: 0.0421
02/19 06:10:50 PM [172,     8] loss: 0.0415
02/19 06:10:51 PM Accuracy of the network on the validation set: 95.04981 %
02/19 06:10:52 PM [173,     4] loss: 0.0246
02/19 06:10:52 PM [173,     8] loss: 0.0417
02/19 06:10:53 PM Accuracy of the network on the validation set: 95.03954 %
02/19 06:10:54 PM [174,     4] loss: 0.0371
02/19 06:10:54 PM [174,     8] loss: 0.0386
02/19 06:10:56 PM Accuracy of the network on the validation set: 96.83681 %
02/19 06:10:56 PM [175,     4] loss: 0.0519
02/19 06:10:56 PM [175,     8] loss: 0.0280
02/19 06:10:58 PM Accuracy of the network on the validation set: 92.15364 %
02/19 06:10:58 PM [176,     4] loss: 0.0561
02/19 06:10:58 PM [176,     8] loss: 0.0392
02/19 06:11:00 PM Accuracy of the network on the validation set: 95.68656 %
02/19 06:11:00 PM [177,     4] loss: 0.0546
02/19 06:11:00 PM [177,     8] loss: 0.0401
02/19 06:11:02 PM Accuracy of the network on the validation set: 94.23847 %
02/19 06:11:02 PM [178,     4] loss: 0.0411
02/19 06:11:02 PM [178,     8] loss: 0.0314
02/19 06:11:04 PM Accuracy of the network on the validation set: 93.60173 %
02/19 06:11:04 PM [179,     4] loss: 0.0438
02/19 06:11:04 PM [179,     8] loss: 0.0363
02/19 06:11:06 PM Accuracy of the network on the validation set: 96.78546 %
02/19 06:11:07 PM [180,     4] loss: 0.0454
02/19 06:11:07 PM [180,     8] loss: 0.0280
02/19 06:11:08 PM Accuracy of the network on the validation set: 95.11143 %
02/19 06:11:09 PM [181,     4] loss: 0.0418
02/19 06:11:09 PM [181,     8] loss: 0.0571
02/19 06:11:10 PM Accuracy of the network on the validation set: 94.22820 %
02/19 06:11:11 PM [182,     4] loss: 0.0445
02/19 06:11:11 PM [182,     8] loss: 0.0990
02/19 06:11:12 PM Accuracy of the network on the validation set: 93.56064 %
02/19 06:11:13 PM [183,     4] loss: 0.0372
02/19 06:11:13 PM [183,     8] loss: 0.0638
02/19 06:11:15 PM Accuracy of the network on the validation set: 85.04673 %
02/19 06:11:15 PM [184,     4] loss: 0.0289
02/19 06:11:15 PM [184,     8] loss: 0.0333
02/19 06:11:17 PM Accuracy of the network on the validation set: 94.69036 %
02/19 06:11:17 PM [185,     4] loss: 0.0512
02/19 06:11:17 PM [185,     8] loss: 0.0339
02/19 06:11:19 PM Accuracy of the network on the validation set: 95.64548 %
02/19 06:11:19 PM [186,     4] loss: 0.0492
02/19 06:11:19 PM [186,     8] loss: 0.1397
02/19 06:11:21 PM Accuracy of the network on the validation set: 90.12016 %
02/19 06:11:21 PM [187,     4] loss: 0.1019
02/19 06:11:21 PM [187,     8] loss: 0.0722
02/19 06:11:23 PM Accuracy of the network on the validation set: 84.76944 %
02/19 06:11:23 PM [188,     4] loss: 0.0442
02/19 06:11:23 PM [188,     8] loss: 0.0520
02/19 06:11:25 PM Accuracy of the network on the validation set: 92.24607 %
02/19 06:11:25 PM [189,     4] loss: 0.0267
02/19 06:11:26 PM [189,     8] loss: 0.0657
02/19 06:11:27 PM Accuracy of the network on the validation set: 95.87142 %
02/19 06:11:28 PM [190,     4] loss: 0.1344
02/19 06:11:28 PM [190,     8] loss: 0.1132
02/19 06:11:29 PM Accuracy of the network on the validation set: 92.22553 %
02/19 06:11:30 PM [191,     4] loss: 0.0328
02/19 06:11:30 PM [191,     8] loss: 0.0682
02/19 06:11:31 PM Accuracy of the network on the validation set: 94.90603 %
02/19 06:11:32 PM [192,     4] loss: 0.0597
02/19 06:11:32 PM [192,     8] loss: 0.0252
02/19 06:11:33 PM Accuracy of the network on the validation set: 91.55797 %
02/19 06:11:34 PM [193,     4] loss: 0.0405
02/19 06:11:34 PM [193,     8] loss: 0.0296
02/19 06:11:36 PM Accuracy of the network on the validation set: 96.34384 %
02/19 06:11:36 PM [194,     4] loss: 0.0403
02/19 06:11:36 PM [194,     8] loss: 0.0416
02/19 06:11:38 PM Accuracy of the network on the validation set: 96.53898 %
02/19 06:11:38 PM [195,     4] loss: 0.0329
02/19 06:11:38 PM [195,     8] loss: 0.0318
02/19 06:11:40 PM Accuracy of the network on the validation set: 95.99466 %
02/19 06:11:40 PM [196,     4] loss: 0.0258
02/19 06:11:40 PM [196,     8] loss: 0.0354
02/19 06:11:42 PM Accuracy of the network on the validation set: 95.71737 %
02/19 06:11:42 PM [197,     4] loss: 0.0295
02/19 06:11:42 PM [197,     8] loss: 0.0287
02/19 06:11:44 PM Accuracy of the network on the validation set: 85.89915 %
02/19 06:11:44 PM [198,     4] loss: 0.0368
02/19 06:11:44 PM [198,     8] loss: 0.0404
02/19 06:11:46 PM Accuracy of the network on the validation set: 96.83681 %
02/19 06:11:46 PM [199,     4] loss: 0.0193
02/19 06:11:47 PM [199,     8] loss: 0.0266
02/19 06:11:48 PM Accuracy of the network on the validation set: 96.84708 %
02/19 06:11:49 PM [200,     4] loss: 0.0239
02/19 06:11:49 PM [200,     8] loss: 0.0674
02/19 06:11:50 PM Accuracy of the network on the validation set: 95.27575 %
02/19 06:11:50 PM Finished Training
02/19 06:11:52 PM OA, AA_Mean, Kappa: 0.968882, 0.956097, 0.964501, 
02/19 06:11:52 PM ('AA for each class: ', array([0.79545455, 0.97789241, 0.97461929, 0.96888889, 0.89542484,
       0.95965418, 1.        , 0.99779736, 0.94736842, 0.9219935 ,
       0.98198971, 0.97513321, 0.98461538, 0.99168053, 0.95912807,
       0.96590909]))
time: 429.87892293930054
