torch.Size([10, 9])
Experiment dir : IN-train-model-SSTN-arch-AEAE-20230219-175745-lr0.002-seed1
02/19 05:57:54 PM [1,     4] loss: 2.7430
02/19 05:57:54 PM [1,     8] loss: 2.4676
02/19 05:57:56 PM Accuracy of the network on the validation set: 9.47931 %
02/19 05:57:56 PM new_pred 0.094793
02/19 05:57:56 PM best_pred 0.000000
02/19 05:57:56 PM [2,     4] loss: 2.1629
02/19 05:57:56 PM [2,     8] loss: 2.1152
02/19 05:57:58 PM Accuracy of the network on the validation set: 9.47931 %
02/19 05:57:58 PM [3,     4] loss: 1.9631
02/19 05:57:58 PM [3,     8] loss: 1.9237
02/19 05:58:00 PM Accuracy of the network on the validation set: 28.52008 %
02/19 05:58:00 PM new_pred 0.285201
02/19 05:58:00 PM best_pred 0.094793
02/19 05:58:00 PM [4,     4] loss: 1.7982
02/19 05:58:00 PM [4,     8] loss: 1.7261
02/19 05:58:02 PM Accuracy of the network on the validation set: 31.81678 %
02/19 05:58:02 PM new_pred 0.318168
02/19 05:58:02 PM best_pred 0.285201
02/19 05:58:02 PM [5,     4] loss: 1.6307
02/19 05:58:02 PM [5,     8] loss: 1.5947
02/19 05:58:04 PM Accuracy of the network on the validation set: 46.06142 %
02/19 05:58:04 PM new_pred 0.460614
02/19 05:58:04 PM best_pred 0.318168
02/19 05:58:04 PM [6,     4] loss: 1.4825
02/19 05:58:04 PM [6,     8] loss: 1.4884
02/19 05:58:06 PM Accuracy of the network on the validation set: 56.98881 %
02/19 05:58:06 PM new_pred 0.569888
02/19 05:58:06 PM best_pred 0.460614
02/19 05:58:06 PM [7,     4] loss: 1.3204
02/19 05:58:06 PM [7,     8] loss: 1.3654
02/19 05:58:08 PM Accuracy of the network on the validation set: 60.01849 %
02/19 05:58:08 PM new_pred 0.600185
02/19 05:58:08 PM best_pred 0.569888
02/19 05:58:08 PM [8,     4] loss: 1.3883
02/19 05:58:08 PM [8,     8] loss: 1.2233
02/19 05:58:10 PM Accuracy of the network on the validation set: 61.62062 %
02/19 05:58:10 PM new_pred 0.616206
02/19 05:58:10 PM best_pred 0.600185
02/19 05:58:10 PM [9,     4] loss: 1.2813
02/19 05:58:10 PM [9,     8] loss: 1.2410
02/19 05:58:12 PM Accuracy of the network on the validation set: 63.99302 %
02/19 05:58:12 PM new_pred 0.639930
02/19 05:58:12 PM best_pred 0.616206
02/19 05:58:12 PM [10,     4] loss: 1.1606
02/19 05:58:12 PM [10,     8] loss: 1.0559
02/19 05:58:14 PM Accuracy of the network on the validation set: 68.19349 %
02/19 05:58:14 PM new_pred 0.681935
02/19 05:58:14 PM best_pred 0.639930
02/19 05:58:14 PM [11,     4] loss: 1.1010
02/19 05:58:14 PM [11,     8] loss: 1.0617
02/19 05:58:16 PM Accuracy of the network on the validation set: 69.73400 %
02/19 05:58:16 PM new_pred 0.697340
02/19 05:58:16 PM best_pred 0.681935
02/19 05:58:16 PM [12,     4] loss: 1.0932
02/19 05:58:16 PM [12,     8] loss: 0.9689
02/19 05:58:18 PM Accuracy of the network on the validation set: 71.13074 %
02/19 05:58:18 PM new_pred 0.711307
02/19 05:58:18 PM best_pred 0.697340
02/19 05:58:18 PM [13,     4] loss: 0.9627
02/19 05:58:18 PM [13,     8] loss: 0.9240
02/19 05:58:20 PM Accuracy of the network on the validation set: 78.58683 %
02/19 05:58:20 PM new_pred 0.785868
02/19 05:58:20 PM best_pred 0.711307
02/19 05:58:20 PM [14,     4] loss: 0.9047
02/19 05:58:20 PM [14,     8] loss: 0.8735
02/19 05:58:22 PM Accuracy of the network on the validation set: 78.37116 %
02/19 05:58:22 PM [15,     4] loss: 0.8399
02/19 05:58:22 PM [15,     8] loss: 0.8161
02/19 05:58:24 PM Accuracy of the network on the validation set: 73.26692 %
02/19 05:58:24 PM [16,     4] loss: 0.7864
02/19 05:58:24 PM [16,     8] loss: 0.7304
02/19 05:58:26 PM Accuracy of the network on the validation set: 69.25131 %
02/19 05:58:26 PM [17,     4] loss: 0.8043
02/19 05:58:26 PM [17,     8] loss: 0.7052
02/19 05:58:28 PM Accuracy of the network on the validation set: 57.20448 %
02/19 05:58:28 PM [18,     4] loss: 0.6749
02/19 05:58:28 PM [18,     8] loss: 0.7261
02/19 05:58:30 PM Accuracy of the network on the validation set: 72.84585 %
02/19 05:58:30 PM [19,     4] loss: 0.7020
02/19 05:58:30 PM [19,     8] loss: 0.6549
02/19 05:58:32 PM Accuracy of the network on the validation set: 73.72907 %
02/19 05:58:32 PM [20,     4] loss: 0.6433
02/19 05:58:32 PM [20,     8] loss: 0.5931
02/19 05:58:34 PM Accuracy of the network on the validation set: 80.84626 %
02/19 05:58:34 PM new_pred 0.808463
02/19 05:58:34 PM best_pred 0.785868
02/19 05:58:34 PM [21,     4] loss: 0.6184
02/19 05:58:34 PM [21,     8] loss: 0.6206
02/19 05:58:36 PM Accuracy of the network on the validation set: 81.69868 %
02/19 05:58:36 PM new_pred 0.816987
02/19 05:58:36 PM best_pred 0.808463
02/19 05:58:36 PM [22,     4] loss: 0.5520
02/19 05:58:36 PM [22,     8] loss: 0.5102
02/19 05:58:38 PM Accuracy of the network on the validation set: 82.86947 %
02/19 05:58:38 PM new_pred 0.828695
02/19 05:58:38 PM best_pred 0.816987
02/19 05:58:38 PM [23,     4] loss: 0.5973
02/19 05:58:38 PM [23,     8] loss: 0.5791
02/19 05:58:40 PM Accuracy of the network on the validation set: 58.49851 %
02/19 05:58:40 PM [24,     4] loss: 0.6245
02/19 05:58:40 PM [24,     8] loss: 0.5701
02/19 05:58:42 PM Accuracy of the network on the validation set: 78.86413 %
02/19 05:58:42 PM [25,     4] loss: 0.5455
02/19 05:58:42 PM [25,     8] loss: 0.4869
02/19 05:58:44 PM Accuracy of the network on the validation set: 78.68953 %
02/19 05:58:44 PM [26,     4] loss: 0.4905
02/19 05:58:44 PM [26,     8] loss: 0.4969
02/19 05:58:46 PM Accuracy of the network on the validation set: 85.14943 %
02/19 05:58:46 PM new_pred 0.851494
02/19 05:58:46 PM best_pred 0.828695
02/19 05:58:46 PM [27,     4] loss: 0.5275
02/19 05:58:46 PM [27,     8] loss: 0.4636
02/19 05:58:48 PM Accuracy of the network on the validation set: 75.83445 %
02/19 05:58:48 PM [28,     4] loss: 0.5027
02/19 05:58:48 PM [28,     8] loss: 0.4881
02/19 05:58:50 PM Accuracy of the network on the validation set: 83.77324 %
02/19 05:58:50 PM [29,     4] loss: 0.4067
02/19 05:58:50 PM [29,     8] loss: 0.5180
02/19 05:58:52 PM Accuracy of the network on the validation set: 86.08401 %
02/19 05:58:52 PM new_pred 0.860840
02/19 05:58:52 PM best_pred 0.851494
02/19 05:58:53 PM [30,     4] loss: 0.4779
02/19 05:58:53 PM [30,     8] loss: 0.4146
02/19 05:58:54 PM Accuracy of the network on the validation set: 82.42785 %
02/19 05:58:54 PM [31,     4] loss: 0.3746
02/19 05:58:55 PM [31,     8] loss: 0.4326
02/19 05:58:56 PM Accuracy of the network on the validation set: 87.79912 %
02/19 05:58:56 PM new_pred 0.877991
02/19 05:58:56 PM best_pred 0.860840
02/19 05:58:57 PM [32,     4] loss: 0.3575
02/19 05:58:57 PM [32,     8] loss: 0.3739
02/19 05:58:58 PM Accuracy of the network on the validation set: 86.70022 %
02/19 05:58:59 PM [33,     4] loss: 0.3415
02/19 05:58:59 PM [33,     8] loss: 0.3851
02/19 05:59:00 PM Accuracy of the network on the validation set: 68.53240 %
02/19 05:59:01 PM [34,     4] loss: 0.2998
02/19 05:59:01 PM [34,     8] loss: 0.3572
02/19 05:59:02 PM Accuracy of the network on the validation set: 88.79532 %
02/19 05:59:02 PM new_pred 0.887953
02/19 05:59:02 PM best_pred 0.877991
02/19 05:59:02 PM [35,     4] loss: 0.3366
02/19 05:59:03 PM [35,     8] loss: 0.2935
02/19 05:59:04 PM Accuracy of the network on the validation set: 90.22286 %
02/19 05:59:04 PM new_pred 0.902229
02/19 05:59:04 PM best_pred 0.887953
02/19 05:59:04 PM [36,     4] loss: 0.2557
02/19 05:59:05 PM [36,     8] loss: 0.3471
02/19 05:59:06 PM Accuracy of the network on the validation set: 87.98398 %
02/19 05:59:06 PM [37,     4] loss: 0.3126
02/19 05:59:07 PM [37,     8] loss: 0.3181
02/19 05:59:08 PM Accuracy of the network on the validation set: 79.87060 %
02/19 05:59:08 PM [38,     4] loss: 0.3073
02/19 05:59:09 PM [38,     8] loss: 0.3279
02/19 05:59:10 PM Accuracy of the network on the validation set: 81.82192 %
02/19 05:59:10 PM [39,     4] loss: 0.2594
02/19 05:59:11 PM [39,     8] loss: 0.2590
02/19 05:59:12 PM Accuracy of the network on the validation set: 83.14676 %
02/19 05:59:13 PM [40,     4] loss: 0.3029
02/19 05:59:13 PM [40,     8] loss: 0.2679
02/19 05:59:14 PM Accuracy of the network on the validation set: 84.22512 %
02/19 05:59:15 PM [41,     4] loss: 0.2664
02/19 05:59:15 PM [41,     8] loss: 0.3151
02/19 05:59:16 PM Accuracy of the network on the validation set: 81.80138 %
02/19 05:59:17 PM [42,     4] loss: 0.2106
02/19 05:59:17 PM [42,     8] loss: 0.2766
02/19 05:59:18 PM Accuracy of the network on the validation set: 89.64774 %
02/19 05:59:19 PM [43,     4] loss: 0.2305
02/19 05:59:19 PM [43,     8] loss: 0.2411
02/19 05:59:20 PM Accuracy of the network on the validation set: 87.79912 %
02/19 05:59:21 PM [44,     4] loss: 0.2271
02/19 05:59:21 PM [44,     8] loss: 0.1980
02/19 05:59:22 PM Accuracy of the network on the validation set: 80.70248 %
02/19 05:59:23 PM [45,     4] loss: 0.2169
02/19 05:59:23 PM [45,     8] loss: 0.2778
02/19 05:59:24 PM Accuracy of the network on the validation set: 85.20078 %
02/19 05:59:25 PM [46,     4] loss: 0.2573
02/19 05:59:25 PM [46,     8] loss: 0.1965
02/19 05:59:26 PM Accuracy of the network on the validation set: 87.94290 %
02/19 05:59:27 PM [47,     4] loss: 0.2032
02/19 05:59:27 PM [47,     8] loss: 0.2260
02/19 05:59:28 PM Accuracy of the network on the validation set: 92.06121 %
02/19 05:59:28 PM new_pred 0.920612
02/19 05:59:28 PM best_pred 0.902229
02/19 05:59:29 PM [48,     4] loss: 0.2091
02/19 05:59:29 PM [48,     8] loss: 0.2264
02/19 05:59:30 PM Accuracy of the network on the validation set: 82.77704 %
02/19 05:59:31 PM [49,     4] loss: 0.2153
02/19 05:59:31 PM [49,     8] loss: 0.1644
02/19 05:59:32 PM Accuracy of the network on the validation set: 90.53096 %
02/19 05:59:33 PM [50,     4] loss: 0.2244
02/19 05:59:33 PM [50,     8] loss: 0.2369
02/19 05:59:34 PM Accuracy of the network on the validation set: 89.70936 %
02/19 05:59:35 PM [51,     4] loss: 0.1702
02/19 05:59:35 PM [51,     8] loss: 0.2427
02/19 05:59:36 PM Accuracy of the network on the validation set: 83.55756 %
02/19 05:59:37 PM [52,     4] loss: 0.1850
02/19 05:59:37 PM [52,     8] loss: 0.2039
02/19 05:59:38 PM Accuracy of the network on the validation set: 83.93756 %
02/19 05:59:39 PM [53,     4] loss: 0.2164
02/19 05:59:39 PM [53,     8] loss: 0.1952
02/19 05:59:40 PM Accuracy of the network on the validation set: 76.84092 %
02/19 05:59:41 PM [54,     4] loss: 0.2097
02/19 05:59:41 PM [54,     8] loss: 0.1790
02/19 05:59:42 PM Accuracy of the network on the validation set: 80.36356 %
02/19 05:59:43 PM [55,     4] loss: 0.1730
02/19 05:59:43 PM [55,     8] loss: 0.1931
02/19 05:59:44 PM Accuracy of the network on the validation set: 91.61960 %
02/19 05:59:45 PM [56,     4] loss: 0.1866
02/19 05:59:45 PM [56,     8] loss: 0.1849
02/19 05:59:46 PM Accuracy of the network on the validation set: 87.01859 %
02/19 05:59:47 PM [57,     4] loss: 0.1483
02/19 05:59:47 PM [57,     8] loss: 0.2039
02/19 05:59:48 PM Accuracy of the network on the validation set: 93.85848 %
02/19 05:59:48 PM new_pred 0.938585
02/19 05:59:48 PM best_pred 0.920612
02/19 05:59:49 PM [58,     4] loss: 0.2027
02/19 05:59:49 PM [58,     8] loss: 0.1865
02/19 05:59:51 PM Accuracy of the network on the validation set: 71.59289 %
02/19 05:59:51 PM [59,     4] loss: 0.1757
02/19 05:59:51 PM [59,     8] loss: 0.1662
02/19 05:59:53 PM Accuracy of the network on the validation set: 77.33388 %
02/19 05:59:53 PM [60,     4] loss: 0.1617
02/19 05:59:53 PM [60,     8] loss: 0.2118
02/19 05:59:55 PM Accuracy of the network on the validation set: 84.02999 %
02/19 05:59:55 PM [61,     4] loss: 0.1808
02/19 05:59:55 PM [61,     8] loss: 0.2046
02/19 05:59:57 PM Accuracy of the network on the validation set: 74.54041 %
02/19 05:59:57 PM [62,     4] loss: 0.1802
02/19 05:59:57 PM [62,     8] loss: 0.2243
02/19 05:59:59 PM Accuracy of the network on the validation set: 69.27185 %
02/19 05:59:59 PM [63,     4] loss: 0.2672
02/19 05:59:59 PM [63,     8] loss: 0.1386
02/19 06:00:01 PM Accuracy of the network on the validation set: 68.94321 %
02/19 06:00:01 PM [64,     4] loss: 0.2286
02/19 06:00:01 PM [64,     8] loss: 0.2564
02/19 06:00:03 PM Accuracy of the network on the validation set: 85.45753 %
02/19 06:00:03 PM [65,     4] loss: 0.1981
02/19 06:00:03 PM [65,     8] loss: 0.1670
02/19 06:00:05 PM Accuracy of the network on the validation set: 92.90336 %
02/19 06:00:05 PM [66,     4] loss: 0.1940
02/19 06:00:05 PM [66,     8] loss: 0.1826
02/19 06:00:07 PM Accuracy of the network on the validation set: 86.21752 %
02/19 06:00:07 PM [67,     4] loss: 0.2391
02/19 06:00:07 PM [67,     8] loss: 0.2349
02/19 06:00:09 PM Accuracy of the network on the validation set: 85.21105 %
02/19 06:00:09 PM [68,     4] loss: 0.1914
02/19 06:00:09 PM [68,     8] loss: 0.1785
02/19 06:00:11 PM Accuracy of the network on the validation set: 76.19390 %
02/19 06:00:11 PM [69,     4] loss: 0.1622
02/19 06:00:11 PM [69,     8] loss: 0.1915
02/19 06:00:13 PM Accuracy of the network on the validation set: 91.37311 %
02/19 06:00:13 PM [70,     4] loss: 0.1241
02/19 06:00:13 PM [70,     8] loss: 0.2494
02/19 06:00:15 PM Accuracy of the network on the validation set: 89.70936 %
02/19 06:00:15 PM [71,     4] loss: 0.1069
02/19 06:00:15 PM [71,     8] loss: 0.1450
02/19 06:00:17 PM Accuracy of the network on the validation set: 91.72230 %
02/19 06:00:17 PM [72,     4] loss: 0.1720
02/19 06:00:17 PM [72,     8] loss: 0.0896
02/19 06:00:19 PM Accuracy of the network on the validation set: 93.64281 %
02/19 06:00:19 PM [73,     4] loss: 0.1081
02/19 06:00:19 PM [73,     8] loss: 0.1287
02/19 06:00:21 PM Accuracy of the network on the validation set: 85.64239 %
02/19 06:00:21 PM [74,     4] loss: 0.1233
02/19 06:00:21 PM [74,     8] loss: 0.1637
02/19 06:00:23 PM Accuracy of the network on the validation set: 87.53209 %
02/19 06:00:23 PM [75,     4] loss: 0.1702
02/19 06:00:23 PM [75,     8] loss: 0.1375
02/19 06:00:25 PM Accuracy of the network on the validation set: 93.51956 %
02/19 06:00:25 PM [76,     4] loss: 0.0931
02/19 06:00:25 PM [76,     8] loss: 0.1756
02/19 06:00:27 PM Accuracy of the network on the validation set: 87.59371 %
02/19 06:00:27 PM [77,     4] loss: 0.1477
02/19 06:00:27 PM [77,     8] loss: 0.1066
02/19 06:00:29 PM Accuracy of the network on the validation set: 88.60018 %
02/19 06:00:29 PM [78,     4] loss: 0.1007
02/19 06:00:29 PM [78,     8] loss: 0.2521
02/19 06:00:31 PM Accuracy of the network on the validation set: 91.53743 %
02/19 06:00:31 PM [79,     4] loss: 0.1339
02/19 06:00:31 PM [79,     8] loss: 0.0860
02/19 06:00:33 PM Accuracy of the network on the validation set: 94.60820 %
02/19 06:00:33 PM new_pred 0.946082
02/19 06:00:33 PM best_pred 0.938585
02/19 06:00:33 PM [80,     4] loss: 0.0909
02/19 06:00:33 PM [80,     8] loss: 0.1040
02/19 06:00:35 PM Accuracy of the network on the validation set: 91.86608 %
02/19 06:00:35 PM [81,     4] loss: 0.1240
02/19 06:00:35 PM [81,     8] loss: 0.1111
02/19 06:00:37 PM Accuracy of the network on the validation set: 95.03954 %
02/19 06:00:37 PM new_pred 0.950395
02/19 06:00:37 PM best_pred 0.946082
02/19 06:00:37 PM [82,     4] loss: 0.0811
02/19 06:00:37 PM [82,     8] loss: 0.0808
02/19 06:00:39 PM Accuracy of the network on the validation set: 86.46400 %
02/19 06:00:39 PM [83,     4] loss: 0.0894
02/19 06:00:39 PM [83,     8] loss: 0.0857
02/19 06:00:41 PM Accuracy of the network on the validation set: 95.28602 %
02/19 06:00:41 PM new_pred 0.952860
02/19 06:00:41 PM best_pred 0.950395
02/19 06:00:41 PM [84,     4] loss: 0.0760
02/19 06:00:41 PM [84,     8] loss: 0.0736
02/19 06:00:43 PM Accuracy of the network on the validation set: 92.35904 %
02/19 06:00:43 PM [85,     4] loss: 0.0940
02/19 06:00:43 PM [85,     8] loss: 0.1214
02/19 06:00:45 PM Accuracy of the network on the validation set: 86.78238 %
02/19 06:00:45 PM [86,     4] loss: 0.0666
02/19 06:00:45 PM [86,     8] loss: 0.1039
02/19 06:00:47 PM Accuracy of the network on the validation set: 96.33357 %
02/19 06:00:47 PM new_pred 0.963336
02/19 06:00:47 PM best_pred 0.952860
02/19 06:00:47 PM [87,     4] loss: 0.0840
02/19 06:00:47 PM [87,     8] loss: 0.0756
02/19 06:00:49 PM Accuracy of the network on the validation set: 90.85961 %
02/19 06:00:49 PM [88,     4] loss: 0.1051
02/19 06:00:49 PM [88,     8] loss: 0.0685
02/19 06:00:51 PM Accuracy of the network on the validation set: 93.62227 %
02/19 06:00:51 PM [89,     4] loss: 0.0917
02/19 06:00:51 PM [89,     8] loss: 0.0655
02/19 06:00:53 PM Accuracy of the network on the validation set: 95.09089 %
02/19 06:00:53 PM [90,     4] loss: 0.0926
02/19 06:00:53 PM [90,     8] loss: 0.0670
02/19 06:00:55 PM Accuracy of the network on the validation set: 95.84061 %
02/19 06:00:55 PM [91,     4] loss: 0.0763
02/19 06:00:56 PM [91,     8] loss: 0.0978
02/19 06:00:57 PM Accuracy of the network on the validation set: 95.83034 %
02/19 06:00:57 PM [92,     4] loss: 0.0748
02/19 06:00:57 PM [92,     8] loss: 0.0583
02/19 06:00:59 PM Accuracy of the network on the validation set: 95.16278 %
02/19 06:00:59 PM [93,     4] loss: 0.0716
02/19 06:00:59 PM [93,     8] loss: 0.0473
02/19 06:01:01 PM Accuracy of the network on the validation set: 95.50169 %
02/19 06:01:01 PM [94,     4] loss: 0.0591
02/19 06:01:02 PM [94,     8] loss: 0.0423
02/19 06:01:03 PM Accuracy of the network on the validation set: 96.33357 %
02/19 06:01:04 PM [95,     4] loss: 0.0600
02/19 06:01:04 PM [95,     8] loss: 0.0878
02/19 06:01:05 PM Accuracy of the network on the validation set: 91.54770 %
02/19 06:01:06 PM [96,     4] loss: 0.1462
02/19 06:01:06 PM [96,     8] loss: 0.0881
02/19 06:01:07 PM Accuracy of the network on the validation set: 73.35935 %
02/19 06:01:08 PM [97,     4] loss: 0.2789
02/19 06:01:08 PM [97,     8] loss: 0.5601
02/19 06:01:09 PM Accuracy of the network on the validation set: 64.35247 %
02/19 06:01:10 PM [98,     4] loss: 0.3745
02/19 06:01:10 PM [98,     8] loss: 0.3298
02/19 06:01:11 PM Accuracy of the network on the validation set: 80.34302 %
02/19 06:01:12 PM [99,     4] loss: 0.2690
02/19 06:01:12 PM [99,     8] loss: 0.1698
02/19 06:01:13 PM Accuracy of the network on the validation set: 91.74284 %
02/19 06:01:14 PM [100,     4] loss: 0.1605
02/19 06:01:14 PM [100,     8] loss: 0.2465
02/19 06:01:15 PM Accuracy of the network on the validation set: 81.78084 %
02/19 06:01:16 PM [101,     4] loss: 0.1215
02/19 06:01:16 PM [101,     8] loss: 0.2019
02/19 06:01:17 PM Accuracy of the network on the validation set: 76.21444 %
02/19 06:01:18 PM [102,     4] loss: 0.1298
02/19 06:01:18 PM [102,     8] loss: 0.1261
02/19 06:01:19 PM Accuracy of the network on the validation set: 86.65914 %
02/19 06:01:20 PM [103,     4] loss: 0.1073
02/19 06:01:20 PM [103,     8] loss: 0.1179
02/19 06:01:21 PM Accuracy of the network on the validation set: 90.21259 %
02/19 06:01:22 PM [104,     4] loss: 0.0956
02/19 06:01:22 PM [104,     8] loss: 0.1870
02/19 06:01:23 PM Accuracy of the network on the validation set: 87.73750 %
02/19 06:01:24 PM [105,     4] loss: 0.1560
02/19 06:01:24 PM [105,     8] loss: 0.0941
02/19 06:01:25 PM Accuracy of the network on the validation set: 87.12129 %
02/19 06:01:26 PM [106,     4] loss: 0.1675
02/19 06:01:26 PM [106,     8] loss: 0.1027
02/19 06:01:27 PM Accuracy of the network on the validation set: 93.84821 %
02/19 06:01:28 PM [107,     4] loss: 0.0822
02/19 06:01:28 PM [107,     8] loss: 0.1078
02/19 06:01:29 PM Accuracy of the network on the validation set: 93.96118 %
02/19 06:01:30 PM [108,     4] loss: 0.0858
02/19 06:01:30 PM [108,     8] loss: 0.0710
02/19 06:01:31 PM Accuracy of the network on the validation set: 95.47088 %
02/19 06:01:32 PM [109,     4] loss: 0.0672
02/19 06:01:32 PM [109,     8] loss: 0.0683
02/19 06:01:33 PM Accuracy of the network on the validation set: 95.20386 %
02/19 06:01:34 PM [110,     4] loss: 0.0498
02/19 06:01:34 PM [110,     8] loss: 0.0609
02/19 06:01:35 PM Accuracy of the network on the validation set: 90.86988 %
02/19 06:01:36 PM [111,     4] loss: 0.0696
02/19 06:01:36 PM [111,     8] loss: 0.0578
02/19 06:01:37 PM Accuracy of the network on the validation set: 93.86875 %
02/19 06:01:38 PM [112,     4] loss: 0.0431
02/19 06:01:38 PM [112,     8] loss: 0.0650
02/19 06:01:39 PM Accuracy of the network on the validation set: 95.96385 %
02/19 06:01:40 PM [113,     4] loss: 0.0705
02/19 06:01:40 PM [113,     8] loss: 0.0886
02/19 06:01:42 PM Accuracy of the network on the validation set: 93.74551 %
02/19 06:01:42 PM [114,     4] loss: 0.0749
02/19 06:01:42 PM [114,     8] loss: 0.0964
02/19 06:01:44 PM Accuracy of the network on the validation set: 93.02660 %
02/19 06:01:44 PM [115,     4] loss: 0.0685
02/19 06:01:44 PM [115,     8] loss: 0.0974
02/19 06:01:46 PM Accuracy of the network on the validation set: 94.64928 %
02/19 06:01:46 PM [116,     4] loss: 0.0577
02/19 06:01:46 PM [116,     8] loss: 0.0827
02/19 06:01:48 PM Accuracy of the network on the validation set: 94.76225 %
02/19 06:01:48 PM [117,     4] loss: 0.0832
02/19 06:01:48 PM [117,     8] loss: 0.0797
02/19 06:01:50 PM Accuracy of the network on the validation set: 90.95204 %
02/19 06:01:50 PM [118,     4] loss: 0.0756
02/19 06:01:50 PM [118,     8] loss: 0.0847
02/19 06:01:52 PM Accuracy of the network on the validation set: 94.70063 %
02/19 06:01:52 PM [119,     4] loss: 0.0801
02/19 06:01:52 PM [119,     8] loss: 0.0630
02/19 06:01:54 PM Accuracy of the network on the validation set: 94.86495 %
02/19 06:01:54 PM [120,     4] loss: 0.1019
02/19 06:01:54 PM [120,     8] loss: 0.0552
02/19 06:01:56 PM Accuracy of the network on the validation set: 95.25521 %
02/19 06:01:56 PM [121,     4] loss: 0.0322
02/19 06:01:56 PM [121,     8] loss: 0.0544
02/19 06:01:58 PM Accuracy of the network on the validation set: 96.02547 %
02/19 06:01:58 PM [122,     4] loss: 0.1073
02/19 06:01:58 PM [122,     8] loss: 0.1268
02/19 06:02:00 PM Accuracy of the network on the validation set: 85.34456 %
02/19 06:02:00 PM [123,     4] loss: 0.1897
02/19 06:02:00 PM [123,     8] loss: 0.1800
02/19 06:02:02 PM Accuracy of the network on the validation set: 62.72979 %
02/19 06:02:02 PM [124,     4] loss: 0.1592
02/19 06:02:02 PM [124,     8] loss: 0.1369
02/19 06:02:04 PM Accuracy of the network on the validation set: 82.32515 %
02/19 06:02:04 PM [125,     4] loss: 0.1256
02/19 06:02:05 PM [125,     8] loss: 0.1281
02/19 06:02:06 PM Accuracy of the network on the validation set: 76.76903 %
02/19 06:02:06 PM [126,     4] loss: 0.0936
02/19 06:02:07 PM [126,     8] loss: 0.1597
02/19 06:02:08 PM Accuracy of the network on the validation set: 90.57204 %
02/19 06:02:09 PM [127,     4] loss: 0.0902
02/19 06:02:09 PM [127,     8] loss: 0.1826
02/19 06:02:10 PM Accuracy of the network on the validation set: 91.95851 %
02/19 06:02:11 PM [128,     4] loss: 0.0713
02/19 06:02:11 PM [128,     8] loss: 0.0739
02/19 06:02:12 PM Accuracy of the network on the validation set: 93.03687 %
02/19 06:02:13 PM [129,     4] loss: 0.0735
02/19 06:02:13 PM [129,     8] loss: 0.0757
02/19 06:02:14 PM Accuracy of the network on the validation set: 86.37157 %
02/19 06:02:15 PM [130,     4] loss: 0.0565
02/19 06:02:15 PM [130,     8] loss: 0.0517
02/19 06:02:16 PM Accuracy of the network on the validation set: 95.20386 %
02/19 06:02:17 PM [131,     4] loss: 0.0661
02/19 06:02:17 PM [131,     8] loss: 0.0594
02/19 06:02:18 PM Accuracy of the network on the validation set: 90.50015 %
02/19 06:02:19 PM [132,     4] loss: 0.1153
02/19 06:02:19 PM [132,     8] loss: 0.0816
02/19 06:02:20 PM Accuracy of the network on the validation set: 84.52295 %
02/19 06:02:21 PM [133,     4] loss: 0.1039
02/19 06:02:21 PM [133,     8] loss: 0.0797
02/19 06:02:22 PM Accuracy of the network on the validation set: 93.03687 %
02/19 06:02:23 PM [134,     4] loss: 0.1214
02/19 06:02:23 PM [134,     8] loss: 0.0789
02/19 06:02:24 PM Accuracy of the network on the validation set: 84.42025 %
02/19 06:02:25 PM [135,     4] loss: 0.0514
02/19 06:02:25 PM [135,     8] loss: 0.0823
02/19 06:02:26 PM Accuracy of the network on the validation set: 96.09736 %
02/19 06:02:27 PM [136,     4] loss: 0.0333
02/19 06:02:27 PM [136,     8] loss: 0.0405
02/19 06:02:28 PM Accuracy of the network on the validation set: 91.81473 %
02/19 06:02:29 PM [137,     4] loss: 0.0648
02/19 06:02:29 PM [137,     8] loss: 0.0942
02/19 06:02:31 PM Accuracy of the network on the validation set: 88.00452 %
02/19 06:02:31 PM [138,     4] loss: 0.0675
02/19 06:02:31 PM [138,     8] loss: 0.0639
02/19 06:02:33 PM Accuracy of the network on the validation set: 92.10229 %
02/19 06:02:33 PM [139,     4] loss: 0.0633
02/19 06:02:33 PM [139,     8] loss: 0.0622
02/19 06:02:35 PM Accuracy of the network on the validation set: 93.75578 %
02/19 06:02:35 PM [140,     4] loss: 0.0597
02/19 06:02:35 PM [140,     8] loss: 0.0812
02/19 06:02:37 PM Accuracy of the network on the validation set: 92.24607 %
02/19 06:02:37 PM [141,     4] loss: 0.0923
02/19 06:02:37 PM [141,     8] loss: 0.1351
02/19 06:02:39 PM Accuracy of the network on the validation set: 87.51155 %
02/19 06:02:39 PM [142,     4] loss: 0.1066
02/19 06:02:39 PM [142,     8] loss: 0.1675
02/19 06:02:41 PM Accuracy of the network on the validation set: 88.71316 %
02/19 06:02:41 PM [143,     4] loss: 0.0813
02/19 06:02:41 PM [143,     8] loss: 0.1409
02/19 06:02:43 PM Accuracy of the network on the validation set: 93.71470 %
02/19 06:02:43 PM [144,     4] loss: 0.0868
02/19 06:02:43 PM [144,     8] loss: 0.1171
02/19 06:02:45 PM Accuracy of the network on the validation set: 93.45794 %
02/19 06:02:45 PM [145,     4] loss: 0.0537
02/19 06:02:45 PM [145,     8] loss: 0.0687
02/19 06:02:47 PM Accuracy of the network on the validation set: 93.29362 %
02/19 06:02:47 PM [146,     4] loss: 0.0503
02/19 06:02:47 PM [146,     8] loss: 0.0594
02/19 06:02:49 PM Accuracy of the network on the validation set: 87.32669 %
02/19 06:02:49 PM [147,     4] loss: 0.0460
02/19 06:02:49 PM [147,     8] loss: 0.0415
02/19 06:02:51 PM Accuracy of the network on the validation set: 96.06655 %
02/19 06:02:51 PM [148,     4] loss: 0.0660
02/19 06:02:51 PM [148,     8] loss: 0.0747
02/19 06:02:53 PM Accuracy of the network on the validation set: 74.25285 %
02/19 06:02:53 PM [149,     4] loss: 0.0667
02/19 06:02:53 PM [149,     8] loss: 0.1064
02/19 06:02:55 PM Accuracy of the network on the validation set: 80.97977 %
02/19 06:02:55 PM [150,     4] loss: 0.3788
02/19 06:02:55 PM [150,     8] loss: 0.2041
02/19 06:02:57 PM Accuracy of the network on the validation set: 89.61693 %
02/19 06:02:57 PM [151,     4] loss: 0.1403
02/19 06:02:57 PM [151,     8] loss: 0.1292
02/19 06:02:59 PM Accuracy of the network on the validation set: 78.44305 %
02/19 06:02:59 PM [152,     4] loss: 0.1251
02/19 06:02:59 PM [152,     8] loss: 0.1280
02/19 06:03:01 PM Accuracy of the network on the validation set: 93.07795 %
02/19 06:03:01 PM [153,     4] loss: 0.1345
02/19 06:03:01 PM [153,     8] loss: 0.1417
02/19 06:03:03 PM Accuracy of the network on the validation set: 93.72497 %
02/19 06:03:03 PM [154,     4] loss: 0.0974
02/19 06:03:03 PM [154,     8] loss: 0.0740
02/19 06:03:05 PM Accuracy of the network on the validation set: 90.79799 %
02/19 06:03:05 PM [155,     4] loss: 0.0763
02/19 06:03:05 PM [155,     8] loss: 0.1048
02/19 06:03:07 PM Accuracy of the network on the validation set: 95.06008 %
02/19 06:03:07 PM [156,     4] loss: 0.0346
02/19 06:03:08 PM [156,     8] loss: 0.0960
02/19 06:03:09 PM Accuracy of the network on the validation set: 92.12283 %
02/19 06:03:10 PM [157,     4] loss: 0.0940
02/19 06:03:10 PM [157,     8] loss: 0.1023
02/19 06:03:11 PM Accuracy of the network on the validation set: 90.10989 %
02/19 06:03:12 PM [158,     4] loss: 0.1124
02/19 06:03:12 PM [158,     8] loss: 0.1056
02/19 06:03:13 PM Accuracy of the network on the validation set: 93.09849 %
02/19 06:03:14 PM [159,     4] loss: 0.1083
02/19 06:03:14 PM [159,     8] loss: 0.1270
02/19 06:03:15 PM Accuracy of the network on the validation set: 88.77478 %
02/19 06:03:16 PM [160,     4] loss: 0.0641
02/19 06:03:16 PM [160,     8] loss: 0.1582
02/19 06:03:17 PM Accuracy of the network on the validation set: 78.67926 %
02/19 06:03:18 PM [161,     4] loss: 0.0824
02/19 06:03:18 PM [161,     8] loss: 0.0724
02/19 06:03:19 PM Accuracy of the network on the validation set: 76.85119 %
02/19 06:03:20 PM [162,     4] loss: 0.1091
02/19 06:03:20 PM [162,     8] loss: 0.0840
02/19 06:03:21 PM Accuracy of the network on the validation set: 93.79686 %
02/19 06:03:22 PM [163,     4] loss: 0.0758
02/19 06:03:22 PM [163,     8] loss: 0.2166
02/19 06:03:23 PM Accuracy of the network on the validation set: 78.16576 %
02/19 06:03:24 PM [164,     4] loss: 0.1266
02/19 06:03:24 PM [164,     8] loss: 0.1278
02/19 06:03:25 PM Accuracy of the network on the validation set: 87.48074 %
02/19 06:03:26 PM [165,     4] loss: 0.1062
02/19 06:03:26 PM [165,     8] loss: 0.1016
02/19 06:03:27 PM Accuracy of the network on the validation set: 92.31796 %
02/19 06:03:28 PM [166,     4] loss: 0.0287
02/19 06:03:28 PM [166,     8] loss: 0.0683
02/19 06:03:29 PM Accuracy of the network on the validation set: 95.10116 %
02/19 06:03:30 PM [167,     4] loss: 0.0651
02/19 06:03:30 PM [167,     8] loss: 0.0675
02/19 06:03:32 PM Accuracy of the network on the validation set: 95.98439 %
02/19 06:03:32 PM [168,     4] loss: 0.0458
02/19 06:03:32 PM [168,     8] loss: 0.0428
02/19 06:03:34 PM Accuracy of the network on the validation set: 94.47468 %
02/19 06:03:34 PM [169,     4] loss: 0.0247
02/19 06:03:34 PM [169,     8] loss: 0.0474
02/19 06:03:36 PM Accuracy of the network on the validation set: 96.51843 %
02/19 06:03:36 PM new_pred 0.965184
02/19 06:03:36 PM best_pred 0.963336
02/19 06:03:36 PM [170,     4] loss: 0.0631
02/19 06:03:36 PM [170,     8] loss: 0.0353
02/19 06:03:38 PM Accuracy of the network on the validation set: 95.41953 %
02/19 06:03:38 PM [171,     4] loss: 0.0538
02/19 06:03:38 PM [171,     8] loss: 0.0627
02/19 06:03:40 PM Accuracy of the network on the validation set: 84.80025 %
02/19 06:03:40 PM [172,     4] loss: 0.0493
02/19 06:03:40 PM [172,     8] loss: 0.0532
02/19 06:03:42 PM Accuracy of the network on the validation set: 95.59413 %
02/19 06:03:42 PM [173,     4] loss: 0.0237
02/19 06:03:42 PM [173,     8] loss: 0.0522
02/19 06:03:44 PM Accuracy of the network on the validation set: 88.91856 %
02/19 06:03:44 PM [174,     4] loss: 0.0299
02/19 06:03:44 PM [174,     8] loss: 0.0447
02/19 06:03:46 PM Accuracy of the network on the validation set: 95.06008 %
02/19 06:03:46 PM [175,     4] loss: 0.0619
02/19 06:03:46 PM [175,     8] loss: 0.0646
02/19 06:03:48 PM Accuracy of the network on the validation set: 93.71470 %
02/19 06:03:48 PM [176,     4] loss: 0.0328
02/19 06:03:48 PM [176,     8] loss: 0.0518
02/19 06:03:50 PM Accuracy of the network on the validation set: 88.67208 %
02/19 06:03:50 PM [177,     4] loss: 0.0587
02/19 06:03:50 PM [177,     8] loss: 0.1040
02/19 06:03:52 PM Accuracy of the network on the validation set: 92.57472 %
02/19 06:03:52 PM [178,     4] loss: 0.0862
02/19 06:03:52 PM [178,     8] loss: 0.0356
02/19 06:03:54 PM Accuracy of the network on the validation set: 85.32402 %
02/19 06:03:54 PM [179,     4] loss: 0.0408
02/19 06:03:54 PM [179,     8] loss: 0.0892
02/19 06:03:56 PM Accuracy of the network on the validation set: 94.96765 %
02/19 06:03:56 PM [180,     4] loss: 0.0358
02/19 06:03:56 PM [180,     8] loss: 0.0577
02/19 06:03:58 PM Accuracy of the network on the validation set: 93.69416 %
02/19 06:03:58 PM [181,     4] loss: 0.0372
02/19 06:03:58 PM [181,     8] loss: 0.0411
02/19 06:04:00 PM Accuracy of the network on the validation set: 95.53250 %
02/19 06:04:00 PM [182,     4] loss: 0.0577
02/19 06:04:00 PM [182,     8] loss: 0.0396
02/19 06:04:02 PM Accuracy of the network on the validation set: 95.66602 %
02/19 06:04:02 PM [183,     4] loss: 0.0361
02/19 06:04:02 PM [183,     8] loss: 0.0263
02/19 06:04:04 PM Accuracy of the network on the validation set: 96.70330 %
02/19 06:04:04 PM new_pred 0.967033
02/19 06:04:04 PM best_pred 0.965184
02/19 06:04:04 PM [184,     4] loss: 0.0303
02/19 06:04:04 PM [184,     8] loss: 0.0363
02/19 06:04:06 PM Accuracy of the network on the validation set: 95.60440 %
02/19 06:04:06 PM [185,     4] loss: 0.0637
02/19 06:04:07 PM [185,     8] loss: 0.0688
02/19 06:04:08 PM Accuracy of the network on the validation set: 80.86680 %
02/19 06:04:09 PM [186,     4] loss: 0.0733
02/19 06:04:09 PM [186,     8] loss: 0.0720
02/19 06:04:10 PM Accuracy of the network on the validation set: 93.32443 %
02/19 06:04:11 PM [187,     4] loss: 0.0503
02/19 06:04:11 PM [187,     8] loss: 0.0362
02/19 06:04:12 PM Accuracy of the network on the validation set: 95.54277 %
02/19 06:04:13 PM [188,     4] loss: 0.0330
02/19 06:04:13 PM [188,     8] loss: 0.0656
02/19 06:04:14 PM Accuracy of the network on the validation set: 94.85468 %
02/19 06:04:15 PM [189,     4] loss: 0.0374
02/19 06:04:15 PM [189,     8] loss: 0.0243
02/19 06:04:16 PM Accuracy of the network on the validation set: 96.01520 %
02/19 06:04:17 PM [190,     4] loss: 0.0331
02/19 06:04:17 PM [190,     8] loss: 0.0341
02/19 06:04:18 PM Accuracy of the network on the validation set: 96.66222 %
02/19 06:04:19 PM [191,     4] loss: 0.0149
02/19 06:04:19 PM [191,     8] loss: 0.0181
02/19 06:04:20 PM Accuracy of the network on the validation set: 96.94978 %
02/19 06:04:20 PM new_pred 0.969498
02/19 06:04:20 PM best_pred 0.967033
02/19 06:04:21 PM [192,     4] loss: 0.0265
02/19 06:04:21 PM [192,     8] loss: 0.0197
02/19 06:04:23 PM Accuracy of the network on the validation set: 96.39519 %
02/19 06:04:23 PM [193,     4] loss: 0.0274
02/19 06:04:23 PM [193,     8] loss: 0.0195
02/19 06:04:25 PM Accuracy of the network on the validation set: 96.33357 %
02/19 06:04:25 PM [194,     4] loss: 0.0262
02/19 06:04:25 PM [194,     8] loss: 0.0210
02/19 06:04:27 PM Accuracy of the network on the validation set: 96.79573 %
02/19 06:04:27 PM [195,     4] loss: 0.0287
02/19 06:04:27 PM [195,     8] loss: 0.0584
02/19 06:04:29 PM Accuracy of the network on the validation set: 94.86495 %
02/19 06:04:29 PM [196,     4] loss: 0.0301
02/19 06:04:29 PM [196,     8] loss: 0.0487
02/19 06:04:31 PM Accuracy of the network on the validation set: 89.56557 %
02/19 06:04:31 PM [197,     4] loss: 0.0240
02/19 06:04:31 PM [197,     8] loss: 0.0251
02/19 06:04:33 PM Accuracy of the network on the validation set: 96.08709 %
02/19 06:04:33 PM [198,     4] loss: 0.0310
02/19 06:04:33 PM [198,     8] loss: 0.0190
02/19 06:04:35 PM Accuracy of the network on the validation set: 95.58386 %
02/19 06:04:35 PM [199,     4] loss: 0.0266
02/19 06:04:35 PM [199,     8] loss: 0.0181
02/19 06:04:37 PM Accuracy of the network on the validation set: 92.56444 %
02/19 06:04:37 PM [200,     4] loss: 0.0415
02/19 06:04:37 PM [200,     8] loss: 0.0222
02/19 06:04:39 PM Accuracy of the network on the validation set: 94.53630 %
02/19 06:04:39 PM Finished Training
02/19 06:04:40 PM OA, AA_Mean, Kappa: 0.969498, 0.937198, 0.965215, 
02/19 06:04:40 PM ('AA for each class: ', array([0.65909091, 0.96094326, 0.95177665, 0.99111111, 0.95642702,
       0.99135447, 0.7037037 , 0.99559471, 1.        , 0.93716143,
       0.98799314, 0.95737123, 0.98974359, 0.98918469, 0.92370572,
       1.        ]))
time: 415.601859331131
